Dec 22, 2017 11:09:59 PM org.lemurproject.galago.core.tools.apps.BatchSearch run
INFO: RUNNING: 1 : #combine(#bm25(harmful) #bm25(effects) #bm25(of) #bm25(video) #bm25(games))
Dec 22, 2017 11:10:01 PM org.lemurproject.galago.core.tools.apps.BatchSearch run
INFO: Transformed Query:
#combine:w=1.0(
    #bm25:collectionLength=20696521:documentCount=10774:maximumCount=21:nodeDocumentCount=664:nodeFrequency=1062:w=0.2(
        #lengths:document:part=lengths()
        #counts:harmful:part=postings.porter()
      )
    #bm25:collectionLength=20696521:documentCount=10774:maximumCount=26:nodeDocumentCount=2903:nodeFrequency=5808:w=0.2(
        #lengths:document:part=lengths()
        #counts:effects:part=postings.porter()
      )
    #bm25:collectionLength=20696521:documentCount=10774:maximumCount=306:nodeDocumentCount=10761:nodeFrequency=495312:w=0.2(
        #lengths:document:part=lengths()
        #counts:of:part=postings.porter()
      )
    #bm25:collectionLength=20696521:documentCount=10774:maximumCount=54:nodeDocumentCount=6509:nodeFrequency=12405:w=0.2(
        #lengths:document:part=lengths()
        #counts:video:part=postings.porter()
      )
    #bm25:collectionLength=20696521:documentCount=10774:maximumCount=92:nodeDocumentCount=1809:nodeFrequency=6293:w=0.2(
        #lengths:document:part=lengths()
        #counts:games:part=postings.porter()
      )
  )

Dec 22, 2017 11:10:01 PM org.lemurproject.galago.core.tools.apps.BatchSearch run
INFO: RUNNING: 2 : #combine(#bm25(bike) #bm25(lanes) #bm25(and) #bm25(congestion) #bm25(and) #bm25(pollution))
Dec 22, 2017 11:10:01 PM org.lemurproject.galago.core.tools.apps.BatchSearch run
INFO: Transformed Query:
#combine:0=1.0:1=1.0:2=2.0:3=1.0:4=1.0:w=1.0(
    #bm25:collectionLength=20696521:documentCount=10774:maximumCount=59:nodeDocumentCount=365:nodeFrequency=1085:w=0.16666666666666666(
        #lengths:document:part=lengths()
        #counts:bike:part=postings.porter()
      )
    #bm25:collectionLength=20696521:documentCount=10774:maximumCount=26:nodeDocumentCount=155:nodeFrequency=298:w=0.16666666666666666(
        #lengths:document:part=lengths()
        #counts:lanes:part=postings.porter()
      )
    #bm25:collectionLength=20696521:documentCount=10774:maximumCount=345:nodeDocumentCount=10762:nodeFrequency=650104:w=0.3333333333333333(
        #lengths:document:part=lengths()
        #counts:and:part=postings.porter()
      )
    #bm25:collectionLength=20696521:documentCount=10774:maximumCount=23:nodeDocumentCount=68:nodeFrequency=190:w=0.16666666666666666(
        #lengths:document:part=lengths()
        #counts:congestion:part=postings.porter()
      )
    #bm25:collectionLength=20696521:documentCount=10774:maximumCount=21:nodeDocumentCount=504:nodeFrequency=1068:w=0.16666666666666666(
        #lengths:document:part=lengths()
        #counts:pollution:part=postings.porter()
      )
  )

Dec 22, 2017 11:10:01 PM org.lemurproject.galago.core.tools.apps.BatchSearch run
INFO: RUNNING: 3 : #combine(#bm25(good) #bm25(study) #bm25(habits))
Dec 22, 2017 11:10:01 PM org.lemurproject.galago.core.tools.apps.BatchSearch run
INFO: Transformed Query:
#combine:w=1.0(
    #bm25:collectionLength=20696521:documentCount=10774:maximumCount=42:nodeDocumentCount=7140:nodeFrequency=21747:w=0.3333333333333333(
        #lengths:document:part=lengths()
        #counts:good:part=postings.porter()
      )
    #bm25:collectionLength=20696521:documentCount=10774:maximumCount=31:nodeDocumentCount=4418:nodeFrequency=10876:w=0.3333333333333333(
        #lengths:document:part=lengths()
        #counts:study:part=postings.porter()
      )
    #bm25:collectionLength=20696521:documentCount=10774:maximumCount=54:nodeDocumentCount=629:nodeFrequency=1162:w=0.3333333333333333(
        #lengths:document:part=lengths()
        #counts:habits:part=postings.porter()
      )
  )

Dec 22, 2017 11:10:01 PM org.lemurproject.galago.core.tools.apps.BatchSearch run
INFO: RUNNING: 4 : #combine(#bm25(how) #bm25(to) #bm25(save) #bm25(energy) #bm25(at) #bm25(home))
Dec 22, 2017 11:10:01 PM org.lemurproject.galago.core.tools.apps.BatchSearch run
INFO: Transformed Query:
#combine:w=1.0(
    #bm25:collectionLength=20696521:documentCount=10774:maximumCount=43:nodeDocumentCount=9861:nodeFrequency=59260:w=0.16666666666666666(
        #lengths:document:part=lengths()
        #counts:how:part=postings.porter()
      )
    #bm25:collectionLength=20696521:documentCount=10774:maximumCount=338:nodeDocumentCount=10757:nodeFrequency=600893:w=0.16666666666666666(
        #lengths:document:part=lengths()
        #counts:to:part=postings.porter()
      )
    #bm25:collectionLength=20696521:documentCount=10774:maximumCount=53:nodeDocumentCount=2151:nodeFrequency=4251:w=0.16666666666666666(
        #lengths:document:part=lengths()
        #counts:save:part=postings.porter()
      )
    #bm25:collectionLength=20696521:documentCount=10774:maximumCount=71:nodeDocumentCount=2303:nodeFrequency=7859:w=0.16666666666666666(
        #lengths:document:part=lengths()
        #counts:energy:part=postings.porter()
      )
    #bm25:collectionLength=20696521:documentCount=10774:maximumCount=57:nodeDocumentCount=10552:nodeFrequency=101118:w=0.16666666666666666(
        #lengths:document:part=lengths()
        #counts:at:part=postings.porter()
      )
    #bm25:collectionLength=20696521:documentCount=10774:maximumCount=45:nodeDocumentCount=4420:nodeFrequency=9825:w=0.16666666666666666(
        #lengths:document:part=lengths()
        #counts:home:part=postings.porter()
      )
  )

Dec 22, 2017 11:10:01 PM org.lemurproject.galago.core.tools.apps.BatchSearch run
INFO: RUNNING: 5 : #combine(#bm25(human) #bm25(ignorance))
Dec 22, 2017 11:10:01 PM org.lemurproject.galago.core.tools.apps.BatchSearch run
INFO: Transformed Query:
#combine:w=1.0(
    #bm25:collectionLength=20696521:documentCount=10774:maximumCount=59:nodeDocumentCount=5732:nodeFrequency=19755:w=0.5(
        #lengths:document:part=lengths()
        #counts:human:part=postings.porter()
      )
    #bm25:collectionLength=20696521:documentCount=10774:maximumCount=29:nodeDocumentCount=998:nodeFrequency=1426:w=0.5(
        #lengths:document:part=lengths()
        #counts:ignorance:part=postings.porter()
      )
  )

Dec 22, 2017 11:10:01 PM org.lemurproject.galago.core.tools.apps.BatchSearch run
INFO: RUNNING: 6 : #combine(#bm25(impact) #bm25(of) #bm25(music))
Dec 22, 2017 11:10:01 PM org.lemurproject.galago.core.tools.apps.BatchSearch run
INFO: Transformed Query:
#combine:w=1.0(
    #bm25:collectionLength=20696521:documentCount=10774:maximumCount=31:nodeDocumentCount=2260:nodeFrequency=4185:w=0.3333333333333333(
        #lengths:document:part=lengths()
        #counts:impact:part=postings.porter()
      )
    #bm25:collectionLength=20696521:documentCount=10774:maximumCount=306:nodeDocumentCount=10761:nodeFrequency=495312:w=0.3333333333333333(
        #lengths:document:part=lengths()
        #counts:of:part=postings.porter()
      )
    #bm25:collectionLength=20696521:documentCount=10774:maximumCount=82:nodeDocumentCount=2277:nodeFrequency=10978:w=0.3333333333333333(
        #lengths:document:part=lengths()
        #counts:music:part=postings.porter()
      )
  )

Dec 22, 2017 11:10:02 PM org.lemurproject.galago.core.tools.apps.BatchSearch run
INFO: RUNNING: 7 : #combine(#bm25(procrastination))
Dec 22, 2017 11:10:02 PM org.lemurproject.galago.core.tools.apps.BatchSearch run
INFO: Transformed Query:
#combine:w=1.0(
    #bm25:collectionLength=20696521:documentCount=10774:maximumCount=34:nodeDocumentCount=48:nodeFrequency=201:w=1.0(
        #lengths:document:part=lengths()
        #counts:procrastination:part=postings.porter()
      )
  )

Dec 22, 2017 11:10:02 PM org.lemurproject.galago.core.tools.apps.BatchSearch run
INFO: RUNNING: 8 : #combine(#bm25(climate) #bm25(change))
Dec 22, 2017 11:10:02 PM org.lemurproject.galago.core.tools.apps.BatchSearch run
INFO: Transformed Query:
#combine:w=1.0(
    #bm25:collectionLength=20696521:documentCount=10774:maximumCount=37:nodeDocumentCount=1481:nodeFrequency=3199:w=0.5(
        #lengths:document:part=lengths()
        #counts:climate:part=postings.porter()
      )
    #bm25:collectionLength=20696521:documentCount=10774:maximumCount=57:nodeDocumentCount=7609:nodeFrequency=28366:w=0.5(
        #lengths:document:part=lengths()
        #counts:change:part=postings.porter()
      )
  )

Dec 22, 2017 11:10:02 PM org.lemurproject.galago.core.tools.apps.BatchSearch run
INFO: RUNNING: 9 : #combine(#bm25(basic) #bm25(income))
Dec 22, 2017 11:10:02 PM org.lemurproject.galago.core.tools.apps.BatchSearch run
INFO: Transformed Query:
#combine:w=1.0(
    #bm25:collectionLength=20696521:documentCount=10774:maximumCount=41:nodeDocumentCount=3035:nodeFrequency=6248:w=0.5(
        #lengths:document:part=lengths()
        #counts:basic:part=postings.porter()
      )
    #bm25:collectionLength=20696521:documentCount=10774:maximumCount=55:nodeDocumentCount=678:nodeFrequency=1868:w=0.5(
        #lengths:document:part=lengths()
        #counts:income:part=postings.porter()
      )
  )

Dec 22, 2017 11:10:02 PM org.lemurproject.galago.core.tools.apps.BatchSearch run
INFO: RUNNING: 10 : #combine(#bm25(artificial) #bm25(intelligence) #bm25(smarter) #bm25(than) #bm25(human))
Dec 22, 2017 11:10:02 PM org.lemurproject.galago.core.tools.apps.BatchSearch run
INFO: Transformed Query:
#combine:w=1.0(
    #bm25:collectionLength=20696521:documentCount=10774:maximumCount=17:nodeDocumentCount=517:nodeFrequency=1019:w=0.2(
        #lengths:document:part=lengths()
        #counts:artificial:part=postings.porter()
      )
    #bm25:collectionLength=20696521:documentCount=10774:maximumCount=46:nodeDocumentCount=1160:nodeFrequency=2796:w=0.2(
        #lengths:document:part=lengths()
        #counts:intelligence:part=postings.porter()
      )
    #bm25:collectionLength=20696521:documentCount=10774:maximumCount=11:nodeDocumentCount=291:nodeFrequency=431:w=0.2(
        #lengths:document:part=lengths()
        #counts:smarter:part=postings.porter()
      )
    #bm25:collectionLength=20696521:documentCount=10774:maximumCount=31:nodeDocumentCount=8163:nodeFrequency=24815:w=0.2(
        #lengths:document:part=lengths()
        #counts:than:part=postings.porter()
      )
    #bm25:collectionLength=20696521:documentCount=10774:maximumCount=59:nodeDocumentCount=5732:nodeFrequency=19755:w=0.2(
        #lengths:document:part=lengths()
        #counts:human:part=postings.porter()
      )
  )

Dec 22, 2017 11:10:02 PM org.lemurproject.galago.core.tools.apps.BatchSearch run
INFO: RUNNING: 11 : #combine(#bm25(doodlers) #bm25(behavior))
Dec 22, 2017 11:10:02 PM org.lemurproject.galago.core.tools.apps.BatchSearch run
INFO: Transformed Query:
#combine:w=1.0(
    #bm25:collectionLength=20696521:documentCount=10774:maximumCount=2:nodeDocumentCount=3:nodeFrequency=4:w=0.5(
        #lengths:document:part=lengths()
        #counts:doodlers:part=postings.porter()
      )
    #bm25:collectionLength=20696521:documentCount=10774:maximumCount=31:nodeDocumentCount=1593:nodeFrequency=3671:w=0.5(
        #lengths:document:part=lengths()
        #counts:behavior:part=postings.porter()
      )
  )

Dec 22, 2017 11:10:02 PM org.lemurproject.galago.core.tools.apps.BatchSearch run
INFO: RUNNING: 12 : #combine(#bm25(internet) #bm25(of) #bm25(things) #bm25(evolution))
Dec 22, 2017 11:10:02 PM org.lemurproject.galago.core.tools.apps.BatchSearch run
INFO: Transformed Query:
#combine:w=1.0(
    #bm25:collectionLength=20696521:documentCount=10774:maximumCount=56:nodeDocumentCount=1760:nodeFrequency=4725:w=0.25(
        #lengths:document:part=lengths()
        #counts:internet:part=postings.porter()
      )
    #bm25:collectionLength=20696521:documentCount=10774:maximumCount=306:nodeDocumentCount=10761:nodeFrequency=495312:w=0.25(
        #lengths:document:part=lengths()
        #counts:of:part=postings.porter()
      )
    #bm25:collectionLength=20696521:documentCount=10774:maximumCount=54:nodeDocumentCount=8917:nodeFrequency=50666:w=0.25(
        #lengths:document:part=lengths()
        #counts:things:part=postings.porter()
      )
    #bm25:collectionLength=20696521:documentCount=10774:maximumCount=31:nodeDocumentCount=799:nodeFrequency=1552:w=0.25(
        #lengths:document:part=lengths()
        #counts:evolution:part=postings.porter()
      )
  )

Dec 22, 2017 11:10:02 PM org.lemurproject.galago.core.tools.apps.BatchSearch run
INFO: RUNNING: 13 : #combine(#bm25(the) #bm25(power) #bm25(of) #bm25(women))
Dec 22, 2017 11:10:02 PM org.lemurproject.galago.core.tools.apps.BatchSearch run
INFO: Transformed Query:
#combine:w=1.0(
    #bm25:collectionLength=20696521:documentCount=10774:maximumCount=458:nodeDocumentCount=10767:nodeFrequency=912664:w=0.25(
        #lengths:document:part=lengths()
        #counts:the:part=postings.porter()
      )
    #bm25:collectionLength=20696521:documentCount=10774:maximumCount=79:nodeDocumentCount=4627:nodeFrequency=12341:w=0.25(
        #lengths:document:part=lengths()
        #counts:power:part=postings.porter()
      )
    #bm25:collectionLength=20696521:documentCount=10774:maximumCount=306:nodeDocumentCount=10761:nodeFrequency=495312:w=0.25(
        #lengths:document:part=lengths()
        #counts:of:part=postings.porter()
      )
    #bm25:collectionLength=20696521:documentCount=10774:maximumCount=98:nodeDocumentCount=2337:nodeFrequency=11917:w=0.25(
        #lengths:document:part=lengths()
        #counts:women:part=postings.porter()
      )
  )

Dec 22, 2017 11:10:02 PM org.lemurproject.galago.core.tools.apps.BatchSearch run
INFO: RUNNING: 14 : #combine(#bm25(effect) #bm25(of) #bm25(classical) #bm25(music))
Dec 22, 2017 11:10:02 PM org.lemurproject.galago.core.tools.apps.BatchSearch run
INFO: Transformed Query:
#combine:w=1.0(
    #bm25:collectionLength=20696521:documentCount=10774:maximumCount=26:nodeDocumentCount=2903:nodeFrequency=5808:w=0.25(
        #lengths:document:part=lengths()
        #counts:effect:part=postings.porter()
      )
    #bm25:collectionLength=20696521:documentCount=10774:maximumCount=306:nodeDocumentCount=10761:nodeFrequency=495312:w=0.25(
        #lengths:document:part=lengths()
        #counts:of:part=postings.porter()
      )
    #bm25:collectionLength=20696521:documentCount=10774:maximumCount=37:nodeDocumentCount=716:nodeFrequency=1344:w=0.25(
        #lengths:document:part=lengths()
        #counts:classical:part=postings.porter()
      )
    #bm25:collectionLength=20696521:documentCount=10774:maximumCount=82:nodeDocumentCount=2277:nodeFrequency=10978:w=0.25(
        #lengths:document:part=lengths()
        #counts:music:part=postings.porter()
      )
  )

Dec 22, 2017 11:10:02 PM org.lemurproject.galago.core.tools.apps.BatchSearch run
INFO: RUNNING: 15 : #combine(#bm25(importance) #bm25(of) #bm25(body) #bm25(language))
Dec 22, 2017 11:10:02 PM org.lemurproject.galago.core.tools.apps.BatchSearch run
INFO: Transformed Query:
#combine:w=1.0(
    #bm25:collectionLength=20696521:documentCount=10774:maximumCount=24:nodeDocumentCount=6307:nodeFrequency=16130:w=0.25(
        #lengths:document:part=lengths()
        #counts:importance:part=postings.porter()
      )
    #bm25:collectionLength=20696521:documentCount=10774:maximumCount=306:nodeDocumentCount=10761:nodeFrequency=495312:w=0.25(
        #lengths:document:part=lengths()
        #counts:of:part=postings.porter()
      )
    #bm25:collectionLength=20696521:documentCount=10774:maximumCount=53:nodeDocumentCount=3136:nodeFrequency=9342:w=0.25(
        #lengths:document:part=lengths()
        #counts:body:part=postings.porter()
      )
    #bm25:collectionLength=20696521:documentCount=10774:maximumCount=101:nodeDocumentCount=3953:nodeFrequency=11251:w=0.25(
        #lengths:document:part=lengths()
        #counts:language:part=postings.porter()
      )
  )

Dec 22, 2017 11:10:02 PM org.lemurproject.galago.core.tools.apps.BatchSearch run
INFO: RUNNING: 16 : #combine(#bm25(importance) #bm25(of) #bm25(creativity) #bm25(in) #bm25(schools))
Dec 22, 2017 11:10:02 PM org.lemurproject.galago.core.tools.apps.BatchSearch run
INFO: Transformed Query:
#combine:w=1.0(
    #bm25:collectionLength=20696521:documentCount=10774:maximumCount=24:nodeDocumentCount=6307:nodeFrequency=16130:w=0.2(
        #lengths:document:part=lengths()
        #counts:importance:part=postings.porter()
      )
    #bm25:collectionLength=20696521:documentCount=10774:maximumCount=306:nodeDocumentCount=10761:nodeFrequency=495312:w=0.2(
        #lengths:document:part=lengths()
        #counts:of:part=postings.porter()
      )
    #bm25:collectionLength=20696521:documentCount=10774:maximumCount=44:nodeDocumentCount=2158:nodeFrequency=5403:w=0.2(
        #lengths:document:part=lengths()
        #counts:creativity:part=postings.porter()
      )
    #bm25:collectionLength=20696521:documentCount=10774:maximumCount=186:nodeDocumentCount=10745:nodeFrequency=362410:w=0.2(
        #lengths:document:part=lengths()
        #counts:in:part=postings.porter()
      )
    #bm25:collectionLength=20696521:documentCount=10774:maximumCount=65:nodeDocumentCount=4816:nodeFrequency=17576:w=0.2(
        #lengths:document:part=lengths()
        #counts:schools:part=postings.porter()
      )
  )

Dec 22, 2017 11:10:02 PM org.lemurproject.galago.core.tools.apps.BatchSearch run
INFO: RUNNING: 17 : #combine(#bm25(how) #bm25(to) #bm25(stay) #bm25(calm))
Dec 22, 2017 11:10:02 PM org.lemurproject.galago.core.tools.apps.BatchSearch run
INFO: Transformed Query:
#combine:w=1.0(
    #bm25:collectionLength=20696521:documentCount=10774:maximumCount=43:nodeDocumentCount=9861:nodeFrequency=59260:w=0.25(
        #lengths:document:part=lengths()
        #counts:how:part=postings.porter()
      )
    #bm25:collectionLength=20696521:documentCount=10774:maximumCount=338:nodeDocumentCount=10757:nodeFrequency=600893:w=0.25(
        #lengths:document:part=lengths()
        #counts:to:part=postings.porter()
      )
    #bm25:collectionLength=20696521:documentCount=10774:maximumCount=12:nodeDocumentCount=2673:nodeFrequency=4127:w=0.25(
        #lengths:document:part=lengths()
        #counts:stay:part=postings.porter()
      )
    #bm25:collectionLength=20696521:documentCount=10774:maximumCount=9:nodeDocumentCount=480:nodeFrequency=690:w=0.25(
        #lengths:document:part=lengths()
        #counts:calm:part=postings.porter()
      )
  )

Dec 22, 2017 11:10:02 PM org.lemurproject.galago.core.tools.apps.BatchSearch run
INFO: RUNNING: 18 : #combine(#bm25(how) #bm25(to) #bm25(stay) #bm25(motivated))
Dec 22, 2017 11:10:02 PM org.lemurproject.galago.core.tools.apps.BatchSearch run
INFO: Transformed Query:
#combine:w=1.0(
    #bm25:collectionLength=20696521:documentCount=10774:maximumCount=43:nodeDocumentCount=9861:nodeFrequency=59260:w=0.25(
        #lengths:document:part=lengths()
        #counts:how:part=postings.porter()
      )
    #bm25:collectionLength=20696521:documentCount=10774:maximumCount=338:nodeDocumentCount=10757:nodeFrequency=600893:w=0.25(
        #lengths:document:part=lengths()
        #counts:to:part=postings.porter()
      )
    #bm25:collectionLength=20696521:documentCount=10774:maximumCount=12:nodeDocumentCount=2673:nodeFrequency=4127:w=0.25(
        #lengths:document:part=lengths()
        #counts:stay:part=postings.porter()
      )
    #bm25:collectionLength=20696521:documentCount=10774:maximumCount=25:nodeDocumentCount=1370:nodeFrequency=2453:w=0.25(
        #lengths:document:part=lengths()
        #counts:motivated:part=postings.porter()
      )
  )

Dec 22, 2017 11:10:02 PM org.lemurproject.galago.core.tools.apps.BatchSearch run
INFO: RUNNING: 19 : #combine(#bm25(cute) #bm25(animals))
Dec 22, 2017 11:10:02 PM org.lemurproject.galago.core.tools.apps.BatchSearch run
INFO: Transformed Query:
#combine:w=1.0(
    #bm25:collectionLength=20696521:documentCount=10774:maximumCount=7:nodeDocumentCount=292:nodeFrequency=387:w=0.5(
        #lengths:document:part=lengths()
        #counts:cute:part=postings.porter()
      )
    #bm25:collectionLength=20696521:documentCount=10774:maximumCount=60:nodeDocumentCount=2517:nodeFrequency=7779:w=0.5(
        #lengths:document:part=lengths()
        #counts:animals:part=postings.porter()
      )
  )

Dec 22, 2017 11:10:03 PM org.lemurproject.galago.core.tools.apps.BatchSearch run
INFO: RUNNING: 20 : #combine(#bm25(effects) #bm25(of) #bm25(social) #bm25(media))
Dec 22, 2017 11:10:03 PM org.lemurproject.galago.core.tools.apps.BatchSearch run
INFO: Transformed Query:
#combine:w=1.0(
    #bm25:collectionLength=20696521:documentCount=10774:maximumCount=26:nodeDocumentCount=2903:nodeFrequency=5808:w=0.25(
        #lengths:document:part=lengths()
        #counts:effects:part=postings.porter()
      )
    #bm25:collectionLength=20696521:documentCount=10774:maximumCount=306:nodeDocumentCount=10761:nodeFrequency=495312:w=0.25(
        #lengths:document:part=lengths()
        #counts:of:part=postings.porter()
      )
    #bm25:collectionLength=20696521:documentCount=10774:maximumCount=58:nodeDocumentCount=4248:nodeFrequency=12335:w=0.25(
        #lengths:document:part=lengths()
        #counts:social:part=postings.porter()
      )
    #bm25:collectionLength=20696521:documentCount=10774:maximumCount=44:nodeDocumentCount=2100:nodeFrequency=5047:w=0.25(
        #lengths:document:part=lengths()
        #counts:media:part=postings.porter()
      )
  )

Dec 22, 2017 11:10:03 PM org.lemurproject.galago.core.tools.apps.BatchSearch run
INFO: RUNNING: 21 : #combine(#bm25(what) #bm25(is) #bm25(art))
Dec 22, 2017 11:10:03 PM org.lemurproject.galago.core.tools.apps.BatchSearch run
INFO: Transformed Query:
#combine:w=1.0(
    #bm25:collectionLength=20696521:documentCount=10774:maximumCount=89:nodeDocumentCount=10270:nodeFrequency=116582:w=0.3333333333333333(
        #lengths:document:part=lengths()
        #counts:what:part=postings.porter()
      )
    #bm25:collectionLength=20696521:documentCount=10774:maximumCount=236:nodeDocumentCount=10730:nodeFrequency=288801:w=0.3333333333333333(
        #lengths:document:part=lengths()
        #counts:is:part=postings.porter()
      )
    #bm25:collectionLength=20696521:documentCount=10774:maximumCount=69:nodeDocumentCount=4200:nodeFrequency=9861:w=0.3333333333333333(
        #lengths:document:part=lengths()
        #counts:art:part=postings.porter()
      )
  )

Dec 22, 2017 11:10:03 PM org.lemurproject.galago.core.tools.apps.BatchSearch run
INFO: RUNNING: 22 : #combine(#bm25(disability))
Dec 22, 2017 11:10:03 PM org.lemurproject.galago.core.tools.apps.BatchSearch run
INFO: Transformed Query:
#combine:w=1.0(
    #bm25:collectionLength=20696521:documentCount=10774:maximumCount=55:nodeDocumentCount=570:nodeFrequency=2223:w=1.0(
        #lengths:document:part=lengths()
        #counts:disability:part=postings.porter()
      )
  )

Dec 22, 2017 11:10:03 PM org.lemurproject.galago.core.tools.apps.BatchSearch run
INFO: RUNNING: 23 : #combine(#bm25(rise) #bm25(of) #bm25(terrorism))
Dec 22, 2017 11:10:03 PM org.lemurproject.galago.core.tools.apps.BatchSearch run
INFO: Transformed Query:
#combine:w=1.0(
    #bm25:collectionLength=20696521:documentCount=10774:maximumCount=16:nodeDocumentCount=1236:nodeFrequency=1896:w=0.3333333333333333(
        #lengths:document:part=lengths()
        #counts:rise:part=postings.porter()
      )
    #bm25:collectionLength=20696521:documentCount=10774:maximumCount=306:nodeDocumentCount=10761:nodeFrequency=495312:w=0.3333333333333333(
        #lengths:document:part=lengths()
        #counts:of:part=postings.porter()
      )
    #bm25:collectionLength=20696521:documentCount=10774:maximumCount=23:nodeDocumentCount=372:nodeFrequency=743:w=0.3333333333333333(
        #lengths:document:part=lengths()
        #counts:terrorism:part=postings.porter()
      )
  )

Dec 22, 2017 11:10:03 PM org.lemurproject.galago.core.tools.apps.BatchSearch run
INFO: RUNNING: 24 : #combine(#bm25(why) #bm25(do) #bm25(we) #bm25(exist))
Dec 22, 2017 11:10:03 PM org.lemurproject.galago.core.tools.apps.BatchSearch run
INFO: Transformed Query:
#combine:w=1.0(
    #bm25:collectionLength=20696521:documentCount=10774:maximumCount=29:nodeDocumentCount=7565:nodeFrequency=23414:w=0.25(
        #lengths:document:part=lengths()
        #counts:why:part=postings.porter()
      )
    #bm25:collectionLength=20696521:documentCount=10774:maximumCount=59:nodeDocumentCount=9990:nodeFrequency=94009:w=0.25(
        #lengths:document:part=lengths()
        #counts:do:part=postings.porter()
      )
    #bm25:collectionLength=20696521:documentCount=10774:maximumCount=224:nodeDocumentCount=10325:nodeFrequency=250349:w=0.25(
        #lengths:document:part=lengths()
        #counts:we:part=postings.porter()
      )
    #bm25:collectionLength=20696521:documentCount=10774:maximumCount=38:nodeDocumentCount=3082:nodeFrequency=5388:w=0.25(
        #lengths:document:part=lengths()
        #counts:exist:part=postings.porter()
      )
  )

Dec 22, 2017 11:10:03 PM org.lemurproject.galago.core.tools.apps.BatchSearch run
INFO: RUNNING: 25 : #combine(#bm25(secret) #bm25(to) #bm25(happiness))
Dec 22, 2017 11:10:03 PM org.lemurproject.galago.core.tools.apps.BatchSearch run
INFO: Transformed Query:
#combine:w=1.0(
    #bm25:collectionLength=20696521:documentCount=10774:maximumCount=24:nodeDocumentCount=1258:nodeFrequency=1998:w=0.3333333333333333(
        #lengths:document:part=lengths()
        #counts:secret:part=postings.porter()
      )
    #bm25:collectionLength=20696521:documentCount=10774:maximumCount=338:nodeDocumentCount=10757:nodeFrequency=600893:w=0.3333333333333333(
        #lengths:document:part=lengths()
        #counts:to:part=postings.porter()
      )
    #bm25:collectionLength=20696521:documentCount=10774:maximumCount=63:nodeDocumentCount=2900:nodeFrequency=7606:w=0.3333333333333333(
        #lengths:document:part=lengths()
        #counts:happiness:part=postings.porter()
      )
  )

