Dec 22, 2017 11:10:41 PM org.lemurproject.galago.core.tools.apps.BatchSearch run
INFO: RUNNING: 1 : harmful effects of video games
Dec 22, 2017 11:10:41 PM org.lemurproject.galago.core.tools.apps.BatchSearch run
INFO: Transformed Query:
#combine:0=0.16000000000000003:1=0.16000000000000003:10=0.0125:11=0.0125:12=0.0125:2=0.16000000000000003:3=0.16000000000000003:4=0.16000000000000003:5=0.0375:6=0.0375:7=0.0375:8=0.0375:9=0.0125:w=1.0(
    #bm25:collectionLength=20696521:documentCount=10774:maximumCount=21:nodeDocumentCount=664:nodeFrequency=1062:w=0.16000000000000006(
        #lengths:document:part=lengths()
        #counts:harmful:part=postings.porter()
      )
    #bm25:collectionLength=20696521:documentCount=10774:maximumCount=26:nodeDocumentCount=2903:nodeFrequency=5808:w=0.16000000000000006(
        #lengths:document:part=lengths()
        #counts:effects:part=postings.porter()
      )
    #bm25:collectionLength=20696521:documentCount=10774:maximumCount=306:nodeDocumentCount=10761:nodeFrequency=495312:w=0.16000000000000006(
        #lengths:document:part=lengths()
        #counts:of:part=postings.porter()
      )
    #bm25:collectionLength=20696521:documentCount=10774:maximumCount=54:nodeDocumentCount=6509:nodeFrequency=12405:w=0.16000000000000006(
        #lengths:document:part=lengths()
        #counts:video:part=postings.porter()
      )
    #bm25:collectionLength=20696521:documentCount=10774:maximumCount=92:nodeDocumentCount=1809:nodeFrequency=6293:w=0.16000000000000006(
        #lengths:document:part=lengths()
        #counts:games:part=postings.porter()
      )
    #bm25:collectionLength=20696521:documentCount=10774:maximumCount=2:nodeDocumentCount=18:nodeFrequency=19:w=0.037500000000000006(
        #lengths:document:part=lengths()
        #ordered:1(
            #extents:harmful:part=postings.porter()
            #extents:effects:part=postings.porter()
          )
      )
    #bm25:collectionLength=20696521:documentCount=10774:maximumCount=7:nodeDocumentCount=615:nodeFrequency=784:w=0.037500000000000006(
        #lengths:document:part=lengths()
        #ordered:1(
            #extents:effects:part=postings.porter()
            #extents:of:part=postings.porter()
          )
      )
    #bm25:collectionLength=20696521:documentCount=10774:maximumCount=7:nodeDocumentCount=115:nodeFrequency=172:w=0.037500000000000006(
        #lengths:document:part=lengths()
        #ordered:1(
            #extents:of:part=postings.porter()
            #extents:video:part=postings.porter()
          )
      )
    #bm25:collectionLength=20696521:documentCount=10774:maximumCount=53:nodeDocumentCount=243:nodeFrequency=809:w=0.037500000000000006(
        #lengths:document:part=lengths()
        #ordered:1(
            #extents:video:part=postings.porter()
            #extents:games:part=postings.porter()
          )
      )
    #bm25:collectionLength=20696521:documentCount=10774:maximumCount=2:nodeDocumentCount=25:nodeFrequency=29:w=0.012500000000000002(
        #lengths:document:part=lengths()
        #unordered:8(
            #extents:harmful:part=postings.porter()
            #extents:effects:part=postings.porter()
          )
      )
    #bm25:collectionLength=20696521:documentCount=10774:maximumCount=11:nodeDocumentCount=1463:nodeFrequency=2366:w=0.012500000000000002(
        #lengths:document:part=lengths()
        #unordered:8(
            #extents:effects:part=postings.porter()
            #extents:of:part=postings.porter()
          )
      )
    #bm25:collectionLength=20696521:documentCount=10774:maximumCount=18:nodeDocumentCount=2888:nodeFrequency=4297:w=0.012500000000000002(
        #lengths:document:part=lengths()
        #unordered:8(
            #extents:of:part=postings.porter()
            #extents:video:part=postings.porter()
          )
      )
    #bm25:collectionLength=20696521:documentCount=10774:maximumCount=55:nodeDocumentCount=270:nodeFrequency=950:w=0.012500000000000002(
        #lengths:document:part=lengths()
        #unordered:8(
            #extents:video:part=postings.porter()
            #extents:games:part=postings.porter()
          )
      )
  )

Dec 22, 2017 11:10:41 PM org.lemurproject.galago.core.tools.apps.BatchSearch run
INFO: RUNNING: 2 : bike lanes and congestion and pollution
Dec 22, 2017 11:10:41 PM org.lemurproject.galago.core.tools.apps.BatchSearch run
INFO: Transformed Query:
#combine:0=0.13333333333333333:1=0.13333333333333333:10=0.010000000000000002:11=0.010000000000000002:12=0.010000000000000002:13=0.010000000000000002:14=0.010000000000000002:2=0.26666666666666666:3=0.13333333333333333:4=0.13333333333333333:5=0.03:6=0.03:7=0.03:8=0.03:9=0.03:w=1.0(
    #bm25:collectionLength=20696521:documentCount=10774:maximumCount=59:nodeDocumentCount=365:nodeFrequency=1085:w=0.13333333333333333(
        #lengths:document:part=lengths()
        #counts:bike:part=postings.porter()
      )
    #bm25:collectionLength=20696521:documentCount=10774:maximumCount=26:nodeDocumentCount=155:nodeFrequency=298:w=0.13333333333333333(
        #lengths:document:part=lengths()
        #counts:lanes:part=postings.porter()
      )
    #bm25:collectionLength=20696521:documentCount=10774:maximumCount=345:nodeDocumentCount=10762:nodeFrequency=650104:w=0.26666666666666666(
        #lengths:document:part=lengths()
        #counts:and:part=postings.porter()
      )
    #bm25:collectionLength=20696521:documentCount=10774:maximumCount=23:nodeDocumentCount=68:nodeFrequency=190:w=0.13333333333333333(
        #lengths:document:part=lengths()
        #counts:congestion:part=postings.porter()
      )
    #bm25:collectionLength=20696521:documentCount=10774:maximumCount=21:nodeDocumentCount=504:nodeFrequency=1068:w=0.13333333333333333(
        #lengths:document:part=lengths()
        #counts:pollution:part=postings.porter()
      )
    #bm25:collectionLength=20696521:documentCount=10774:maximumCount=8:nodeDocumentCount=27:nodeFrequency=58:w=0.03(
        #lengths:document:part=lengths()
        #ordered:1(
            #extents:bike:part=postings.porter()
            #extents:lanes:part=postings.porter()
          )
      )
    #bm25:collectionLength=20696521:documentCount=10774:maximumCount=7:nodeDocumentCount=29:nodeFrequency=41:w=0.03(
        #lengths:document:part=lengths()
        #ordered:1(
            #extents:lanes:part=postings.porter()
            #extents:and:part=postings.porter()
          )
      )
    #bm25:collectionLength=20696521:documentCount=10774:maximumCount=1:nodeDocumentCount=6:nodeFrequency=6:w=0.03(
        #lengths:document:part=lengths()
        #ordered:1(
            #extents:and:part=postings.porter()
            #extents:congestion:part=postings.porter()
          )
      )
    #bm25:collectionLength=20696521:documentCount=10774:maximumCount=2:nodeDocumentCount=19:nodeFrequency=21:w=0.03(
        #lengths:document:part=lengths()
        #ordered:1(
            #extents:congestion:part=postings.porter()
            #extents:and:part=postings.porter()
          )
      )
    #bm25:collectionLength=20696521:documentCount=10774:maximumCount=2:nodeDocumentCount=47:nodeFrequency=53:w=0.03(
        #lengths:document:part=lengths()
        #ordered:1(
            #extents:and:part=postings.porter()
            #extents:pollution:part=postings.porter()
          )
      )
    #bm25:collectionLength=20696521:documentCount=10774:maximumCount=10:nodeDocumentCount=28:nodeFrequency=74:w=0.010000000000000002(
        #lengths:document:part=lengths()
        #unordered:8(
            #extents:bike:part=postings.porter()
            #extents:lanes:part=postings.porter()
          )
      )
    #bm25:collectionLength=20696521:documentCount=10774:maximumCount=14:nodeDocumentCount=84:nodeFrequency=144:w=0.010000000000000002(
        #lengths:document:part=lengths()
        #unordered:8(
            #extents:lanes:part=postings.porter()
            #extents:and:part=postings.porter()
          )
      )
    #bm25:collectionLength=20696521:documentCount=10774:maximumCount=10:nodeDocumentCount=46:nodeFrequency=113:w=0.010000000000000002(
        #lengths:document:part=lengths()
        #unordered:8(
            #extents:and:part=postings.porter()
            #extents:congestion:part=postings.porter()
          )
      )
    #bm25:collectionLength=20696521:documentCount=10774:maximumCount=10:nodeDocumentCount=46:nodeFrequency=113:w=0.010000000000000002(
        #lengths:document:part=lengths()
        #unordered:8(
            #extents:congestion:part=postings.porter()
            #extents:and:part=postings.porter()
          )
      )
    #bm25:collectionLength=20696521:documentCount=10774:maximumCount=11:nodeDocumentCount=312:nodeFrequency=567:w=0.010000000000000002(
        #lengths:document:part=lengths()
        #unordered:8(
            #extents:and:part=postings.porter()
            #extents:pollution:part=postings.porter()
          )
      )
  )

Dec 22, 2017 11:10:41 PM org.lemurproject.galago.core.tools.apps.BatchSearch run
INFO: RUNNING: 3 : good study habits
Dec 22, 2017 11:10:41 PM org.lemurproject.galago.core.tools.apps.BatchSearch run
INFO: Transformed Query:
#combine:0=0.26666666666666666:1=0.26666666666666666:2=0.26666666666666666:3=0.075:4=0.075:5=0.025:6=0.025:w=1.0(
    #bm25:collectionLength=20696521:documentCount=10774:maximumCount=42:nodeDocumentCount=7140:nodeFrequency=21747:w=0.26666666666666666(
        #lengths:document:part=lengths()
        #counts:good:part=postings.porter()
      )
    #bm25:collectionLength=20696521:documentCount=10774:maximumCount=31:nodeDocumentCount=4418:nodeFrequency=10876:w=0.26666666666666666(
        #lengths:document:part=lengths()
        #counts:study:part=postings.porter()
      )
    #bm25:collectionLength=20696521:documentCount=10774:maximumCount=54:nodeDocumentCount=629:nodeFrequency=1162:w=0.26666666666666666(
        #lengths:document:part=lengths()
        #counts:habits:part=postings.porter()
      )
    #bm25:collectionLength=20696521:documentCount=10774:maximumCount=1:nodeDocumentCount=12:nodeFrequency=12:w=0.075(
        #lengths:document:part=lengths()
        #ordered:1(
            #extents:good:part=postings.porter()
            #extents:study:part=postings.porter()
          )
      )
    #bm25:collectionLength=20696521:documentCount=10774:maximumCount=1:nodeDocumentCount=1:nodeFrequency=1:w=0.075(
        #lengths:document:part=lengths()
        #ordered:1(
            #extents:study:part=postings.porter()
            #extents:habits:part=postings.porter()
          )
      )
    #bm25:collectionLength=20696521:documentCount=10774:maximumCount=3:nodeDocumentCount=111:nodeFrequency=120:w=0.025(
        #lengths:document:part=lengths()
        #unordered:8(
            #extents:good:part=postings.porter()
            #extents:study:part=postings.porter()
          )
      )
    #bm25:collectionLength=20696521:documentCount=10774:maximumCount=5:nodeDocumentCount=8:nodeFrequency=15:w=0.025(
        #lengths:document:part=lengths()
        #unordered:8(
            #extents:study:part=postings.porter()
            #extents:habits:part=postings.porter()
          )
      )
  )

Dec 22, 2017 11:10:41 PM org.lemurproject.galago.core.tools.apps.BatchSearch run
INFO: RUNNING: 4 : how to save energy at home
Dec 22, 2017 11:10:41 PM org.lemurproject.galago.core.tools.apps.BatchSearch run
INFO: Transformed Query:
#combine:0=0.13333333333333333:1=0.13333333333333333:10=0.03:11=0.010000000000000002:12=0.010000000000000002:13=0.010000000000000002:14=0.010000000000000002:15=0.010000000000000002:2=0.13333333333333333:3=0.13333333333333333:4=0.13333333333333333:5=0.13333333333333333:6=0.03:7=0.03:8=0.03:9=0.03:w=1.0(
    #bm25:collectionLength=20696521:documentCount=10774:maximumCount=43:nodeDocumentCount=9861:nodeFrequency=59260:w=0.13333333333333333(
        #lengths:document:part=lengths()
        #counts:how:part=postings.porter()
      )
    #bm25:collectionLength=20696521:documentCount=10774:maximumCount=338:nodeDocumentCount=10757:nodeFrequency=600893:w=0.13333333333333333(
        #lengths:document:part=lengths()
        #counts:to:part=postings.porter()
      )
    #bm25:collectionLength=20696521:documentCount=10774:maximumCount=53:nodeDocumentCount=2151:nodeFrequency=4251:w=0.13333333333333333(
        #lengths:document:part=lengths()
        #counts:save:part=postings.porter()
      )
    #bm25:collectionLength=20696521:documentCount=10774:maximumCount=71:nodeDocumentCount=2303:nodeFrequency=7859:w=0.13333333333333333(
        #lengths:document:part=lengths()
        #counts:energy:part=postings.porter()
      )
    #bm25:collectionLength=20696521:documentCount=10774:maximumCount=57:nodeDocumentCount=10552:nodeFrequency=101118:w=0.13333333333333333(
        #lengths:document:part=lengths()
        #counts:at:part=postings.porter()
      )
    #bm25:collectionLength=20696521:documentCount=10774:maximumCount=45:nodeDocumentCount=4420:nodeFrequency=9825:w=0.13333333333333333(
        #lengths:document:part=lengths()
        #counts:home:part=postings.porter()
      )
    #bm25:collectionLength=20696521:documentCount=10774:maximumCount=32:nodeDocumentCount=4276:nodeFrequency=8771:w=0.03(
        #lengths:document:part=lengths()
        #ordered:1(
            #extents:how:part=postings.porter()
            #extents:to:part=postings.porter()
          )
      )
    #bm25:collectionLength=20696521:documentCount=10774:maximumCount=12:nodeDocumentCount=668:nodeFrequency=917:w=0.03(
        #lengths:document:part=lengths()
        #ordered:1(
            #extents:to:part=postings.porter()
            #extents:save:part=postings.porter()
          )
      )
    #bm25:collectionLength=20696521:documentCount=10774:maximumCount=4:nodeDocumentCount=35:nodeFrequency=43:w=0.03(
        #lengths:document:part=lengths()
        #ordered:1(
            #extents:save:part=postings.porter()
            #extents:energy:part=postings.porter()
          )
      )
    #bm25:collectionLength=20696521:documentCount=10774:maximumCount=4:nodeDocumentCount=32:nodeFrequency=36:w=0.03(
        #lengths:document:part=lengths()
        #ordered:1(
            #extents:energy:part=postings.porter()
            #extents:at:part=postings.porter()
          )
      )
    #bm25:collectionLength=20696521:documentCount=10774:maximumCount=9:nodeDocumentCount=1219:nodeFrequency=1626:w=0.03(
        #lengths:document:part=lengths()
        #ordered:1(
            #extents:at:part=postings.porter()
            #extents:home:part=postings.porter()
          )
      )
    #bm25:collectionLength=20696521:documentCount=10774:maximumCount=52:nodeDocumentCount=8172:nodeFrequency=31868:w=0.010000000000000002(
        #lengths:document:part=lengths()
        #unordered:8(
            #extents:how:part=postings.porter()
            #extents:to:part=postings.porter()
          )
      )
    #bm25:collectionLength=20696521:documentCount=10774:maximumCount=41:nodeDocumentCount=1156:nodeFrequency=2134:w=0.010000000000000002(
        #lengths:document:part=lengths()
        #unordered:8(
            #extents:to:part=postings.porter()
            #extents:save:part=postings.porter()
          )
      )
    #bm25:collectionLength=20696521:documentCount=10774:maximumCount=7:nodeDocumentCount=99:nodeFrequency=165:w=0.010000000000000002(
        #lengths:document:part=lengths()
        #unordered:8(
            #extents:save:part=postings.porter()
            #extents:energy:part=postings.porter()
          )
      )
    #bm25:collectionLength=20696521:documentCount=10774:maximumCount=13:nodeDocumentCount=272:nodeFrequency=416:w=0.010000000000000002(
        #lengths:document:part=lengths()
        #unordered:8(
            #extents:energy:part=postings.porter()
            #extents:at:part=postings.porter()
          )
      )
    #bm25:collectionLength=20696521:documentCount=10774:maximumCount=14:nodeDocumentCount=1557:nodeFrequency=2311:w=0.010000000000000002(
        #lengths:document:part=lengths()
        #unordered:8(
            #extents:at:part=postings.porter()
            #extents:home:part=postings.porter()
          )
      )
  )

Dec 22, 2017 11:10:42 PM org.lemurproject.galago.core.tools.apps.BatchSearch run
INFO: RUNNING: 5 : human ignorance
Dec 22, 2017 11:10:42 PM org.lemurproject.galago.core.tools.apps.BatchSearch run
INFO: Transformed Query:
#combine:0=0.4:1=0.4:2=0.15:3=0.05:w=1.0(
    #bm25:collectionLength=20696521:documentCount=10774:maximumCount=59:nodeDocumentCount=5732:nodeFrequency=19755:w=0.4(
        #lengths:document:part=lengths()
        #counts:human:part=postings.porter()
      )
    #bm25:collectionLength=20696521:documentCount=10774:maximumCount=29:nodeDocumentCount=998:nodeFrequency=1426:w=0.4(
        #lengths:document:part=lengths()
        #counts:ignorance:part=postings.porter()
      )
    #bm25:collectionLength=20696521:documentCount=10774:maximumCount=0:nodeDocumentCount=0:nodeFrequency=0:w=0.15(
        #lengths:document:part=lengths()
        #ordered:1(
            #extents:human:part=postings.porter()
            #extents:ignorance:part=postings.porter()
          )
      )
    #bm25:collectionLength=20696521:documentCount=10774:maximumCount=2:nodeDocumentCount=29:nodeFrequency=32:w=0.05(
        #lengths:document:part=lengths()
        #unordered:8(
            #extents:human:part=postings.porter()
            #extents:ignorance:part=postings.porter()
          )
      )
  )

Dec 22, 2017 11:10:42 PM org.lemurproject.galago.core.tools.apps.BatchSearch run
INFO: RUNNING: 6 : impact of music
Dec 22, 2017 11:10:42 PM org.lemurproject.galago.core.tools.apps.BatchSearch run
INFO: Transformed Query:
#combine:0=0.26666666666666666:1=0.26666666666666666:2=0.26666666666666666:3=0.075:4=0.075:5=0.025:6=0.025:w=1.0(
    #bm25:collectionLength=20696521:documentCount=10774:maximumCount=31:nodeDocumentCount=2260:nodeFrequency=4185:w=0.26666666666666666(
        #lengths:document:part=lengths()
        #counts:impact:part=postings.porter()
      )
    #bm25:collectionLength=20696521:documentCount=10774:maximumCount=306:nodeDocumentCount=10761:nodeFrequency=495312:w=0.26666666666666666(
        #lengths:document:part=lengths()
        #counts:of:part=postings.porter()
      )
    #bm25:collectionLength=20696521:documentCount=10774:maximumCount=82:nodeDocumentCount=2277:nodeFrequency=10978:w=0.26666666666666666(
        #lengths:document:part=lengths()
        #counts:music:part=postings.porter()
      )
    #bm25:collectionLength=20696521:documentCount=10774:maximumCount=5:nodeDocumentCount=418:nodeFrequency=511:w=0.075(
        #lengths:document:part=lengths()
        #ordered:1(
            #extents:impact:part=postings.porter()
            #extents:of:part=postings.porter()
          )
      )
    #bm25:collectionLength=20696521:documentCount=10774:maximumCount=18:nodeDocumentCount=321:nodeFrequency=666:w=0.075(
        #lengths:document:part=lengths()
        #ordered:1(
            #extents:of:part=postings.porter()
            #extents:music:part=postings.porter()
          )
      )
    #bm25:collectionLength=20696521:documentCount=10774:maximumCount=10:nodeDocumentCount=1116:nodeFrequency=1727:w=0.025(
        #lengths:document:part=lengths()
        #unordered:8(
            #extents:impact:part=postings.porter()
            #extents:of:part=postings.porter()
          )
      )
    #bm25:collectionLength=20696521:documentCount=10774:maximumCount=37:nodeDocumentCount=1058:nodeFrequency=3407:w=0.025(
        #lengths:document:part=lengths()
        #unordered:8(
            #extents:of:part=postings.porter()
            #extents:music:part=postings.porter()
          )
      )
  )

Dec 22, 2017 11:10:42 PM org.lemurproject.galago.core.tools.apps.BatchSearch run
INFO: RUNNING: 7 : procrastination
Dec 22, 2017 11:10:42 PM org.lemurproject.galago.core.tools.apps.BatchSearch run
INFO: Transformed Query:
#combine:w=1.0(
    #bm25:collectionLength=20696521:documentCount=10774:maximumCount=34:nodeDocumentCount=48:nodeFrequency=201:w=1.0(
        #lengths:document:part=lengths()
        #counts:procrastination:part=postings.porter()
      )
  )

Dec 22, 2017 11:10:42 PM org.lemurproject.galago.core.tools.apps.BatchSearch run
INFO: RUNNING: 8 : climate change
Dec 22, 2017 11:10:42 PM org.lemurproject.galago.core.tools.apps.BatchSearch run
INFO: Transformed Query:
#combine:0=0.4:1=0.4:2=0.15:3=0.05:w=1.0(
    #bm25:collectionLength=20696521:documentCount=10774:maximumCount=37:nodeDocumentCount=1481:nodeFrequency=3199:w=0.4(
        #lengths:document:part=lengths()
        #counts:climate:part=postings.porter()
      )
    #bm25:collectionLength=20696521:documentCount=10774:maximumCount=57:nodeDocumentCount=7609:nodeFrequency=28366:w=0.4(
        #lengths:document:part=lengths()
        #counts:change:part=postings.porter()
      )
    #bm25:collectionLength=20696521:documentCount=10774:maximumCount=23:nodeDocumentCount=1239:nodeFrequency=2091:w=0.15(
        #lengths:document:part=lengths()
        #ordered:1(
            #extents:climate:part=postings.porter()
            #extents:change:part=postings.porter()
          )
      )
    #bm25:collectionLength=20696521:documentCount=10774:maximumCount=25:nodeDocumentCount=1261:nodeFrequency=2269:w=0.05(
        #lengths:document:part=lengths()
        #unordered:8(
            #extents:climate:part=postings.porter()
            #extents:change:part=postings.porter()
          )
      )
  )

Dec 22, 2017 11:10:42 PM org.lemurproject.galago.core.tools.apps.BatchSearch run
INFO: RUNNING: 9 : basic income
Dec 22, 2017 11:10:42 PM org.lemurproject.galago.core.tools.apps.BatchSearch run
INFO: Transformed Query:
#combine:0=0.4:1=0.4:2=0.15:3=0.05:w=1.0(
    #bm25:collectionLength=20696521:documentCount=10774:maximumCount=41:nodeDocumentCount=3035:nodeFrequency=6248:w=0.4(
        #lengths:document:part=lengths()
        #counts:basic:part=postings.porter()
      )
    #bm25:collectionLength=20696521:documentCount=10774:maximumCount=55:nodeDocumentCount=678:nodeFrequency=1868:w=0.4(
        #lengths:document:part=lengths()
        #counts:income:part=postings.porter()
      )
    #bm25:collectionLength=20696521:documentCount=10774:maximumCount=39:nodeDocumentCount=32:nodeFrequency=384:w=0.15(
        #lengths:document:part=lengths()
        #ordered:1(
            #extents:basic:part=postings.porter()
            #extents:income:part=postings.porter()
          )
      )
    #bm25:collectionLength=20696521:documentCount=10774:maximumCount=43:nodeDocumentCount=44:nodeFrequency=434:w=0.05(
        #lengths:document:part=lengths()
        #unordered:8(
            #extents:basic:part=postings.porter()
            #extents:income:part=postings.porter()
          )
      )
  )

Dec 22, 2017 11:10:42 PM org.lemurproject.galago.core.tools.apps.BatchSearch run
INFO: RUNNING: 10 : artificial intelligence smarter than human
Dec 22, 2017 11:10:42 PM org.lemurproject.galago.core.tools.apps.BatchSearch run
INFO: Transformed Query:
#combine:0=0.16000000000000003:1=0.16000000000000003:10=0.0125:11=0.0125:12=0.0125:2=0.16000000000000003:3=0.16000000000000003:4=0.16000000000000003:5=0.0375:6=0.0375:7=0.0375:8=0.0375:9=0.0125:w=1.0(
    #bm25:collectionLength=20696521:documentCount=10774:maximumCount=17:nodeDocumentCount=517:nodeFrequency=1019:w=0.16000000000000006(
        #lengths:document:part=lengths()
        #counts:artificial:part=postings.porter()
      )
    #bm25:collectionLength=20696521:documentCount=10774:maximumCount=46:nodeDocumentCount=1160:nodeFrequency=2796:w=0.16000000000000006(
        #lengths:document:part=lengths()
        #counts:intelligence:part=postings.porter()
      )
    #bm25:collectionLength=20696521:documentCount=10774:maximumCount=11:nodeDocumentCount=291:nodeFrequency=431:w=0.16000000000000006(
        #lengths:document:part=lengths()
        #counts:smarter:part=postings.porter()
      )
    #bm25:collectionLength=20696521:documentCount=10774:maximumCount=31:nodeDocumentCount=8163:nodeFrequency=24815:w=0.16000000000000006(
        #lengths:document:part=lengths()
        #counts:than:part=postings.porter()
      )
    #bm25:collectionLength=20696521:documentCount=10774:maximumCount=59:nodeDocumentCount=5732:nodeFrequency=19755:w=0.16000000000000006(
        #lengths:document:part=lengths()
        #counts:human:part=postings.porter()
      )
    #bm25:collectionLength=20696521:documentCount=10774:maximumCount=12:nodeDocumentCount=204:nodeFrequency=417:w=0.037500000000000006(
        #lengths:document:part=lengths()
        #ordered:1(
            #extents:artificial:part=postings.porter()
            #extents:intelligence:part=postings.porter()
          )
      )
    #bm25:collectionLength=20696521:documentCount=10774:maximumCount=0:nodeDocumentCount=0:nodeFrequency=0:w=0.037500000000000006(
        #lengths:document:part=lengths()
        #ordered:1(
            #extents:intelligence:part=postings.porter()
            #extents:smarter:part=postings.porter()
          )
      )
    #bm25:collectionLength=20696521:documentCount=10774:maximumCount=3:nodeDocumentCount=87:nodeFrequency=102:w=0.037500000000000006(
        #lengths:document:part=lengths()
        #ordered:1(
            #extents:smarter:part=postings.porter()
            #extents:than:part=postings.porter()
          )
      )
    #bm25:collectionLength=20696521:documentCount=10774:maximumCount=2:nodeDocumentCount=61:nodeFrequency=66:w=0.037500000000000006(
        #lengths:document:part=lengths()
        #ordered:1(
            #extents:than:part=postings.porter()
            #extents:human:part=postings.porter()
          )
      )
    #bm25:collectionLength=20696521:documentCount=10774:maximumCount=12:nodeDocumentCount=205:nodeFrequency=450:w=0.012500000000000002(
        #lengths:document:part=lengths()
        #unordered:8(
            #extents:artificial:part=postings.porter()
            #extents:intelligence:part=postings.porter()
          )
      )
    #bm25:collectionLength=20696521:documentCount=10774:maximumCount=2:nodeDocumentCount=15:nodeFrequency=16:w=0.012500000000000002(
        #lengths:document:part=lengths()
        #unordered:8(
            #extents:intelligence:part=postings.porter()
            #extents:smarter:part=postings.porter()
          )
      )
    #bm25:collectionLength=20696521:documentCount=10774:maximumCount=3:nodeDocumentCount=101:nodeFrequency=121:w=0.012500000000000002(
        #lengths:document:part=lengths()
        #unordered:8(
            #extents:smarter:part=postings.porter()
            #extents:than:part=postings.porter()
          )
      )
    #bm25:collectionLength=20696521:documentCount=10774:maximumCount=7:nodeDocumentCount=423:nodeFrequency=513:w=0.012500000000000002(
        #lengths:document:part=lengths()
        #unordered:8(
            #extents:than:part=postings.porter()
            #extents:human:part=postings.porter()
          )
      )
  )

Dec 22, 2017 11:10:42 PM org.lemurproject.galago.core.tools.apps.BatchSearch run
INFO: RUNNING: 11 : doodlers behavior
Dec 22, 2017 11:10:42 PM org.lemurproject.galago.core.tools.apps.BatchSearch run
INFO: Transformed Query:
#combine:0=0.4:1=0.4:2=0.15:3=0.05:w=1.0(
    #bm25:collectionLength=20696521:documentCount=10774:maximumCount=2:nodeDocumentCount=3:nodeFrequency=4:w=0.4(
        #lengths:document:part=lengths()
        #counts:doodlers:part=postings.porter()
      )
    #bm25:collectionLength=20696521:documentCount=10774:maximumCount=31:nodeDocumentCount=1593:nodeFrequency=3671:w=0.4(
        #lengths:document:part=lengths()
        #counts:behavior:part=postings.porter()
      )
    #bm25:collectionLength=20696521:documentCount=10774:maximumCount=0:nodeDocumentCount=0:nodeFrequency=0:w=0.15(
        #lengths:document:part=lengths()
        #ordered:1(
            #extents:doodlers:part=postings.porter()
            #extents:behavior:part=postings.porter()
          )
      )
    #bm25:collectionLength=20696521:documentCount=10774:maximumCount=0:nodeDocumentCount=0:nodeFrequency=0:w=0.05(
        #lengths:document:part=lengths()
        #unordered:8(
            #extents:doodlers:part=postings.porter()
            #extents:behavior:part=postings.porter()
          )
      )
  )

Dec 22, 2017 11:10:42 PM org.lemurproject.galago.core.tools.apps.BatchSearch run
INFO: RUNNING: 12 : internet of things evolution
Dec 22, 2017 11:10:42 PM org.lemurproject.galago.core.tools.apps.BatchSearch run
INFO: Transformed Query:
#combine:0=0.2:1=0.2:2=0.2:3=0.2:4=0.049999999999999996:5=0.049999999999999996:6=0.049999999999999996:7=0.016666666666666666:8=0.016666666666666666:9=0.016666666666666666:w=1.0(
    #bm25:collectionLength=20696521:documentCount=10774:maximumCount=56:nodeDocumentCount=1760:nodeFrequency=4725:w=0.19999999999999996(
        #lengths:document:part=lengths()
        #counts:internet:part=postings.porter()
      )
    #bm25:collectionLength=20696521:documentCount=10774:maximumCount=306:nodeDocumentCount=10761:nodeFrequency=495312:w=0.19999999999999996(
        #lengths:document:part=lengths()
        #counts:of:part=postings.porter()
      )
    #bm25:collectionLength=20696521:documentCount=10774:maximumCount=54:nodeDocumentCount=8917:nodeFrequency=50666:w=0.19999999999999996(
        #lengths:document:part=lengths()
        #counts:things:part=postings.porter()
      )
    #bm25:collectionLength=20696521:documentCount=10774:maximumCount=31:nodeDocumentCount=799:nodeFrequency=1552:w=0.19999999999999996(
        #lengths:document:part=lengths()
        #counts:evolution:part=postings.porter()
      )
    #bm25:collectionLength=20696521:documentCount=10774:maximumCount=9:nodeDocumentCount=61:nodeFrequency=121:w=0.04999999999999998(
        #lengths:document:part=lengths()
        #ordered:1(
            #extents:internet:part=postings.porter()
            #extents:of:part=postings.porter()
          )
      )
    #bm25:collectionLength=20696521:documentCount=10774:maximumCount=8:nodeDocumentCount=1850:nodeFrequency=2640:w=0.04999999999999998(
        #lengths:document:part=lengths()
        #ordered:1(
            #extents:of:part=postings.porter()
            #extents:things:part=postings.porter()
          )
      )
    #bm25:collectionLength=20696521:documentCount=10774:maximumCount=0:nodeDocumentCount=0:nodeFrequency=0:w=0.04999999999999998(
        #lengths:document:part=lengths()
        #ordered:1(
            #extents:things:part=postings.porter()
            #extents:evolution:part=postings.porter()
          )
      )
    #bm25:collectionLength=20696521:documentCount=10774:maximumCount=24:nodeDocumentCount=742:nodeFrequency=1641:w=0.016666666666666663(
        #lengths:document:part=lengths()
        #unordered:8(
            #extents:internet:part=postings.porter()
            #extents:of:part=postings.porter()
          )
      )
    #bm25:collectionLength=20696521:documentCount=10774:maximumCount=29:nodeDocumentCount=5888:nodeFrequency=16420:w=0.016666666666666663(
        #lengths:document:part=lengths()
        #unordered:8(
            #extents:of:part=postings.porter()
            #extents:things:part=postings.porter()
          )
      )
    #bm25:collectionLength=20696521:documentCount=10774:maximumCount=4:nodeDocumentCount=35:nodeFrequency=48:w=0.016666666666666663(
        #lengths:document:part=lengths()
        #unordered:8(
            #extents:things:part=postings.porter()
            #extents:evolution:part=postings.porter()
          )
      )
  )

Dec 22, 2017 11:10:42 PM org.lemurproject.galago.core.tools.apps.BatchSearch run
INFO: RUNNING: 13 : the power of women
Dec 22, 2017 11:10:42 PM org.lemurproject.galago.core.tools.apps.BatchSearch run
INFO: Transformed Query:
#combine:0=0.2:1=0.2:2=0.2:3=0.2:4=0.049999999999999996:5=0.049999999999999996:6=0.049999999999999996:7=0.016666666666666666:8=0.016666666666666666:9=0.016666666666666666:w=1.0(
    #bm25:collectionLength=20696521:documentCount=10774:maximumCount=458:nodeDocumentCount=10767:nodeFrequency=912664:w=0.19999999999999996(
        #lengths:document:part=lengths()
        #counts:the:part=postings.porter()
      )
    #bm25:collectionLength=20696521:documentCount=10774:maximumCount=79:nodeDocumentCount=4627:nodeFrequency=12341:w=0.19999999999999996(
        #lengths:document:part=lengths()
        #counts:power:part=postings.porter()
      )
    #bm25:collectionLength=20696521:documentCount=10774:maximumCount=306:nodeDocumentCount=10761:nodeFrequency=495312:w=0.19999999999999996(
        #lengths:document:part=lengths()
        #counts:of:part=postings.porter()
      )
    #bm25:collectionLength=20696521:documentCount=10774:maximumCount=98:nodeDocumentCount=2337:nodeFrequency=11917:w=0.19999999999999996(
        #lengths:document:part=lengths()
        #counts:women:part=postings.porter()
      )
    #bm25:collectionLength=20696521:documentCount=10774:maximumCount=14:nodeDocumentCount=1751:nodeFrequency=2768:w=0.04999999999999998(
        #lengths:document:part=lengths()
        #ordered:1(
            #extents:the:part=postings.porter()
            #extents:power:part=postings.porter()
          )
      )
    #bm25:collectionLength=20696521:documentCount=10774:maximumCount=17:nodeDocumentCount=1345:nodeFrequency=2007:w=0.04999999999999998(
        #lengths:document:part=lengths()
        #ordered:1(
            #extents:power:part=postings.porter()
            #extents:of:part=postings.porter()
          )
      )
    #bm25:collectionLength=20696521:documentCount=10774:maximumCount=15:nodeDocumentCount=490:nodeFrequency=887:w=0.04999999999999998(
        #lengths:document:part=lengths()
        #ordered:1(
            #extents:of:part=postings.porter()
            #extents:women:part=postings.porter()
          )
      )
    #bm25:collectionLength=20696521:documentCount=10774:maximumCount=76:nodeDocumentCount=3437:nodeFrequency=9834:w=0.016666666666666663(
        #lengths:document:part=lengths()
        #unordered:8(
            #extents:the:part=postings.porter()
            #extents:power:part=postings.porter()
          )
      )
    #bm25:collectionLength=20696521:documentCount=10774:maximumCount=38:nodeDocumentCount=2761:nodeFrequency=5916:w=0.016666666666666663(
        #lengths:document:part=lengths()
        #unordered:8(
            #extents:power:part=postings.porter()
            #extents:of:part=postings.porter()
          )
      )
    #bm25:collectionLength=20696521:documentCount=10774:maximumCount=38:nodeDocumentCount=1334:nodeFrequency=4650:w=0.016666666666666663(
        #lengths:document:part=lengths()
        #unordered:8(
            #extents:of:part=postings.porter()
            #extents:women:part=postings.porter()
          )
      )
  )

Dec 22, 2017 11:10:42 PM org.lemurproject.galago.core.tools.apps.BatchSearch run
INFO: RUNNING: 14 : effect of classical music
Dec 22, 2017 11:10:43 PM org.lemurproject.galago.core.tools.apps.BatchSearch run
INFO: Transformed Query:
#combine:0=0.2:1=0.2:2=0.2:3=0.2:4=0.049999999999999996:5=0.049999999999999996:6=0.049999999999999996:7=0.016666666666666666:8=0.016666666666666666:9=0.016666666666666666:w=1.0(
    #bm25:collectionLength=20696521:documentCount=10774:maximumCount=26:nodeDocumentCount=2903:nodeFrequency=5808:w=0.19999999999999996(
        #lengths:document:part=lengths()
        #counts:effect:part=postings.porter()
      )
    #bm25:collectionLength=20696521:documentCount=10774:maximumCount=306:nodeDocumentCount=10761:nodeFrequency=495312:w=0.19999999999999996(
        #lengths:document:part=lengths()
        #counts:of:part=postings.porter()
      )
    #bm25:collectionLength=20696521:documentCount=10774:maximumCount=37:nodeDocumentCount=716:nodeFrequency=1344:w=0.19999999999999996(
        #lengths:document:part=lengths()
        #counts:classical:part=postings.porter()
      )
    #bm25:collectionLength=20696521:documentCount=10774:maximumCount=82:nodeDocumentCount=2277:nodeFrequency=10978:w=0.19999999999999996(
        #lengths:document:part=lengths()
        #counts:music:part=postings.porter()
      )
    #bm25:collectionLength=20696521:documentCount=10774:maximumCount=7:nodeDocumentCount=615:nodeFrequency=784:w=0.04999999999999998(
        #lengths:document:part=lengths()
        #ordered:1(
            #extents:effect:part=postings.porter()
            #extents:of:part=postings.porter()
          )
      )
    #bm25:collectionLength=20696521:documentCount=10774:maximumCount=4:nodeDocumentCount=51:nodeFrequency=63:w=0.04999999999999998(
        #lengths:document:part=lengths()
        #ordered:1(
            #extents:of:part=postings.porter()
            #extents:classical:part=postings.porter()
          )
      )
    #bm25:collectionLength=20696521:documentCount=10774:maximumCount=32:nodeDocumentCount=100:nodeFrequency=324:w=0.04999999999999998(
        #lengths:document:part=lengths()
        #ordered:1(
            #extents:classical:part=postings.porter()
            #extents:music:part=postings.porter()
          )
      )
    #bm25:collectionLength=20696521:documentCount=10774:maximumCount=11:nodeDocumentCount=1463:nodeFrequency=2366:w=0.016666666666666663(
        #lengths:document:part=lengths()
        #unordered:8(
            #extents:effect:part=postings.porter()
            #extents:of:part=postings.porter()
          )
      )
    #bm25:collectionLength=20696521:documentCount=10774:maximumCount=13:nodeDocumentCount=330:nodeFrequency=531:w=0.016666666666666663(
        #lengths:document:part=lengths()
        #unordered:8(
            #extents:of:part=postings.porter()
            #extents:classical:part=postings.porter()
          )
      )
    #bm25:collectionLength=20696521:documentCount=10774:maximumCount=34:nodeDocumentCount=119:nodeFrequency=428:w=0.016666666666666663(
        #lengths:document:part=lengths()
        #unordered:8(
            #extents:classical:part=postings.porter()
            #extents:music:part=postings.porter()
          )
      )
  )

Dec 22, 2017 11:10:43 PM org.lemurproject.galago.core.tools.apps.BatchSearch run
INFO: RUNNING: 15 : importance of body language
Dec 22, 2017 11:10:43 PM org.lemurproject.galago.core.tools.apps.BatchSearch run
INFO: Transformed Query:
#combine:0=0.2:1=0.2:2=0.2:3=0.2:4=0.049999999999999996:5=0.049999999999999996:6=0.049999999999999996:7=0.016666666666666666:8=0.016666666666666666:9=0.016666666666666666:w=1.0(
    #bm25:collectionLength=20696521:documentCount=10774:maximumCount=24:nodeDocumentCount=6307:nodeFrequency=16130:w=0.19999999999999996(
        #lengths:document:part=lengths()
        #counts:importance:part=postings.porter()
      )
    #bm25:collectionLength=20696521:documentCount=10774:maximumCount=306:nodeDocumentCount=10761:nodeFrequency=495312:w=0.19999999999999996(
        #lengths:document:part=lengths()
        #counts:of:part=postings.porter()
      )
    #bm25:collectionLength=20696521:documentCount=10774:maximumCount=53:nodeDocumentCount=3136:nodeFrequency=9342:w=0.19999999999999996(
        #lengths:document:part=lengths()
        #counts:body:part=postings.porter()
      )
    #bm25:collectionLength=20696521:documentCount=10774:maximumCount=101:nodeDocumentCount=3953:nodeFrequency=11251:w=0.19999999999999996(
        #lengths:document:part=lengths()
        #counts:language:part=postings.porter()
      )
    #bm25:collectionLength=20696521:documentCount=10774:maximumCount=5:nodeDocumentCount=757:nodeFrequency=930:w=0.04999999999999998(
        #lengths:document:part=lengths()
        #ordered:1(
            #extents:importance:part=postings.porter()
            #extents:of:part=postings.porter()
          )
      )
    #bm25:collectionLength=20696521:documentCount=10774:maximumCount=5:nodeDocumentCount=87:nodeFrequency=110:w=0.04999999999999998(
        #lengths:document:part=lengths()
        #ordered:1(
            #extents:of:part=postings.porter()
            #extents:body:part=postings.porter()
          )
      )
    #bm25:collectionLength=20696521:documentCount=10774:maximumCount=20:nodeDocumentCount=121:nodeFrequency=211:w=0.04999999999999998(
        #lengths:document:part=lengths()
        #ordered:1(
            #extents:body:part=postings.porter()
            #extents:language:part=postings.porter()
          )
      )
    #bm25:collectionLength=20696521:documentCount=10774:maximumCount=12:nodeDocumentCount=3316:nodeFrequency=5732:w=0.016666666666666663(
        #lengths:document:part=lengths()
        #unordered:8(
            #extents:importance:part=postings.porter()
            #extents:of:part=postings.porter()
          )
      )
    #bm25:collectionLength=20696521:documentCount=10774:maximumCount=32:nodeDocumentCount=1693:nodeFrequency=3692:w=0.016666666666666663(
        #lengths:document:part=lengths()
        #unordered:8(
            #extents:of:part=postings.porter()
            #extents:body:part=postings.porter()
          )
      )
    #bm25:collectionLength=20696521:documentCount=10774:maximumCount=22:nodeDocumentCount=140:nodeFrequency=268:w=0.016666666666666663(
        #lengths:document:part=lengths()
        #unordered:8(
            #extents:body:part=postings.porter()
            #extents:language:part=postings.porter()
          )
      )
  )

Dec 22, 2017 11:10:43 PM org.lemurproject.galago.core.tools.apps.BatchSearch run
INFO: RUNNING: 16 : importance of creativity in schools
Dec 22, 2017 11:10:43 PM org.lemurproject.galago.core.tools.apps.BatchSearch run
INFO: Transformed Query:
#combine:0=0.16000000000000003:1=0.16000000000000003:10=0.0125:11=0.0125:12=0.0125:2=0.16000000000000003:3=0.16000000000000003:4=0.16000000000000003:5=0.0375:6=0.0375:7=0.0375:8=0.0375:9=0.0125:w=1.0(
    #bm25:collectionLength=20696521:documentCount=10774:maximumCount=24:nodeDocumentCount=6307:nodeFrequency=16130:w=0.16000000000000006(
        #lengths:document:part=lengths()
        #counts:importance:part=postings.porter()
      )
    #bm25:collectionLength=20696521:documentCount=10774:maximumCount=306:nodeDocumentCount=10761:nodeFrequency=495312:w=0.16000000000000006(
        #lengths:document:part=lengths()
        #counts:of:part=postings.porter()
      )
    #bm25:collectionLength=20696521:documentCount=10774:maximumCount=44:nodeDocumentCount=2158:nodeFrequency=5403:w=0.16000000000000006(
        #lengths:document:part=lengths()
        #counts:creativity:part=postings.porter()
      )
    #bm25:collectionLength=20696521:documentCount=10774:maximumCount=186:nodeDocumentCount=10745:nodeFrequency=362410:w=0.16000000000000006(
        #lengths:document:part=lengths()
        #counts:in:part=postings.porter()
      )
    #bm25:collectionLength=20696521:documentCount=10774:maximumCount=65:nodeDocumentCount=4816:nodeFrequency=17576:w=0.16000000000000006(
        #lengths:document:part=lengths()
        #counts:schools:part=postings.porter()
      )
    #bm25:collectionLength=20696521:documentCount=10774:maximumCount=5:nodeDocumentCount=757:nodeFrequency=930:w=0.037500000000000006(
        #lengths:document:part=lengths()
        #ordered:1(
            #extents:importance:part=postings.porter()
            #extents:of:part=postings.porter()
          )
      )
    #bm25:collectionLength=20696521:documentCount=10774:maximumCount=7:nodeDocumentCount=285:nodeFrequency=364:w=0.037500000000000006(
        #lengths:document:part=lengths()
        #ordered:1(
            #extents:of:part=postings.porter()
            #extents:creativity:part=postings.porter()
          )
      )
    #bm25:collectionLength=20696521:documentCount=10774:maximumCount=4:nodeDocumentCount=103:nodeFrequency=124:w=0.037500000000000006(
        #lengths:document:part=lengths()
        #ordered:1(
            #extents:creativity:part=postings.porter()
            #extents:in:part=postings.porter()
          )
      )
    #bm25:collectionLength=20696521:documentCount=10774:maximumCount=16:nodeDocumentCount=762:nodeFrequency=1082:w=0.037500000000000006(
        #lengths:document:part=lengths()
        #ordered:1(
            #extents:in:part=postings.porter()
            #extents:schools:part=postings.porter()
          )
      )
    #bm25:collectionLength=20696521:documentCount=10774:maximumCount=12:nodeDocumentCount=3316:nodeFrequency=5732:w=0.012500000000000002(
        #lengths:document:part=lengths()
        #unordered:8(
            #extents:importance:part=postings.porter()
            #extents:of:part=postings.porter()
          )
      )
    #bm25:collectionLength=20696521:documentCount=10774:maximumCount=15:nodeDocumentCount=1017:nodeFrequency=1935:w=0.012500000000000002(
        #lengths:document:part=lengths()
        #unordered:8(
            #extents:of:part=postings.porter()
            #extents:creativity:part=postings.porter()
          )
      )
    #bm25:collectionLength=20696521:documentCount=10774:maximumCount=14:nodeDocumentCount=718:nodeFrequency=1186:w=0.012500000000000002(
        #lengths:document:part=lengths()
        #unordered:8(
            #extents:creativity:part=postings.porter()
            #extents:in:part=postings.porter()
          )
      )
    #bm25:collectionLength=20696521:documentCount=10774:maximumCount=27:nodeDocumentCount=2935:nodeFrequency=7518:w=0.012500000000000002(
        #lengths:document:part=lengths()
        #unordered:8(
            #extents:in:part=postings.porter()
            #extents:schools:part=postings.porter()
          )
      )
  )

Dec 22, 2017 11:10:43 PM org.lemurproject.galago.core.tools.apps.BatchSearch run
INFO: RUNNING: 17 : how to stay calm
Dec 22, 2017 11:10:43 PM org.lemurproject.galago.core.tools.apps.BatchSearch run
INFO: Transformed Query:
#combine:0=0.2:1=0.2:2=0.2:3=0.2:4=0.049999999999999996:5=0.049999999999999996:6=0.049999999999999996:7=0.016666666666666666:8=0.016666666666666666:9=0.016666666666666666:w=1.0(
    #bm25:collectionLength=20696521:documentCount=10774:maximumCount=43:nodeDocumentCount=9861:nodeFrequency=59260:w=0.19999999999999996(
        #lengths:document:part=lengths()
        #counts:how:part=postings.porter()
      )
    #bm25:collectionLength=20696521:documentCount=10774:maximumCount=338:nodeDocumentCount=10757:nodeFrequency=600893:w=0.19999999999999996(
        #lengths:document:part=lengths()
        #counts:to:part=postings.porter()
      )
    #bm25:collectionLength=20696521:documentCount=10774:maximumCount=12:nodeDocumentCount=2673:nodeFrequency=4127:w=0.19999999999999996(
        #lengths:document:part=lengths()
        #counts:stay:part=postings.porter()
      )
    #bm25:collectionLength=20696521:documentCount=10774:maximumCount=9:nodeDocumentCount=480:nodeFrequency=690:w=0.19999999999999996(
        #lengths:document:part=lengths()
        #counts:calm:part=postings.porter()
      )
    #bm25:collectionLength=20696521:documentCount=10774:maximumCount=32:nodeDocumentCount=4276:nodeFrequency=8771:w=0.04999999999999998(
        #lengths:document:part=lengths()
        #ordered:1(
            #extents:how:part=postings.porter()
            #extents:to:part=postings.porter()
          )
      )
    #bm25:collectionLength=20696521:documentCount=10774:maximumCount=12:nodeDocumentCount=881:nodeFrequency=1090:w=0.04999999999999998(
        #lengths:document:part=lengths()
        #ordered:1(
            #extents:to:part=postings.porter()
            #extents:stay:part=postings.porter()
          )
      )
    #bm25:collectionLength=20696521:documentCount=10774:maximumCount=3:nodeDocumentCount=18:nodeFrequency=20:w=0.04999999999999998(
        #lengths:document:part=lengths()
        #ordered:1(
            #extents:stay:part=postings.porter()
            #extents:calm:part=postings.porter()
          )
      )
    #bm25:collectionLength=20696521:documentCount=10774:maximumCount=52:nodeDocumentCount=8172:nodeFrequency=31868:w=0.016666666666666663(
        #lengths:document:part=lengths()
        #unordered:8(
            #extents:how:part=postings.porter()
            #extents:to:part=postings.porter()
          )
      )
    #bm25:collectionLength=20696521:documentCount=10774:maximumCount=16:nodeDocumentCount=1464:nodeFrequency=2405:w=0.016666666666666663(
        #lengths:document:part=lengths()
        #unordered:8(
            #extents:to:part=postings.porter()
            #extents:stay:part=postings.porter()
          )
      )
    #bm25:collectionLength=20696521:documentCount=10774:maximumCount=3:nodeDocumentCount=24:nodeFrequency=29:w=0.016666666666666663(
        #lengths:document:part=lengths()
        #unordered:8(
            #extents:stay:part=postings.porter()
            #extents:calm:part=postings.porter()
          )
      )
  )

Dec 22, 2017 11:10:43 PM org.lemurproject.galago.core.tools.apps.BatchSearch run
INFO: RUNNING: 18 : how to stay motivated
Dec 22, 2017 11:10:43 PM org.lemurproject.galago.core.tools.apps.BatchSearch run
INFO: Transformed Query:
#combine:0=0.2:1=0.2:2=0.2:3=0.2:4=0.049999999999999996:5=0.049999999999999996:6=0.049999999999999996:7=0.016666666666666666:8=0.016666666666666666:9=0.016666666666666666:w=1.0(
    #bm25:collectionLength=20696521:documentCount=10774:maximumCount=43:nodeDocumentCount=9861:nodeFrequency=59260:w=0.19999999999999996(
        #lengths:document:part=lengths()
        #counts:how:part=postings.porter()
      )
    #bm25:collectionLength=20696521:documentCount=10774:maximumCount=338:nodeDocumentCount=10757:nodeFrequency=600893:w=0.19999999999999996(
        #lengths:document:part=lengths()
        #counts:to:part=postings.porter()
      )
    #bm25:collectionLength=20696521:documentCount=10774:maximumCount=12:nodeDocumentCount=2673:nodeFrequency=4127:w=0.19999999999999996(
        #lengths:document:part=lengths()
        #counts:stay:part=postings.porter()
      )
    #bm25:collectionLength=20696521:documentCount=10774:maximumCount=25:nodeDocumentCount=1370:nodeFrequency=2453:w=0.19999999999999996(
        #lengths:document:part=lengths()
        #counts:motivated:part=postings.porter()
      )
    #bm25:collectionLength=20696521:documentCount=10774:maximumCount=32:nodeDocumentCount=4276:nodeFrequency=8771:w=0.04999999999999998(
        #lengths:document:part=lengths()
        #ordered:1(
            #extents:how:part=postings.porter()
            #extents:to:part=postings.porter()
          )
      )
    #bm25:collectionLength=20696521:documentCount=10774:maximumCount=12:nodeDocumentCount=881:nodeFrequency=1090:w=0.04999999999999998(
        #lengths:document:part=lengths()
        #ordered:1(
            #extents:to:part=postings.porter()
            #extents:stay:part=postings.porter()
          )
      )
    #bm25:collectionLength=20696521:documentCount=10774:maximumCount=1:nodeDocumentCount=5:nodeFrequency=5:w=0.04999999999999998(
        #lengths:document:part=lengths()
        #ordered:1(
            #extents:stay:part=postings.porter()
            #extents:motivated:part=postings.porter()
          )
      )
    #bm25:collectionLength=20696521:documentCount=10774:maximumCount=52:nodeDocumentCount=8172:nodeFrequency=31868:w=0.016666666666666663(
        #lengths:document:part=lengths()
        #unordered:8(
            #extents:how:part=postings.porter()
            #extents:to:part=postings.porter()
          )
      )
    #bm25:collectionLength=20696521:documentCount=10774:maximumCount=16:nodeDocumentCount=1464:nodeFrequency=2405:w=0.016666666666666663(
        #lengths:document:part=lengths()
        #unordered:8(
            #extents:to:part=postings.porter()
            #extents:stay:part=postings.porter()
          )
      )
    #bm25:collectionLength=20696521:documentCount=10774:maximumCount=3:nodeDocumentCount=8:nodeFrequency=13:w=0.016666666666666663(
        #lengths:document:part=lengths()
        #unordered:8(
            #extents:stay:part=postings.porter()
            #extents:motivated:part=postings.porter()
          )
      )
  )

Dec 22, 2017 11:10:43 PM org.lemurproject.galago.core.tools.apps.BatchSearch run
INFO: RUNNING: 19 : cute animals
Dec 22, 2017 11:10:43 PM org.lemurproject.galago.core.tools.apps.BatchSearch run
INFO: Transformed Query:
#combine:0=0.4:1=0.4:2=0.15:3=0.05:w=1.0(
    #bm25:collectionLength=20696521:documentCount=10774:maximumCount=7:nodeDocumentCount=292:nodeFrequency=387:w=0.4(
        #lengths:document:part=lengths()
        #counts:cute:part=postings.porter()
      )
    #bm25:collectionLength=20696521:documentCount=10774:maximumCount=60:nodeDocumentCount=2517:nodeFrequency=7779:w=0.4(
        #lengths:document:part=lengths()
        #counts:animals:part=postings.porter()
      )
    #bm25:collectionLength=20696521:documentCount=10774:maximumCount=1:nodeDocumentCount=2:nodeFrequency=2:w=0.15(
        #lengths:document:part=lengths()
        #ordered:1(
            #extents:cute:part=postings.porter()
            #extents:animals:part=postings.porter()
          )
      )
    #bm25:collectionLength=20696521:documentCount=10774:maximumCount=1:nodeDocumentCount=10:nodeFrequency=10:w=0.05(
        #lengths:document:part=lengths()
        #unordered:8(
            #extents:cute:part=postings.porter()
            #extents:animals:part=postings.porter()
          )
      )
  )

Dec 22, 2017 11:10:43 PM org.lemurproject.galago.core.tools.apps.BatchSearch run
INFO: RUNNING: 20 : effects of social media
Dec 22, 2017 11:10:43 PM org.lemurproject.galago.core.tools.apps.BatchSearch run
INFO: Transformed Query:
#combine:0=0.2:1=0.2:2=0.2:3=0.2:4=0.049999999999999996:5=0.049999999999999996:6=0.049999999999999996:7=0.016666666666666666:8=0.016666666666666666:9=0.016666666666666666:w=1.0(
    #bm25:collectionLength=20696521:documentCount=10774:maximumCount=26:nodeDocumentCount=2903:nodeFrequency=5808:w=0.19999999999999996(
        #lengths:document:part=lengths()
        #counts:effects:part=postings.porter()
      )
    #bm25:collectionLength=20696521:documentCount=10774:maximumCount=306:nodeDocumentCount=10761:nodeFrequency=495312:w=0.19999999999999996(
        #lengths:document:part=lengths()
        #counts:of:part=postings.porter()
      )
    #bm25:collectionLength=20696521:documentCount=10774:maximumCount=58:nodeDocumentCount=4248:nodeFrequency=12335:w=0.19999999999999996(
        #lengths:document:part=lengths()
        #counts:social:part=postings.porter()
      )
    #bm25:collectionLength=20696521:documentCount=10774:maximumCount=44:nodeDocumentCount=2100:nodeFrequency=5047:w=0.19999999999999996(
        #lengths:document:part=lengths()
        #counts:media:part=postings.porter()
      )
    #bm25:collectionLength=20696521:documentCount=10774:maximumCount=7:nodeDocumentCount=615:nodeFrequency=784:w=0.04999999999999998(
        #lengths:document:part=lengths()
        #ordered:1(
            #extents:effects:part=postings.porter()
            #extents:of:part=postings.porter()
          )
      )
    #bm25:collectionLength=20696521:documentCount=10774:maximumCount=8:nodeDocumentCount=581:nodeFrequency=804:w=0.04999999999999998(
        #lengths:document:part=lengths()
        #ordered:1(
            #extents:of:part=postings.porter()
            #extents:social:part=postings.porter()
          )
      )
    #bm25:collectionLength=20696521:documentCount=10774:maximumCount=36:nodeDocumentCount=643:nodeFrequency=1325:w=0.04999999999999998(
        #lengths:document:part=lengths()
        #ordered:1(
            #extents:social:part=postings.porter()
            #extents:media:part=postings.porter()
          )
      )
    #bm25:collectionLength=20696521:documentCount=10774:maximumCount=11:nodeDocumentCount=1463:nodeFrequency=2366:w=0.016666666666666663(
        #lengths:document:part=lengths()
        #unordered:8(
            #extents:effects:part=postings.porter()
            #extents:of:part=postings.porter()
          )
      )
    #bm25:collectionLength=20696521:documentCount=10774:maximumCount=25:nodeDocumentCount=1979:nodeFrequency=4166:w=0.016666666666666663(
        #lengths:document:part=lengths()
        #unordered:8(
            #extents:of:part=postings.porter()
            #extents:social:part=postings.porter()
          )
      )
    #bm25:collectionLength=20696521:documentCount=10774:maximumCount=37:nodeDocumentCount=687:nodeFrequency=1543:w=0.016666666666666663(
        #lengths:document:part=lengths()
        #unordered:8(
            #extents:social:part=postings.porter()
            #extents:media:part=postings.porter()
          )
      )
  )

Dec 22, 2017 11:10:43 PM org.lemurproject.galago.core.tools.apps.BatchSearch run
INFO: RUNNING: 21 : what is art
Dec 22, 2017 11:10:43 PM org.lemurproject.galago.core.tools.apps.BatchSearch run
INFO: Transformed Query:
#combine:0=0.26666666666666666:1=0.26666666666666666:2=0.26666666666666666:3=0.075:4=0.075:5=0.025:6=0.025:w=1.0(
    #bm25:collectionLength=20696521:documentCount=10774:maximumCount=89:nodeDocumentCount=10270:nodeFrequency=116582:w=0.26666666666666666(
        #lengths:document:part=lengths()
        #counts:what:part=postings.porter()
      )
    #bm25:collectionLength=20696521:documentCount=10774:maximumCount=236:nodeDocumentCount=10730:nodeFrequency=288801:w=0.26666666666666666(
        #lengths:document:part=lengths()
        #counts:is:part=postings.porter()
      )
    #bm25:collectionLength=20696521:documentCount=10774:maximumCount=69:nodeDocumentCount=4200:nodeFrequency=9861:w=0.26666666666666666(
        #lengths:document:part=lengths()
        #counts:art:part=postings.porter()
      )
    #bm25:collectionLength=20696521:documentCount=10774:maximumCount=18:nodeDocumentCount=3903:nodeFrequency=7230:w=0.075(
        #lengths:document:part=lengths()
        #ordered:1(
            #extents:what:part=postings.porter()
            #extents:is:part=postings.porter()
          )
      )
    #bm25:collectionLength=20696521:documentCount=10774:maximumCount=10:nodeDocumentCount=43:nodeFrequency=59:w=0.075(
        #lengths:document:part=lengths()
        #ordered:1(
            #extents:is:part=postings.porter()
            #extents:art:part=postings.porter()
          )
      )
    #bm25:collectionLength=20696521:documentCount=10774:maximumCount=44:nodeDocumentCount=8757:nodeFrequency=45237:w=0.025(
        #lengths:document:part=lengths()
        #unordered:8(
            #extents:what:part=postings.porter()
            #extents:is:part=postings.porter()
          )
      )
    #bm25:collectionLength=20696521:documentCount=10774:maximumCount=21:nodeDocumentCount=792:nodeFrequency=1722:w=0.025(
        #lengths:document:part=lengths()
        #unordered:8(
            #extents:is:part=postings.porter()
            #extents:art:part=postings.porter()
          )
      )
  )

Dec 22, 2017 11:10:43 PM org.lemurproject.galago.core.tools.apps.BatchSearch run
INFO: RUNNING: 22 : disability
Dec 22, 2017 11:10:43 PM org.lemurproject.galago.core.tools.apps.BatchSearch run
INFO: Transformed Query:
#combine:w=1.0(
    #bm25:collectionLength=20696521:documentCount=10774:maximumCount=55:nodeDocumentCount=570:nodeFrequency=2223:w=1.0(
        #lengths:document:part=lengths()
        #counts:disability:part=postings.porter()
      )
  )

Dec 22, 2017 11:10:43 PM org.lemurproject.galago.core.tools.apps.BatchSearch run
INFO: RUNNING: 23 : rise of terrorism
Dec 22, 2017 11:10:43 PM org.lemurproject.galago.core.tools.apps.BatchSearch run
INFO: Transformed Query:
#combine:0=0.26666666666666666:1=0.26666666666666666:2=0.26666666666666666:3=0.075:4=0.075:5=0.025:6=0.025:w=1.0(
    #bm25:collectionLength=20696521:documentCount=10774:maximumCount=16:nodeDocumentCount=1236:nodeFrequency=1896:w=0.26666666666666666(
        #lengths:document:part=lengths()
        #counts:rise:part=postings.porter()
      )
    #bm25:collectionLength=20696521:documentCount=10774:maximumCount=306:nodeDocumentCount=10761:nodeFrequency=495312:w=0.26666666666666666(
        #lengths:document:part=lengths()
        #counts:of:part=postings.porter()
      )
    #bm25:collectionLength=20696521:documentCount=10774:maximumCount=23:nodeDocumentCount=372:nodeFrequency=743:w=0.26666666666666666(
        #lengths:document:part=lengths()
        #counts:terrorism:part=postings.porter()
      )
    #bm25:collectionLength=20696521:documentCount=10774:maximumCount=7:nodeDocumentCount=193:nodeFrequency=257:w=0.075(
        #lengths:document:part=lengths()
        #ordered:1(
            #extents:rise:part=postings.porter()
            #extents:of:part=postings.porter()
          )
      )
    #bm25:collectionLength=20696521:documentCount=10774:maximumCount=11:nodeDocumentCount=80:nodeFrequency=129:w=0.075(
        #lengths:document:part=lengths()
        #ordered:1(
            #extents:of:part=postings.porter()
            #extents:terrorism:part=postings.porter()
          )
      )
    #bm25:collectionLength=20696521:documentCount=10774:maximumCount=11:nodeDocumentCount=580:nodeFrequency=899:w=0.025(
        #lengths:document:part=lengths()
        #unordered:8(
            #extents:rise:part=postings.porter()
            #extents:of:part=postings.porter()
          )
      )
    #bm25:collectionLength=20696521:documentCount=10774:maximumCount=23:nodeDocumentCount=197:nodeFrequency=400:w=0.025(
        #lengths:document:part=lengths()
        #unordered:8(
            #extents:of:part=postings.porter()
            #extents:terrorism:part=postings.porter()
          )
      )
  )

Dec 22, 2017 11:10:43 PM org.lemurproject.galago.core.tools.apps.BatchSearch run
INFO: RUNNING: 24 : why do we exist
Dec 22, 2017 11:10:44 PM org.lemurproject.galago.core.tools.apps.BatchSearch run
INFO: Transformed Query:
#combine:0=0.2:1=0.2:2=0.2:3=0.2:4=0.049999999999999996:5=0.049999999999999996:6=0.049999999999999996:7=0.016666666666666666:8=0.016666666666666666:9=0.016666666666666666:w=1.0(
    #bm25:collectionLength=20696521:documentCount=10774:maximumCount=29:nodeDocumentCount=7565:nodeFrequency=23414:w=0.19999999999999996(
        #lengths:document:part=lengths()
        #counts:why:part=postings.porter()
      )
    #bm25:collectionLength=20696521:documentCount=10774:maximumCount=59:nodeDocumentCount=9990:nodeFrequency=94009:w=0.19999999999999996(
        #lengths:document:part=lengths()
        #counts:do:part=postings.porter()
      )
    #bm25:collectionLength=20696521:documentCount=10774:maximumCount=224:nodeDocumentCount=10325:nodeFrequency=250349:w=0.19999999999999996(
        #lengths:document:part=lengths()
        #counts:we:part=postings.porter()
      )
    #bm25:collectionLength=20696521:documentCount=10774:maximumCount=38:nodeDocumentCount=3082:nodeFrequency=5388:w=0.19999999999999996(
        #lengths:document:part=lengths()
        #counts:exist:part=postings.porter()
      )
    #bm25:collectionLength=20696521:documentCount=10774:maximumCount=8:nodeDocumentCount=1221:nodeFrequency=1724:w=0.04999999999999998(
        #lengths:document:part=lengths()
        #ordered:1(
            #extents:why:part=postings.porter()
            #extents:do:part=postings.porter()
          )
      )
    #bm25:collectionLength=20696521:documentCount=10774:maximumCount=15:nodeDocumentCount=2988:nodeFrequency=5267:w=0.04999999999999998(
        #lengths:document:part=lengths()
        #ordered:1(
            #extents:do:part=postings.porter()
            #extents:we:part=postings.porter()
          )
      )
    #bm25:collectionLength=20696521:documentCount=10774:maximumCount=4:nodeDocumentCount=44:nodeFrequency=52:w=0.04999999999999998(
        #lengths:document:part=lengths()
        #ordered:1(
            #extents:we:part=postings.porter()
            #extents:exist:part=postings.porter()
          )
      )
    #bm25:collectionLength=20696521:documentCount=10774:maximumCount=21:nodeDocumentCount=2407:nodeFrequency=4236:w=0.016666666666666663(
        #lengths:document:part=lengths()
        #unordered:8(
            #extents:why:part=postings.porter()
            #extents:do:part=postings.porter()
          )
      )
    #bm25:collectionLength=20696521:documentCount=10774:maximumCount=57:nodeDocumentCount=7117:nodeFrequency=32400:w=0.016666666666666663(
        #lengths:document:part=lengths()
        #unordered:8(
            #extents:do:part=postings.porter()
            #extents:we:part=postings.porter()
          )
      )
    #bm25:collectionLength=20696521:documentCount=10774:maximumCount=8:nodeDocumentCount=709:nodeFrequency=990:w=0.016666666666666663(
        #lengths:document:part=lengths()
        #unordered:8(
            #extents:we:part=postings.porter()
            #extents:exist:part=postings.porter()
          )
      )
  )

Dec 22, 2017 11:10:44 PM org.lemurproject.galago.core.tools.apps.BatchSearch run
INFO: RUNNING: 25 : secret to happiness
Dec 22, 2017 11:10:44 PM org.lemurproject.galago.core.tools.apps.BatchSearch run
INFO: Transformed Query:
#combine:0=0.26666666666666666:1=0.26666666666666666:2=0.26666666666666666:3=0.075:4=0.075:5=0.025:6=0.025:w=1.0(
    #bm25:collectionLength=20696521:documentCount=10774:maximumCount=24:nodeDocumentCount=1258:nodeFrequency=1998:w=0.26666666666666666(
        #lengths:document:part=lengths()
        #counts:secret:part=postings.porter()
      )
    #bm25:collectionLength=20696521:documentCount=10774:maximumCount=338:nodeDocumentCount=10757:nodeFrequency=600893:w=0.26666666666666666(
        #lengths:document:part=lengths()
        #counts:to:part=postings.porter()
      )
    #bm25:collectionLength=20696521:documentCount=10774:maximumCount=63:nodeDocumentCount=2900:nodeFrequency=7606:w=0.26666666666666666(
        #lengths:document:part=lengths()
        #counts:happiness:part=postings.porter()
      )
    #bm25:collectionLength=20696521:documentCount=10774:maximumCount=5:nodeDocumentCount=143:nodeFrequency=183:w=0.075(
        #lengths:document:part=lengths()
        #ordered:1(
            #extents:secret:part=postings.porter()
            #extents:to:part=postings.porter()
          )
      )
    #bm25:collectionLength=20696521:documentCount=10774:maximumCount=4:nodeDocumentCount=93:nodeFrequency=126:w=0.075(
        #lengths:document:part=lengths()
        #ordered:1(
            #extents:to:part=postings.porter()
            #extents:happiness:part=postings.porter()
          )
      )
    #bm25:collectionLength=20696521:documentCount=10774:maximumCount=11:nodeDocumentCount=562:nodeFrequency=855:w=0.025(
        #lengths:document:part=lengths()
        #unordered:8(
            #extents:secret:part=postings.porter()
            #extents:to:part=postings.porter()
          )
      )
    #bm25:collectionLength=20696521:documentCount=10774:maximumCount=28:nodeDocumentCount=1555:nodeFrequency=3443:w=0.025(
        #lengths:document:part=lengths()
        #unordered:8(
            #extents:to:part=postings.porter()
            #extents:happiness:part=postings.porter()
          )
      )
  )

