Dec 22, 2017 11:10:37 PM org.lemurproject.galago.core.tools.apps.BatchSearch run
INFO: RUNNING: 1 : #combine(#bm25(harmful) #bm25(effects) #bm25(of) #bm25(video) #bm25(games) #bm25(is) #bm25(it) #bm25(harmful) #bm25(to) #bm25(play) #bm25(video) #bm25(games) #bm25(does) #bm25(playing) #bm25(make) #bm25(people) #bm25(violent) #bm25(does) #bm25(it) #bm25(damage) #bm25(attention) #bm25(spans) #bm25(does) #bm25(it) #bm25(increase) #bm25(obesity) #bm25(are) #bm25(people) #bm25(who) #bm25(play) #bm25(video) #bm25(games) #bm25(less) #bm25(fit) #bm25(should) #bm25(video) #bm25(games) #bm25(be) #bm25(banned))
Dec 22, 2017 11:10:37 PM org.lemurproject.galago.core.tools.apps.BatchSearch run
INFO: Transformed Query:
#combine:0=2.0:1=1.0:10=1.0:11=1.0:12=2.0:13=1.0:14=1.0:15=1.0:16=1.0:17=1.0:18=1.0:19=1.0:2=1.0:20=1.0:21=1.0:22=1.0:23=1.0:24=1.0:25=1.0:3=4.0:4=4.0:5=1.0:6=3.0:7=1.0:8=2.0:9=3.0:w=1.0(
    #bm25:collectionLength=20696521:documentCount=10774:maximumCount=21:nodeDocumentCount=664:nodeFrequency=1062:w=0.05128205128205128(
        #lengths:document:part=lengths()
        #counts:harmful:part=postings.porter()
      )
    #bm25:collectionLength=20696521:documentCount=10774:maximumCount=26:nodeDocumentCount=2903:nodeFrequency=5808:w=0.02564102564102564(
        #lengths:document:part=lengths()
        #counts:effects:part=postings.porter()
      )
    #bm25:collectionLength=20696521:documentCount=10774:maximumCount=306:nodeDocumentCount=10761:nodeFrequency=495312:w=0.02564102564102564(
        #lengths:document:part=lengths()
        #counts:of:part=postings.porter()
      )
    #bm25:collectionLength=20696521:documentCount=10774:maximumCount=54:nodeDocumentCount=6509:nodeFrequency=12405:w=0.10256410256410256(
        #lengths:document:part=lengths()
        #counts:video:part=postings.porter()
      )
    #bm25:collectionLength=20696521:documentCount=10774:maximumCount=92:nodeDocumentCount=1809:nodeFrequency=6293:w=0.10256410256410256(
        #lengths:document:part=lengths()
        #counts:games:part=postings.porter()
      )
    #bm25:collectionLength=20696521:documentCount=10774:maximumCount=236:nodeDocumentCount=10730:nodeFrequency=288801:w=0.02564102564102564(
        #lengths:document:part=lengths()
        #counts:is:part=postings.porter()
      )
    #bm25:collectionLength=20696521:documentCount=10774:maximumCount=203:nodeDocumentCount=10662:nodeFrequency=313392:w=0.07692307692307693(
        #lengths:document:part=lengths()
        #counts:it:part=postings.porter()
      )
    #bm25:collectionLength=20696521:documentCount=10774:maximumCount=338:nodeDocumentCount=10757:nodeFrequency=600893:w=0.02564102564102564(
        #lengths:document:part=lengths()
        #counts:to:part=postings.porter()
      )
    #bm25:collectionLength=20696521:documentCount=10774:maximumCount=112:nodeDocumentCount=4157:nodeFrequency=11922:w=0.05128205128205128(
        #lengths:document:part=lengths()
        #counts:play:part=postings.porter()
      )
    #bm25:collectionLength=20696521:documentCount=10774:maximumCount=14:nodeDocumentCount=5616:nodeFrequency=11819:w=0.07692307692307693(
        #lengths:document:part=lengths()
        #counts:does:part=postings.porter()
      )
    #bm25:collectionLength=20696521:documentCount=10774:maximumCount=112:nodeDocumentCount=4157:nodeFrequency=11922:w=0.02564102564102564(
        #lengths:document:part=lengths()
        #counts:playing:part=postings.porter()
      )
    #bm25:collectionLength=20696521:documentCount=10774:maximumCount=46:nodeDocumentCount=9417:nodeFrequency=45631:w=0.02564102564102564(
        #lengths:document:part=lengths()
        #counts:make:part=postings.porter()
      )
    #bm25:collectionLength=20696521:documentCount=10774:maximumCount=78:nodeDocumentCount=9660:nodeFrequency=80661:w=0.05128205128205128(
        #lengths:document:part=lengths()
        #counts:people:part=postings.porter()
      )
    #bm25:collectionLength=20696521:documentCount=10774:maximumCount=43:nodeDocumentCount=475:nodeFrequency=825:w=0.02564102564102564(
        #lengths:document:part=lengths()
        #counts:violent:part=postings.porter()
      )
    #bm25:collectionLength=20696521:documentCount=10774:maximumCount=17:nodeDocumentCount=842:nodeFrequency=1403:w=0.02564102564102564(
        #lengths:document:part=lengths()
        #counts:damage:part=postings.porter()
      )
    #bm25:collectionLength=20696521:documentCount=10774:maximumCount=52:nodeDocumentCount=2077:nodeFrequency=3616:w=0.02564102564102564(
        #lengths:document:part=lengths()
        #counts:attention:part=postings.porter()
      )
    #bm25:collectionLength=20696521:documentCount=10774:maximumCount=5:nodeDocumentCount=283:nodeFrequency=337:w=0.02564102564102564(
        #lengths:document:part=lengths()
        #counts:spans:part=postings.porter()
      )
    #bm25:collectionLength=20696521:documentCount=10774:maximumCount=21:nodeDocumentCount=2471:nodeFrequency=4667:w=0.02564102564102564(
        #lengths:document:part=lengths()
        #counts:increase:part=postings.porter()
      )
    #bm25:collectionLength=20696521:documentCount=10774:maximumCount=32:nodeDocumentCount=270:nodeFrequency=720:w=0.02564102564102564(
        #lengths:document:part=lengths()
        #counts:obesity:part=postings.porter()
      )
    #bm25:collectionLength=20696521:documentCount=10774:maximumCount=83:nodeDocumentCount=10534:nodeFrequency=140414:w=0.02564102564102564(
        #lengths:document:part=lengths()
        #counts:are:part=postings.porter()
      )
    #bm25:collectionLength=20696521:documentCount=10774:maximumCount=51:nodeDocumentCount=8896:nodeFrequency=47496:w=0.02564102564102564(
        #lengths:document:part=lengths()
        #counts:who:part=postings.porter()
      )
    #bm25:collectionLength=20696521:documentCount=10774:maximumCount=23:nodeDocumentCount=4493:nodeFrequency=8041:w=0.02564102564102564(
        #lengths:document:part=lengths()
        #counts:less:part=postings.porter()
      )
    #bm25:collectionLength=20696521:documentCount=10774:maximumCount=50:nodeDocumentCount=1497:nodeFrequency=2389:w=0.02564102564102564(
        #lengths:document:part=lengths()
        #counts:fit:part=postings.porter()
      )
    #bm25:collectionLength=20696521:documentCount=10774:maximumCount=25:nodeDocumentCount=5520:nodeFrequency=13080:w=0.02564102564102564(
        #lengths:document:part=lengths()
        #counts:should:part=postings.porter()
      )
    #bm25:collectionLength=20696521:documentCount=10774:maximumCount=87:nodeDocumentCount=10493:nodeFrequency=118163:w=0.02564102564102564(
        #lengths:document:part=lengths()
        #counts:be:part=postings.porter()
      )
    #bm25:collectionLength=20696521:documentCount=10774:maximumCount=12:nodeDocumentCount=288:nodeFrequency=448:w=0.02564102564102564(
        #lengths:document:part=lengths()
        #counts:banned:part=postings.porter()
      )
  )

Dec 22, 2017 11:10:38 PM org.lemurproject.galago.core.tools.apps.BatchSearch run
INFO: RUNNING: 2 : #combine(#bm25(bike) #bm25(lanes) #bm25(and) #bm25(congestion) #bm25(and) #bm25(pollution) #bm25(do) #bm25(cycle) #bm25(lanes) #bm25(increase) #bm25(or) #bm25(decrease) #bm25(congestion) #bm25(and) #bm25(pollution))
Dec 22, 2017 11:10:38 PM org.lemurproject.galago.core.tools.apps.BatchSearch run
INFO: Transformed Query:
#combine:0=1.0:1=2.0:2=3.0:3=2.0:4=2.0:5=1.0:6=1.0:7=1.0:8=1.0:9=1.0:w=1.0(
    #bm25:collectionLength=20696521:documentCount=10774:maximumCount=59:nodeDocumentCount=365:nodeFrequency=1085:w=0.06666666666666667(
        #lengths:document:part=lengths()
        #counts:bike:part=postings.porter()
      )
    #bm25:collectionLength=20696521:documentCount=10774:maximumCount=26:nodeDocumentCount=155:nodeFrequency=298:w=0.13333333333333333(
        #lengths:document:part=lengths()
        #counts:lanes:part=postings.porter()
      )
    #bm25:collectionLength=20696521:documentCount=10774:maximumCount=345:nodeDocumentCount=10762:nodeFrequency=650104:w=0.2(
        #lengths:document:part=lengths()
        #counts:and:part=postings.porter()
      )
    #bm25:collectionLength=20696521:documentCount=10774:maximumCount=23:nodeDocumentCount=68:nodeFrequency=190:w=0.13333333333333333(
        #lengths:document:part=lengths()
        #counts:congestion:part=postings.porter()
      )
    #bm25:collectionLength=20696521:documentCount=10774:maximumCount=21:nodeDocumentCount=504:nodeFrequency=1068:w=0.13333333333333333(
        #lengths:document:part=lengths()
        #counts:pollution:part=postings.porter()
      )
    #bm25:collectionLength=20696521:documentCount=10774:maximumCount=59:nodeDocumentCount=9990:nodeFrequency=94009:w=0.06666666666666667(
        #lengths:document:part=lengths()
        #counts:do:part=postings.porter()
      )
    #bm25:collectionLength=20696521:documentCount=10774:maximumCount=30:nodeDocumentCount=847:nodeFrequency=1540:w=0.06666666666666667(
        #lengths:document:part=lengths()
        #counts:cycle:part=postings.porter()
      )
    #bm25:collectionLength=20696521:documentCount=10774:maximumCount=21:nodeDocumentCount=2471:nodeFrequency=4667:w=0.06666666666666667(
        #lengths:document:part=lengths()
        #counts:increase:part=postings.porter()
      )
    #bm25:collectionLength=20696521:documentCount=10774:maximumCount=62:nodeDocumentCount=10090:nodeFrequency=71069:w=0.06666666666666667(
        #lengths:document:part=lengths()
        #counts:or:part=postings.porter()
      )
    #bm25:collectionLength=20696521:documentCount=10774:maximumCount=10:nodeDocumentCount=530:nodeFrequency=752:w=0.06666666666666667(
        #lengths:document:part=lengths()
        #counts:decrease:part=postings.porter()
      )
  )

Dec 22, 2017 11:10:38 PM org.lemurproject.galago.core.tools.apps.BatchSearch run
INFO: RUNNING: 3 : #combine(#bm25(good) #bm25(study) #bm25(habits) #bm25(what) #bm25(are) #bm25(good) #bm25(study) #bm25(habits) #bm25(how) #bm25(common) #bm25(are) #bm25(they) #bm25(is) #bm25(it) #bm25(better) #bm25(to) #bm25(study) #bm25(a) #bm25(little) #bm25(every) #bm25(day) #bm25(or) #bm25(focus) #bm25(for) #bm25(a) #bm25(concentrated) #bm25(period) #bm25(of) #bm25(time))
Dec 22, 2017 11:10:38 PM org.lemurproject.galago.core.tools.apps.BatchSearch run
INFO: Transformed Query:
#combine:0=2.0:1=3.0:10=1.0:11=1.0:12=2.0:13=1.0:14=1.0:15=1.0:16=1.0:17=1.0:18=1.0:19=1.0:2=2.0:20=1.0:21=1.0:22=1.0:3=1.0:4=2.0:5=1.0:6=1.0:7=1.0:8=1.0:9=1.0:w=1.0(
    #bm25:collectionLength=20696521:documentCount=10774:maximumCount=42:nodeDocumentCount=7140:nodeFrequency=21747:w=0.06896551724137931(
        #lengths:document:part=lengths()
        #counts:good:part=postings.porter()
      )
    #bm25:collectionLength=20696521:documentCount=10774:maximumCount=31:nodeDocumentCount=4418:nodeFrequency=10876:w=0.10344827586206896(
        #lengths:document:part=lengths()
        #counts:study:part=postings.porter()
      )
    #bm25:collectionLength=20696521:documentCount=10774:maximumCount=54:nodeDocumentCount=629:nodeFrequency=1162:w=0.06896551724137931(
        #lengths:document:part=lengths()
        #counts:habits:part=postings.porter()
      )
    #bm25:collectionLength=20696521:documentCount=10774:maximumCount=89:nodeDocumentCount=10270:nodeFrequency=116582:w=0.034482758620689655(
        #lengths:document:part=lengths()
        #counts:what:part=postings.porter()
      )
    #bm25:collectionLength=20696521:documentCount=10774:maximumCount=83:nodeDocumentCount=10534:nodeFrequency=140414:w=0.06896551724137931(
        #lengths:document:part=lengths()
        #counts:are:part=postings.porter()
      )
    #bm25:collectionLength=20696521:documentCount=10774:maximumCount=43:nodeDocumentCount=9861:nodeFrequency=59260:w=0.034482758620689655(
        #lengths:document:part=lengths()
        #counts:how:part=postings.porter()
      )
    #bm25:collectionLength=20696521:documentCount=10774:maximumCount=27:nodeDocumentCount=2567:nodeFrequency=4263:w=0.034482758620689655(
        #lengths:document:part=lengths()
        #counts:common:part=postings.porter()
      )
    #bm25:collectionLength=20696521:documentCount=10774:maximumCount=83:nodeDocumentCount=10043:nodeFrequency=111101:w=0.034482758620689655(
        #lengths:document:part=lengths()
        #counts:they:part=postings.porter()
      )
    #bm25:collectionLength=20696521:documentCount=10774:maximumCount=236:nodeDocumentCount=10730:nodeFrequency=288801:w=0.034482758620689655(
        #lengths:document:part=lengths()
        #counts:is:part=postings.porter()
      )
    #bm25:collectionLength=20696521:documentCount=10774:maximumCount=203:nodeDocumentCount=10662:nodeFrequency=313392:w=0.034482758620689655(
        #lengths:document:part=lengths()
        #counts:it:part=postings.porter()
      )
    #bm25:collectionLength=20696521:documentCount=10774:maximumCount=25:nodeDocumentCount=5506:nodeFrequency=12537:w=0.034482758620689655(
        #lengths:document:part=lengths()
        #counts:better:part=postings.porter()
      )
    #bm25:collectionLength=20696521:documentCount=10774:maximumCount=338:nodeDocumentCount=10757:nodeFrequency=600893:w=0.034482758620689655(
        #lengths:document:part=lengths()
        #counts:to:part=postings.porter()
      )
    #bm25:collectionLength=20696521:documentCount=10774:maximumCount=220:nodeDocumentCount=10767:nodeFrequency=492030:w=0.06896551724137931(
        #lengths:document:part=lengths()
        #counts:a:part=postings.porter()
      )
    #bm25:collectionLength=20696521:documentCount=10774:maximumCount=43:nodeDocumentCount=6791:nodeFrequency=20855:w=0.034482758620689655(
        #lengths:document:part=lengths()
        #counts:little:part=postings.porter()
      )
    #bm25:collectionLength=20696521:documentCount=10774:maximumCount=21:nodeDocumentCount=7043:nodeFrequency=19287:w=0.034482758620689655(
        #lengths:document:part=lengths()
        #counts:every:part=postings.porter()
      )
    #bm25:collectionLength=20696521:documentCount=10774:maximumCount=44:nodeDocumentCount=7737:nodeFrequency=26747:w=0.034482758620689655(
        #lengths:document:part=lengths()
        #counts:day:part=postings.porter()
      )
    #bm25:collectionLength=20696521:documentCount=10774:maximumCount=62:nodeDocumentCount=10090:nodeFrequency=71069:w=0.034482758620689655(
        #lengths:document:part=lengths()
        #counts:or:part=postings.porter()
      )
    #bm25:collectionLength=20696521:documentCount=10774:maximumCount=30:nodeDocumentCount=2905:nodeFrequency=5176:w=0.034482758620689655(
        #lengths:document:part=lengths()
        #counts:focus:part=postings.porter()
      )
    #bm25:collectionLength=20696521:documentCount=10774:maximumCount=76:nodeDocumentCount=10692:nodeFrequency=151835:w=0.034482758620689655(
        #lengths:document:part=lengths()
        #counts:for:part=postings.porter()
      )
    #bm25:collectionLength=20696521:documentCount=10774:maximumCount=43:nodeDocumentCount=679:nodeFrequency=1061:w=0.034482758620689655(
        #lengths:document:part=lengths()
        #counts:concentrated:part=postings.porter()
      )
    #bm25:collectionLength=20696521:documentCount=10774:maximumCount=35:nodeDocumentCount=1473:nodeFrequency=2323:w=0.034482758620689655(
        #lengths:document:part=lengths()
        #counts:period:part=postings.porter()
      )
    #bm25:collectionLength=20696521:documentCount=10774:maximumCount=306:nodeDocumentCount=10761:nodeFrequency=495312:w=0.034482758620689655(
        #lengths:document:part=lengths()
        #counts:of:part=postings.porter()
      )
    #bm25:collectionLength=20696521:documentCount=10774:maximumCount=72:nodeDocumentCount=9681:nodeFrequency=51917:w=0.034482758620689655(
        #lengths:document:part=lengths()
        #counts:time:part=postings.porter()
      )
  )

Dec 22, 2017 11:10:38 PM org.lemurproject.galago.core.tools.apps.BatchSearch run
INFO: RUNNING: 4 : #combine(#bm25(how) #bm25(to) #bm25(save) #bm25(energy) #bm25(at) #bm25(home) #bm25(how) #bm25(can) #bm25(we) #bm25(save) #bm25(energy) #bm25(in) #bm25(our) #bm25(daily) #bm25(lives))
Dec 22, 2017 11:10:38 PM org.lemurproject.galago.core.tools.apps.BatchSearch run
INFO: Transformed Query:
#combine:0=2.0:1=1.0:10=1.0:11=1.0:2=2.0:3=2.0:4=1.0:5=1.0:6=1.0:7=1.0:8=1.0:9=1.0:w=1.0(
    #bm25:collectionLength=20696521:documentCount=10774:maximumCount=43:nodeDocumentCount=9861:nodeFrequency=59260:w=0.13333333333333333(
        #lengths:document:part=lengths()
        #counts:how:part=postings.porter()
      )
    #bm25:collectionLength=20696521:documentCount=10774:maximumCount=338:nodeDocumentCount=10757:nodeFrequency=600893:w=0.06666666666666667(
        #lengths:document:part=lengths()
        #counts:to:part=postings.porter()
      )
    #bm25:collectionLength=20696521:documentCount=10774:maximumCount=53:nodeDocumentCount=2151:nodeFrequency=4251:w=0.13333333333333333(
        #lengths:document:part=lengths()
        #counts:save:part=postings.porter()
      )
    #bm25:collectionLength=20696521:documentCount=10774:maximumCount=71:nodeDocumentCount=2303:nodeFrequency=7859:w=0.13333333333333333(
        #lengths:document:part=lengths()
        #counts:energy:part=postings.porter()
      )
    #bm25:collectionLength=20696521:documentCount=10774:maximumCount=57:nodeDocumentCount=10552:nodeFrequency=101118:w=0.06666666666666667(
        #lengths:document:part=lengths()
        #counts:at:part=postings.porter()
      )
    #bm25:collectionLength=20696521:documentCount=10774:maximumCount=45:nodeDocumentCount=4420:nodeFrequency=9825:w=0.06666666666666667(
        #lengths:document:part=lengths()
        #counts:home:part=postings.porter()
      )
    #bm25:collectionLength=20696521:documentCount=10774:maximumCount=79:nodeDocumentCount=10181:nodeFrequency=91648:w=0.06666666666666667(
        #lengths:document:part=lengths()
        #counts:can:part=postings.porter()
      )
    #bm25:collectionLength=20696521:documentCount=10774:maximumCount=224:nodeDocumentCount=10325:nodeFrequency=250349:w=0.06666666666666667(
        #lengths:document:part=lengths()
        #counts:we:part=postings.porter()
      )
    #bm25:collectionLength=20696521:documentCount=10774:maximumCount=186:nodeDocumentCount=10745:nodeFrequency=362410:w=0.06666666666666667(
        #lengths:document:part=lengths()
        #counts:in:part=postings.porter()
      )
    #bm25:collectionLength=20696521:documentCount=10774:maximumCount=83:nodeDocumentCount=9570:nodeFrequency=77786:w=0.06666666666666667(
        #lengths:document:part=lengths()
        #counts:our:part=postings.porter()
      )
    #bm25:collectionLength=20696521:documentCount=10774:maximumCount=14:nodeDocumentCount=3238:nodeFrequency=3976:w=0.06666666666666667(
        #lengths:document:part=lengths()
        #counts:daily:part=postings.porter()
      )
    #bm25:collectionLength=20696521:documentCount=10774:maximumCount=52:nodeDocumentCount=9181:nodeFrequency=34650:w=0.06666666666666667(
        #lengths:document:part=lengths()
        #counts:lives:part=postings.porter()
      )
  )

Dec 22, 2017 11:10:38 PM org.lemurproject.galago.core.tools.apps.BatchSearch run
INFO: RUNNING: 5 : #combine(#bm25(human) #bm25(ignorance) #bm25(why) #bm25(are) #bm25(we) #bm25(so) #bm25(ignorant) #bm25(about) #bm25(the) #bm25(world))
Dec 22, 2017 11:10:38 PM org.lemurproject.galago.core.tools.apps.BatchSearch run
INFO: Transformed Query:
#combine:w=1.0(
    #bm25:collectionLength=20696521:documentCount=10774:maximumCount=59:nodeDocumentCount=5732:nodeFrequency=19755:w=0.1(
        #lengths:document:part=lengths()
        #counts:human:part=postings.porter()
      )
    #bm25:collectionLength=20696521:documentCount=10774:maximumCount=29:nodeDocumentCount=998:nodeFrequency=1426:w=0.1(
        #lengths:document:part=lengths()
        #counts:ignorance:part=postings.porter()
      )
    #bm25:collectionLength=20696521:documentCount=10774:maximumCount=29:nodeDocumentCount=7565:nodeFrequency=23414:w=0.1(
        #lengths:document:part=lengths()
        #counts:why:part=postings.porter()
      )
    #bm25:collectionLength=20696521:documentCount=10774:maximumCount=83:nodeDocumentCount=10534:nodeFrequency=140414:w=0.1(
        #lengths:document:part=lengths()
        #counts:are:part=postings.porter()
      )
    #bm25:collectionLength=20696521:documentCount=10774:maximumCount=224:nodeDocumentCount=10325:nodeFrequency=250349:w=0.1(
        #lengths:document:part=lengths()
        #counts:we:part=postings.porter()
      )
    #bm25:collectionLength=20696521:documentCount=10774:maximumCount=96:nodeDocumentCount=10411:nodeFrequency=137644:w=0.1(
        #lengths:document:part=lengths()
        #counts:so:part=postings.porter()
      )
    #bm25:collectionLength=20696521:documentCount=10774:maximumCount=29:nodeDocumentCount=998:nodeFrequency=1426:w=0.1(
        #lengths:document:part=lengths()
        #counts:ignorant:part=postings.porter()
      )
    #bm25:collectionLength=20696521:documentCount=10774:maximumCount=63:nodeDocumentCount=10110:nodeFrequency=91085:w=0.1(
        #lengths:document:part=lengths()
        #counts:about:part=postings.porter()
      )
    #bm25:collectionLength=20696521:documentCount=10774:maximumCount=458:nodeDocumentCount=10767:nodeFrequency=912664:w=0.1(
        #lengths:document:part=lengths()
        #counts:the:part=postings.porter()
      )
    #bm25:collectionLength=20696521:documentCount=10774:maximumCount=57:nodeDocumentCount=8757:nodeFrequency=41197:w=0.1(
        #lengths:document:part=lengths()
        #counts:world:part=postings.porter()
      )
  )

Dec 22, 2017 11:10:38 PM org.lemurproject.galago.core.tools.apps.BatchSearch run
INFO: RUNNING: 6 : #combine(#bm25(impact) #bm25(of) #bm25(music) #bm25(how) #bm25(can) #bm25(music) #bm25(affect) #bm25(our) #bm25(body) #bm25(mind) #bm25(does) #bm25(music) #bm25(changes) #bm25(our) #bm25(emotions) #bm25(or) #bm25(attitude))
Dec 22, 2017 11:10:38 PM org.lemurproject.galago.core.tools.apps.BatchSearch run
INFO: Transformed Query:
#combine:0=1.0:1=1.0:10=1.0:11=1.0:12=1.0:13=1.0:2=3.0:3=1.0:4=1.0:5=1.0:6=2.0:7=1.0:8=1.0:9=1.0:w=1.0(
    #bm25:collectionLength=20696521:documentCount=10774:maximumCount=31:nodeDocumentCount=2260:nodeFrequency=4185:w=0.058823529411764705(
        #lengths:document:part=lengths()
        #counts:impact:part=postings.porter()
      )
    #bm25:collectionLength=20696521:documentCount=10774:maximumCount=306:nodeDocumentCount=10761:nodeFrequency=495312:w=0.058823529411764705(
        #lengths:document:part=lengths()
        #counts:of:part=postings.porter()
      )
    #bm25:collectionLength=20696521:documentCount=10774:maximumCount=82:nodeDocumentCount=2277:nodeFrequency=10978:w=0.17647058823529413(
        #lengths:document:part=lengths()
        #counts:music:part=postings.porter()
      )
    #bm25:collectionLength=20696521:documentCount=10774:maximumCount=43:nodeDocumentCount=9861:nodeFrequency=59260:w=0.058823529411764705(
        #lengths:document:part=lengths()
        #counts:how:part=postings.porter()
      )
    #bm25:collectionLength=20696521:documentCount=10774:maximumCount=79:nodeDocumentCount=10181:nodeFrequency=91648:w=0.058823529411764705(
        #lengths:document:part=lengths()
        #counts:can:part=postings.porter()
      )
    #bm25:collectionLength=20696521:documentCount=10774:maximumCount=15:nodeDocumentCount=1843:nodeFrequency=3052:w=0.058823529411764705(
        #lengths:document:part=lengths()
        #counts:affect:part=postings.porter()
      )
    #bm25:collectionLength=20696521:documentCount=10774:maximumCount=83:nodeDocumentCount=9570:nodeFrequency=77786:w=0.11764705882352941(
        #lengths:document:part=lengths()
        #counts:our:part=postings.porter()
      )
    #bm25:collectionLength=20696521:documentCount=10774:maximumCount=53:nodeDocumentCount=3136:nodeFrequency=9342:w=0.058823529411764705(
        #lengths:document:part=lengths()
        #counts:body:part=postings.porter()
      )
    #bm25:collectionLength=20696521:documentCount=10774:maximumCount=66:nodeDocumentCount=4158:nodeFrequency=9400:w=0.058823529411764705(
        #lengths:document:part=lengths()
        #counts:mind:part=postings.porter()
      )
    #bm25:collectionLength=20696521:documentCount=10774:maximumCount=14:nodeDocumentCount=5616:nodeFrequency=11819:w=0.058823529411764705(
        #lengths:document:part=lengths()
        #counts:does:part=postings.porter()
      )
    #bm25:collectionLength=20696521:documentCount=10774:maximumCount=57:nodeDocumentCount=7609:nodeFrequency=28366:w=0.058823529411764705(
        #lengths:document:part=lengths()
        #counts:changes:part=postings.porter()
      )
    #bm25:collectionLength=20696521:documentCount=10774:maximumCount=41:nodeDocumentCount=1955:nodeFrequency=4779:w=0.058823529411764705(
        #lengths:document:part=lengths()
        #counts:emotions:part=postings.porter()
      )
    #bm25:collectionLength=20696521:documentCount=10774:maximumCount=62:nodeDocumentCount=10090:nodeFrequency=71069:w=0.058823529411764705(
        #lengths:document:part=lengths()
        #counts:or:part=postings.porter()
      )
    #bm25:collectionLength=20696521:documentCount=10774:maximumCount=15:nodeDocumentCount=692:nodeFrequency=1062:w=0.058823529411764705(
        #lengths:document:part=lengths()
        #counts:attitude:part=postings.porter()
      )
  )

Dec 22, 2017 11:10:38 PM org.lemurproject.galago.core.tools.apps.BatchSearch run
INFO: RUNNING: 7 : #combine(#bm25(procrastination) #bm25(why) #bm25(do) #bm25(we) #bm25(procrastinate) #bm25(how) #bm25(can) #bm25(we) #bm25(avoid) #bm25(procrastinating) #bm25(on) #bm25(important) #bm25(task))
Dec 22, 2017 11:10:38 PM org.lemurproject.galago.core.tools.apps.BatchSearch run
INFO: Transformed Query:
#combine:0=1.0:1=1.0:10=1.0:11=1.0:2=1.0:3=2.0:4=1.0:5=1.0:6=1.0:7=1.0:8=1.0:9=1.0:w=1.0(
    #bm25:collectionLength=20696521:documentCount=10774:maximumCount=34:nodeDocumentCount=48:nodeFrequency=201:w=0.07692307692307693(
        #lengths:document:part=lengths()
        #counts:procrastination:part=postings.porter()
      )
    #bm25:collectionLength=20696521:documentCount=10774:maximumCount=29:nodeDocumentCount=7565:nodeFrequency=23414:w=0.07692307692307693(
        #lengths:document:part=lengths()
        #counts:why:part=postings.porter()
      )
    #bm25:collectionLength=20696521:documentCount=10774:maximumCount=59:nodeDocumentCount=9990:nodeFrequency=94009:w=0.07692307692307693(
        #lengths:document:part=lengths()
        #counts:do:part=postings.porter()
      )
    #bm25:collectionLength=20696521:documentCount=10774:maximumCount=224:nodeDocumentCount=10325:nodeFrequency=250349:w=0.15384615384615385(
        #lengths:document:part=lengths()
        #counts:we:part=postings.porter()
      )
    #bm25:collectionLength=20696521:documentCount=10774:maximumCount=34:nodeDocumentCount=48:nodeFrequency=201:w=0.07692307692307693(
        #lengths:document:part=lengths()
        #counts:procrastinate:part=postings.porter()
      )
    #bm25:collectionLength=20696521:documentCount=10774:maximumCount=43:nodeDocumentCount=9861:nodeFrequency=59260:w=0.07692307692307693(
        #lengths:document:part=lengths()
        #counts:how:part=postings.porter()
      )
    #bm25:collectionLength=20696521:documentCount=10774:maximumCount=79:nodeDocumentCount=10181:nodeFrequency=91648:w=0.07692307692307693(
        #lengths:document:part=lengths()
        #counts:can:part=postings.porter()
      )
    #bm25:collectionLength=20696521:documentCount=10774:maximumCount=8:nodeDocumentCount=1147:nodeFrequency=1549:w=0.07692307692307693(
        #lengths:document:part=lengths()
        #counts:avoid:part=postings.porter()
      )
    #bm25:collectionLength=20696521:documentCount=10774:maximumCount=34:nodeDocumentCount=48:nodeFrequency=201:w=0.07692307692307693(
        #lengths:document:part=lengths()
        #counts:procrastinating:part=postings.porter()
      )
    #bm25:collectionLength=20696521:documentCount=10774:maximumCount=79:nodeDocumentCount=10553:nodeFrequency=124664:w=0.07692307692307693(
        #lengths:document:part=lengths()
        #counts:on:part=postings.porter()
      )
    #bm25:collectionLength=20696521:documentCount=10774:maximumCount=24:nodeDocumentCount=6307:nodeFrequency=16130:w=0.07692307692307693(
        #lengths:document:part=lengths()
        #counts:important:part=postings.porter()
      )
    #bm25:collectionLength=20696521:documentCount=10774:maximumCount=25:nodeDocumentCount=1090:nodeFrequency=1860:w=0.07692307692307693(
        #lengths:document:part=lengths()
        #counts:task:part=postings.porter()
      )
  )

Dec 22, 2017 11:10:38 PM org.lemurproject.galago.core.tools.apps.BatchSearch run
INFO: RUNNING: 8 : #combine(#bm25(climate) #bm25(change) #bm25(what) #bm25(are) #bm25(the) #bm25(evidence) #bm25(that) #bm25(points) #bm25(to) #bm25(climate) #bm25(change) #bm25(is) #bm25(it) #bm25(a) #bm25(hoax) #bm25(what) #bm25(can) #bm25(we) #bm25(do) #bm25(to) #bm25(slow) #bm25(it) #bm25(down))
Dec 22, 2017 11:10:38 PM org.lemurproject.galago.core.tools.apps.BatchSearch run
INFO: Transformed Query:
#combine:0=2.0:1=2.0:10=2.0:11=1.0:12=1.0:13=1.0:14=1.0:15=1.0:16=1.0:17=1.0:2=2.0:3=1.0:4=1.0:5=1.0:6=1.0:7=1.0:8=2.0:9=1.0:w=1.0(
    #bm25:collectionLength=20696521:documentCount=10774:maximumCount=37:nodeDocumentCount=1481:nodeFrequency=3199:w=0.08695652173913043(
        #lengths:document:part=lengths()
        #counts:climate:part=postings.porter()
      )
    #bm25:collectionLength=20696521:documentCount=10774:maximumCount=57:nodeDocumentCount=7609:nodeFrequency=28366:w=0.08695652173913043(
        #lengths:document:part=lengths()
        #counts:change:part=postings.porter()
      )
    #bm25:collectionLength=20696521:documentCount=10774:maximumCount=89:nodeDocumentCount=10270:nodeFrequency=116582:w=0.08695652173913043(
        #lengths:document:part=lengths()
        #counts:what:part=postings.porter()
      )
    #bm25:collectionLength=20696521:documentCount=10774:maximumCount=83:nodeDocumentCount=10534:nodeFrequency=140414:w=0.043478260869565216(
        #lengths:document:part=lengths()
        #counts:are:part=postings.porter()
      )
    #bm25:collectionLength=20696521:documentCount=10774:maximumCount=458:nodeDocumentCount=10767:nodeFrequency=912664:w=0.043478260869565216(
        #lengths:document:part=lengths()
        #counts:the:part=postings.porter()
      )
    #bm25:collectionLength=20696521:documentCount=10774:maximumCount=16:nodeDocumentCount=1149:nodeFrequency=1926:w=0.043478260869565216(
        #lengths:document:part=lengths()
        #counts:evidence:part=postings.porter()
      )
    #bm25:collectionLength=20696521:documentCount=10774:maximumCount=254:nodeDocumentCount=10711:nodeFrequency=395805:w=0.043478260869565216(
        #lengths:document:part=lengths()
        #counts:that:part=postings.porter()
      )
    #bm25:collectionLength=20696521:documentCount=10774:maximumCount=27:nodeDocumentCount=5341:nodeFrequency=11593:w=0.043478260869565216(
        #lengths:document:part=lengths()
        #counts:points:part=postings.porter()
      )
    #bm25:collectionLength=20696521:documentCount=10774:maximumCount=338:nodeDocumentCount=10757:nodeFrequency=600893:w=0.08695652173913043(
        #lengths:document:part=lengths()
        #counts:to:part=postings.porter()
      )
    #bm25:collectionLength=20696521:documentCount=10774:maximumCount=236:nodeDocumentCount=10730:nodeFrequency=288801:w=0.043478260869565216(
        #lengths:document:part=lengths()
        #counts:is:part=postings.porter()
      )
    #bm25:collectionLength=20696521:documentCount=10774:maximumCount=203:nodeDocumentCount=10662:nodeFrequency=313392:w=0.08695652173913043(
        #lengths:document:part=lengths()
        #counts:it:part=postings.porter()
      )
    #bm25:collectionLength=20696521:documentCount=10774:maximumCount=220:nodeDocumentCount=10767:nodeFrequency=492030:w=0.043478260869565216(
        #lengths:document:part=lengths()
        #counts:a:part=postings.porter()
      )
    #bm25:collectionLength=20696521:documentCount=10774:maximumCount=4:nodeDocumentCount=22:nodeFrequency=29:w=0.043478260869565216(
        #lengths:document:part=lengths()
        #counts:hoax:part=postings.porter()
      )
    #bm25:collectionLength=20696521:documentCount=10774:maximumCount=79:nodeDocumentCount=10181:nodeFrequency=91648:w=0.043478260869565216(
        #lengths:document:part=lengths()
        #counts:can:part=postings.porter()
      )
    #bm25:collectionLength=20696521:documentCount=10774:maximumCount=224:nodeDocumentCount=10325:nodeFrequency=250349:w=0.043478260869565216(
        #lengths:document:part=lengths()
        #counts:we:part=postings.porter()
      )
    #bm25:collectionLength=20696521:documentCount=10774:maximumCount=59:nodeDocumentCount=9990:nodeFrequency=94009:w=0.043478260869565216(
        #lengths:document:part=lengths()
        #counts:do:part=postings.porter()
      )
    #bm25:collectionLength=20696521:documentCount=10774:maximumCount=52:nodeDocumentCount=955:nodeFrequency=1450:w=0.043478260869565216(
        #lengths:document:part=lengths()
        #counts:slow:part=postings.porter()
      )
    #bm25:collectionLength=20696521:documentCount=10774:maximumCount=25:nodeDocumentCount=6137:nodeFrequency=15221:w=0.043478260869565216(
        #lengths:document:part=lengths()
        #counts:down:part=postings.porter()
      )
  )

Dec 22, 2017 11:10:38 PM org.lemurproject.galago.core.tools.apps.BatchSearch run
INFO: RUNNING: 9 : #combine(#bm25(basic) #bm25(income) #bm25(what) #bm25(are) #bm25(the) #bm25(pros) #bm25(and) #bm25(cons) #bm25(of) #bm25(implementing) #bm25(basic) #bm25(income) #bm25(scheme) #bm25(in) #bm25(a) #bm25(country) #bm25(what) #bm25(are) #bm25(some) #bm25(of) #bm25(the) #bm25(preliminary) #bm25(results) #bm25(for) #bm25(countries) #bm25(states) #bm25(that) #bm25(have) #bm25(implemented) #bm25(such) #bm25(scheme))
Dec 22, 2017 11:10:38 PM org.lemurproject.galago.core.tools.apps.BatchSearch run
INFO: Transformed Query:
#combine:0=2.0:1=2.0:10=2.0:11=1.0:12=1.0:13=1.0:14=1.0:15=1.0:16=1.0:17=1.0:18=1.0:19=1.0:2=2.0:20=1.0:21=1.0:22=1.0:23=1.0:3=2.0:4=2.0:5=1.0:6=1.0:7=1.0:8=2.0:9=1.0:w=1.0(
    #bm25:collectionLength=20696521:documentCount=10774:maximumCount=41:nodeDocumentCount=3035:nodeFrequency=6248:w=0.06451612903225806(
        #lengths:document:part=lengths()
        #counts:basic:part=postings.porter()
      )
    #bm25:collectionLength=20696521:documentCount=10774:maximumCount=55:nodeDocumentCount=678:nodeFrequency=1868:w=0.06451612903225806(
        #lengths:document:part=lengths()
        #counts:income:part=postings.porter()
      )
    #bm25:collectionLength=20696521:documentCount=10774:maximumCount=89:nodeDocumentCount=10270:nodeFrequency=116582:w=0.06451612903225806(
        #lengths:document:part=lengths()
        #counts:what:part=postings.porter()
      )
    #bm25:collectionLength=20696521:documentCount=10774:maximumCount=83:nodeDocumentCount=10534:nodeFrequency=140414:w=0.06451612903225806(
        #lengths:document:part=lengths()
        #counts:are:part=postings.porter()
      )
    #bm25:collectionLength=20696521:documentCount=10774:maximumCount=458:nodeDocumentCount=10767:nodeFrequency=912664:w=0.06451612903225806(
        #lengths:document:part=lengths()
        #counts:the:part=postings.porter()
      )
    #bm25:collectionLength=20696521:documentCount=10774:maximumCount=3:nodeDocumentCount=51:nodeFrequency=59:w=0.03225806451612903(
        #lengths:document:part=lengths()
        #counts:pros:part=postings.porter()
      )
    #bm25:collectionLength=20696521:documentCount=10774:maximumCount=345:nodeDocumentCount=10762:nodeFrequency=650104:w=0.03225806451612903(
        #lengths:document:part=lengths()
        #counts:and:part=postings.porter()
      )
    #bm25:collectionLength=20696521:documentCount=10774:maximumCount=40:nodeDocumentCount=292:nodeFrequency=613:w=0.03225806451612903(
        #lengths:document:part=lengths()
        #counts:cons:part=postings.porter()
      )
    #bm25:collectionLength=20696521:documentCount=10774:maximumCount=306:nodeDocumentCount=10761:nodeFrequency=495312:w=0.06451612903225806(
        #lengths:document:part=lengths()
        #counts:of:part=postings.porter()
      )
    #bm25:collectionLength=20696521:documentCount=10774:maximumCount=8:nodeDocumentCount=605:nodeFrequency=804:w=0.03225806451612903(
        #lengths:document:part=lengths()
        #counts:implementing:part=postings.porter()
      )
    #bm25:collectionLength=20696521:documentCount=10774:maximumCount=5:nodeDocumentCount=195:nodeFrequency=256:w=0.06451612903225806(
        #lengths:document:part=lengths()
        #counts:scheme:part=postings.porter()
      )
    #bm25:collectionLength=20696521:documentCount=10774:maximumCount=186:nodeDocumentCount=10745:nodeFrequency=362410:w=0.03225806451612903(
        #lengths:document:part=lengths()
        #counts:in:part=postings.porter()
      )
    #bm25:collectionLength=20696521:documentCount=10774:maximumCount=220:nodeDocumentCount=10767:nodeFrequency=492030:w=0.03225806451612903(
        #lengths:document:part=lengths()
        #counts:a:part=postings.porter()
      )
    #bm25:collectionLength=20696521:documentCount=10774:maximumCount=62:nodeDocumentCount=4462:nodeFrequency=13917:w=0.03225806451612903(
        #lengths:document:part=lengths()
        #counts:country:part=postings.porter()
      )
    #bm25:collectionLength=20696521:documentCount=10774:maximumCount=37:nodeDocumentCount=8866:nodeFrequency=36218:w=0.03225806451612903(
        #lengths:document:part=lengths()
        #counts:some:part=postings.porter()
      )
    #bm25:collectionLength=20696521:documentCount=10774:maximumCount=3:nodeDocumentCount=52:nodeFrequency=56:w=0.03225806451612903(
        #lengths:document:part=lengths()
        #counts:preliminary:part=postings.porter()
      )
    #bm25:collectionLength=20696521:documentCount=10774:maximumCount=34:nodeDocumentCount=3122:nodeFrequency=5439:w=0.03225806451612903(
        #lengths:document:part=lengths()
        #counts:results:part=postings.porter()
      )
    #bm25:collectionLength=20696521:documentCount=10774:maximumCount=76:nodeDocumentCount=10692:nodeFrequency=151835:w=0.03225806451612903(
        #lengths:document:part=lengths()
        #counts:for:part=postings.porter()
      )
    #bm25:collectionLength=20696521:documentCount=10774:maximumCount=62:nodeDocumentCount=4462:nodeFrequency=13917:w=0.03225806451612903(
        #lengths:document:part=lengths()
        #counts:countries:part=postings.porter()
      )
    #bm25:collectionLength=20696521:documentCount=10774:maximumCount=47:nodeDocumentCount=4996:nodeFrequency=11622:w=0.03225806451612903(
        #lengths:document:part=lengths()
        #counts:states:part=postings.porter()
      )
    #bm25:collectionLength=20696521:documentCount=10774:maximumCount=254:nodeDocumentCount=10711:nodeFrequency=395805:w=0.03225806451612903(
        #lengths:document:part=lengths()
        #counts:that:part=postings.porter()
      )
    #bm25:collectionLength=20696521:documentCount=10774:maximumCount=74:nodeDocumentCount=10432:nodeFrequency=129022:w=0.03225806451612903(
        #lengths:document:part=lengths()
        #counts:have:part=postings.porter()
      )
    #bm25:collectionLength=20696521:documentCount=10774:maximumCount=8:nodeDocumentCount=605:nodeFrequency=804:w=0.03225806451612903(
        #lengths:document:part=lengths()
        #counts:implemented:part=postings.porter()
      )
    #bm25:collectionLength=20696521:documentCount=10774:maximumCount=23:nodeDocumentCount=4840:nodeFrequency=9476:w=0.03225806451612903(
        #lengths:document:part=lengths()
        #counts:such:part=postings.porter()
      )
  )

Dec 22, 2017 11:10:38 PM org.lemurproject.galago.core.tools.apps.BatchSearch run
INFO: RUNNING: 10 : #combine(#bm25(artificial) #bm25(intelligence) #bm25(smarter) #bm25(than) #bm25(human) #bm25(does) #bm25(artificial) #bm25(intelligence) #bm25(smarter) #bm25(than) #bm25(human) #bm25(can) #bm25(ai) #bm25(replace) #bm25(the) #bm25(brain) #bm25(of) #bm25(human) #bm25(being) #bm25(to) #bm25(what) #bm25(extent) #bm25(the) #bm25(field) #bm25(of) #bm25(ai) #bm25(can) #bm25(affect) #bm25(the) #bm25(people))
Dec 22, 2017 11:10:39 PM org.lemurproject.galago.core.tools.apps.BatchSearch run
INFO: Transformed Query:
#combine:0=2.0:1=2.0:10=1.0:11=2.0:12=1.0:13=1.0:14=1.0:15=1.0:16=1.0:17=1.0:18=1.0:2=2.0:3=2.0:4=3.0:5=1.0:6=2.0:7=2.0:8=1.0:9=3.0:w=1.0(
    #bm25:collectionLength=20696521:documentCount=10774:maximumCount=17:nodeDocumentCount=517:nodeFrequency=1019:w=0.06666666666666667(
        #lengths:document:part=lengths()
        #counts:artificial:part=postings.porter()
      )
    #bm25:collectionLength=20696521:documentCount=10774:maximumCount=46:nodeDocumentCount=1160:nodeFrequency=2796:w=0.06666666666666667(
        #lengths:document:part=lengths()
        #counts:intelligence:part=postings.porter()
      )
    #bm25:collectionLength=20696521:documentCount=10774:maximumCount=11:nodeDocumentCount=291:nodeFrequency=431:w=0.06666666666666667(
        #lengths:document:part=lengths()
        #counts:smarter:part=postings.porter()
      )
    #bm25:collectionLength=20696521:documentCount=10774:maximumCount=31:nodeDocumentCount=8163:nodeFrequency=24815:w=0.06666666666666667(
        #lengths:document:part=lengths()
        #counts:than:part=postings.porter()
      )
    #bm25:collectionLength=20696521:documentCount=10774:maximumCount=59:nodeDocumentCount=5732:nodeFrequency=19755:w=0.1(
        #lengths:document:part=lengths()
        #counts:human:part=postings.porter()
      )
    #bm25:collectionLength=20696521:documentCount=10774:maximumCount=14:nodeDocumentCount=5616:nodeFrequency=11819:w=0.03333333333333333(
        #lengths:document:part=lengths()
        #counts:does:part=postings.porter()
      )
    #bm25:collectionLength=20696521:documentCount=10774:maximumCount=79:nodeDocumentCount=10181:nodeFrequency=91648:w=0.06666666666666667(
        #lengths:document:part=lengths()
        #counts:can:part=postings.porter()
      )
    #bm25:collectionLength=20696521:documentCount=10774:maximumCount=35:nodeDocumentCount=133:nodeFrequency=444:w=0.06666666666666667(
        #lengths:document:part=lengths()
        #counts:ai:part=postings.porter()
      )
    #bm25:collectionLength=20696521:documentCount=10774:maximumCount=11:nodeDocumentCount=945:nodeFrequency=1370:w=0.03333333333333333(
        #lengths:document:part=lengths()
        #counts:replace:part=postings.porter()
      )
    #bm25:collectionLength=20696521:documentCount=10774:maximumCount=458:nodeDocumentCount=10767:nodeFrequency=912664:w=0.1(
        #lengths:document:part=lengths()
        #counts:the:part=postings.porter()
      )
    #bm25:collectionLength=20696521:documentCount=10774:maximumCount=136:nodeDocumentCount=2183:nodeFrequency=12554:w=0.03333333333333333(
        #lengths:document:part=lengths()
        #counts:brain:part=postings.porter()
      )
    #bm25:collectionLength=20696521:documentCount=10774:maximumCount=306:nodeDocumentCount=10761:nodeFrequency=495312:w=0.06666666666666667(
        #lengths:document:part=lengths()
        #counts:of:part=postings.porter()
      )
    #bm25:collectionLength=20696521:documentCount=10774:maximumCount=87:nodeDocumentCount=10493:nodeFrequency=118163:w=0.03333333333333333(
        #lengths:document:part=lengths()
        #counts:being:part=postings.porter()
      )
    #bm25:collectionLength=20696521:documentCount=10774:maximumCount=338:nodeDocumentCount=10757:nodeFrequency=600893:w=0.03333333333333333(
        #lengths:document:part=lengths()
        #counts:to:part=postings.porter()
      )
    #bm25:collectionLength=20696521:documentCount=10774:maximumCount=89:nodeDocumentCount=10270:nodeFrequency=116582:w=0.03333333333333333(
        #lengths:document:part=lengths()
        #counts:what:part=postings.porter()
      )
    #bm25:collectionLength=20696521:documentCount=10774:maximumCount=6:nodeDocumentCount=425:nodeFrequency=518:w=0.03333333333333333(
        #lengths:document:part=lengths()
        #counts:extent:part=postings.porter()
      )
    #bm25:collectionLength=20696521:documentCount=10774:maximumCount=35:nodeDocumentCount=2364:nodeFrequency=4388:w=0.03333333333333333(
        #lengths:document:part=lengths()
        #counts:field:part=postings.porter()
      )
    #bm25:collectionLength=20696521:documentCount=10774:maximumCount=15:nodeDocumentCount=1843:nodeFrequency=3052:w=0.03333333333333333(
        #lengths:document:part=lengths()
        #counts:affect:part=postings.porter()
      )
    #bm25:collectionLength=20696521:documentCount=10774:maximumCount=78:nodeDocumentCount=9660:nodeFrequency=80661:w=0.03333333333333333(
        #lengths:document:part=lengths()
        #counts:people:part=postings.porter()
      )
  )

Dec 22, 2017 11:10:39 PM org.lemurproject.galago.core.tools.apps.BatchSearch run
INFO: RUNNING: 11 : #combine(#bm25(doodlers) #bm25(behavior) #bm25(the) #bm25(meaning) #bm25(of) #bm25(doodles) #bm25(and) #bm25(how) #bm25(psychologists) #bm25(can) #bm25(use) #bm25(it))
Dec 22, 2017 11:10:39 PM org.lemurproject.galago.core.tools.apps.BatchSearch run
INFO: Transformed Query:
#combine:w=1.0(
    #bm25:collectionLength=20696521:documentCount=10774:maximumCount=2:nodeDocumentCount=3:nodeFrequency=4:w=0.08333333333333333(
        #lengths:document:part=lengths()
        #counts:doodlers:part=postings.porter()
      )
    #bm25:collectionLength=20696521:documentCount=10774:maximumCount=31:nodeDocumentCount=1593:nodeFrequency=3671:w=0.08333333333333333(
        #lengths:document:part=lengths()
        #counts:behavior:part=postings.porter()
      )
    #bm25:collectionLength=20696521:documentCount=10774:maximumCount=458:nodeDocumentCount=10767:nodeFrequency=912664:w=0.08333333333333333(
        #lengths:document:part=lengths()
        #counts:the:part=postings.porter()
      )
    #bm25:collectionLength=20696521:documentCount=10774:maximumCount=49:nodeDocumentCount=7070:nodeFrequency=20142:w=0.08333333333333333(
        #lengths:document:part=lengths()
        #counts:meaning:part=postings.porter()
      )
    #bm25:collectionLength=20696521:documentCount=10774:maximumCount=306:nodeDocumentCount=10761:nodeFrequency=495312:w=0.08333333333333333(
        #lengths:document:part=lengths()
        #counts:of:part=postings.porter()
      )
    #bm25:collectionLength=20696521:documentCount=10774:maximumCount=37:nodeDocumentCount=42:nodeFrequency=87:w=0.08333333333333333(
        #lengths:document:part=lengths()
        #counts:doodles:part=postings.porter()
      )
    #bm25:collectionLength=20696521:documentCount=10774:maximumCount=345:nodeDocumentCount=10762:nodeFrequency=650104:w=0.08333333333333333(
        #lengths:document:part=lengths()
        #counts:and:part=postings.porter()
      )
    #bm25:collectionLength=20696521:documentCount=10774:maximumCount=43:nodeDocumentCount=9861:nodeFrequency=59260:w=0.08333333333333333(
        #lengths:document:part=lengths()
        #counts:how:part=postings.porter()
      )
    #bm25:collectionLength=20696521:documentCount=10774:maximumCount=8:nodeDocumentCount=521:nodeFrequency=772:w=0.08333333333333333(
        #lengths:document:part=lengths()
        #counts:psychologists:part=postings.porter()
      )
    #bm25:collectionLength=20696521:documentCount=10774:maximumCount=79:nodeDocumentCount=10181:nodeFrequency=91648:w=0.08333333333333333(
        #lengths:document:part=lengths()
        #counts:can:part=postings.porter()
      )
    #bm25:collectionLength=20696521:documentCount=10774:maximumCount=60:nodeDocumentCount=9116:nodeFrequency=40103:w=0.08333333333333333(
        #lengths:document:part=lengths()
        #counts:use:part=postings.porter()
      )
    #bm25:collectionLength=20696521:documentCount=10774:maximumCount=203:nodeDocumentCount=10662:nodeFrequency=313392:w=0.08333333333333333(
        #lengths:document:part=lengths()
        #counts:it:part=postings.porter()
      )
  )

Dec 22, 2017 11:10:39 PM org.lemurproject.galago.core.tools.apps.BatchSearch run
INFO: RUNNING: 12 : #combine(#bm25(internet) #bm25(of) #bm25(things) #bm25(evolution) #bm25(what) #bm25(is) #bm25(iot) #bm25(and) #bm25(the) #bm25(current) #bm25(concerns) #bm25(about) #bm25(iot))
Dec 22, 2017 11:10:39 PM org.lemurproject.galago.core.tools.apps.BatchSearch run
INFO: Transformed Query:
#combine:0=1.0:1=1.0:10=1.0:11=1.0:2=1.0:3=1.0:4=1.0:5=1.0:6=2.0:7=1.0:8=1.0:9=1.0:w=1.0(
    #bm25:collectionLength=20696521:documentCount=10774:maximumCount=56:nodeDocumentCount=1760:nodeFrequency=4725:w=0.07692307692307693(
        #lengths:document:part=lengths()
        #counts:internet:part=postings.porter()
      )
    #bm25:collectionLength=20696521:documentCount=10774:maximumCount=306:nodeDocumentCount=10761:nodeFrequency=495312:w=0.07692307692307693(
        #lengths:document:part=lengths()
        #counts:of:part=postings.porter()
      )
    #bm25:collectionLength=20696521:documentCount=10774:maximumCount=54:nodeDocumentCount=8917:nodeFrequency=50666:w=0.07692307692307693(
        #lengths:document:part=lengths()
        #counts:things:part=postings.porter()
      )
    #bm25:collectionLength=20696521:documentCount=10774:maximumCount=31:nodeDocumentCount=799:nodeFrequency=1552:w=0.07692307692307693(
        #lengths:document:part=lengths()
        #counts:evolution:part=postings.porter()
      )
    #bm25:collectionLength=20696521:documentCount=10774:maximumCount=89:nodeDocumentCount=10270:nodeFrequency=116582:w=0.07692307692307693(
        #lengths:document:part=lengths()
        #counts:what:part=postings.porter()
      )
    #bm25:collectionLength=20696521:documentCount=10774:maximumCount=236:nodeDocumentCount=10730:nodeFrequency=288801:w=0.07692307692307693(
        #lengths:document:part=lengths()
        #counts:is:part=postings.porter()
      )
    #bm25:collectionLength=20696521:documentCount=10774:maximumCount=8:nodeDocumentCount=7:nodeFrequency=18:w=0.15384615384615385(
        #lengths:document:part=lengths()
        #counts:iot:part=postings.porter()
      )
    #bm25:collectionLength=20696521:documentCount=10774:maximumCount=345:nodeDocumentCount=10762:nodeFrequency=650104:w=0.07692307692307693(
        #lengths:document:part=lengths()
        #counts:and:part=postings.porter()
      )
    #bm25:collectionLength=20696521:documentCount=10774:maximumCount=458:nodeDocumentCount=10767:nodeFrequency=912664:w=0.07692307692307693(
        #lengths:document:part=lengths()
        #counts:the:part=postings.porter()
      )
    #bm25:collectionLength=20696521:documentCount=10774:maximumCount=20:nodeDocumentCount=2508:nodeFrequency=3797:w=0.07692307692307693(
        #lengths:document:part=lengths()
        #counts:current:part=postings.porter()
      )
    #bm25:collectionLength=20696521:documentCount=10774:maximumCount=9:nodeDocumentCount=1292:nodeFrequency=1820:w=0.07692307692307693(
        #lengths:document:part=lengths()
        #counts:concerns:part=postings.porter()
      )
    #bm25:collectionLength=20696521:documentCount=10774:maximumCount=63:nodeDocumentCount=10110:nodeFrequency=91085:w=0.07692307692307693(
        #lengths:document:part=lengths()
        #counts:about:part=postings.porter()
      )
  )

Dec 22, 2017 11:10:39 PM org.lemurproject.galago.core.tools.apps.BatchSearch run
INFO: RUNNING: 13 : #combine(#bm25(the) #bm25(power) #bm25(of) #bm25(women) #bm25(can) #bm25(women) #bm25(be) #bm25(leader) #bm25(do) #bm25(women) #bm25(can) #bm25(do) #bm25(things) #bm25(the) #bm25(men) #bm25(could) #bm25(not) #bm25(what) #bm25(makes) #bm25(women) #bm25(strong))
Dec 22, 2017 11:10:39 PM org.lemurproject.galago.core.tools.apps.BatchSearch run
INFO: Transformed Query:
#combine:0=2.0:1=1.0:10=1.0:11=1.0:12=1.0:13=1.0:14=1.0:2=1.0:3=4.0:4=2.0:5=1.0:6=1.0:7=2.0:8=1.0:9=1.0:w=1.0(
    #bm25:collectionLength=20696521:documentCount=10774:maximumCount=458:nodeDocumentCount=10767:nodeFrequency=912664:w=0.09523809523809523(
        #lengths:document:part=lengths()
        #counts:the:part=postings.porter()
      )
    #bm25:collectionLength=20696521:documentCount=10774:maximumCount=79:nodeDocumentCount=4627:nodeFrequency=12341:w=0.047619047619047616(
        #lengths:document:part=lengths()
        #counts:power:part=postings.porter()
      )
    #bm25:collectionLength=20696521:documentCount=10774:maximumCount=306:nodeDocumentCount=10761:nodeFrequency=495312:w=0.047619047619047616(
        #lengths:document:part=lengths()
        #counts:of:part=postings.porter()
      )
    #bm25:collectionLength=20696521:documentCount=10774:maximumCount=98:nodeDocumentCount=2337:nodeFrequency=11917:w=0.19047619047619047(
        #lengths:document:part=lengths()
        #counts:women:part=postings.porter()
      )
    #bm25:collectionLength=20696521:documentCount=10774:maximumCount=79:nodeDocumentCount=10181:nodeFrequency=91648:w=0.09523809523809523(
        #lengths:document:part=lengths()
        #counts:can:part=postings.porter()
      )
    #bm25:collectionLength=20696521:documentCount=10774:maximumCount=87:nodeDocumentCount=10493:nodeFrequency=118163:w=0.047619047619047616(
        #lengths:document:part=lengths()
        #counts:be:part=postings.porter()
      )
    #bm25:collectionLength=20696521:documentCount=10774:maximumCount=27:nodeDocumentCount=1421:nodeFrequency=2935:w=0.047619047619047616(
        #lengths:document:part=lengths()
        #counts:leader:part=postings.porter()
      )
    #bm25:collectionLength=20696521:documentCount=10774:maximumCount=59:nodeDocumentCount=9990:nodeFrequency=94009:w=0.09523809523809523(
        #lengths:document:part=lengths()
        #counts:do:part=postings.porter()
      )
    #bm25:collectionLength=20696521:documentCount=10774:maximumCount=54:nodeDocumentCount=8917:nodeFrequency=50666:w=0.047619047619047616(
        #lengths:document:part=lengths()
        #counts:things:part=postings.porter()
      )
    #bm25:collectionLength=20696521:documentCount=10774:maximumCount=79:nodeDocumentCount=1990:nodeFrequency=6128:w=0.047619047619047616(
        #lengths:document:part=lengths()
        #counts:men:part=postings.porter()
      )
    #bm25:collectionLength=20696521:documentCount=10774:maximumCount=29:nodeDocumentCount=8136:nodeFrequency=29935:w=0.047619047619047616(
        #lengths:document:part=lengths()
        #counts:could:part=postings.porter()
      )
    #bm25:collectionLength=20696521:documentCount=10774:maximumCount=72:nodeDocumentCount=10145:nodeFrequency=88223:w=0.047619047619047616(
        #lengths:document:part=lengths()
        #counts:not:part=postings.porter()
      )
    #bm25:collectionLength=20696521:documentCount=10774:maximumCount=89:nodeDocumentCount=10270:nodeFrequency=116582:w=0.047619047619047616(
        #lengths:document:part=lengths()
        #counts:what:part=postings.porter()
      )
    #bm25:collectionLength=20696521:documentCount=10774:maximumCount=46:nodeDocumentCount=9417:nodeFrequency=45631:w=0.047619047619047616(
        #lengths:document:part=lengths()
        #counts:makes:part=postings.porter()
      )
    #bm25:collectionLength=20696521:documentCount=10774:maximumCount=19:nodeDocumentCount=2025:nodeFrequency=3032:w=0.047619047619047616(
        #lengths:document:part=lengths()
        #counts:strong:part=postings.porter()
      )
  )

Dec 22, 2017 11:10:39 PM org.lemurproject.galago.core.tools.apps.BatchSearch run
INFO: RUNNING: 14 : #combine(#bm25(effect) #bm25(of) #bm25(classical) #bm25(music) #bm25(how) #bm25(does) #bm25(classical) #bm25(music) #bm25(affect) #bm25(us))
Dec 22, 2017 11:10:39 PM org.lemurproject.galago.core.tools.apps.BatchSearch run
INFO: Transformed Query:
#combine:0=1.0:1=1.0:2=2.0:3=2.0:4=1.0:5=1.0:6=1.0:7=1.0:w=1.0(
    #bm25:collectionLength=20696521:documentCount=10774:maximumCount=26:nodeDocumentCount=2903:nodeFrequency=5808:w=0.1(
        #lengths:document:part=lengths()
        #counts:effect:part=postings.porter()
      )
    #bm25:collectionLength=20696521:documentCount=10774:maximumCount=306:nodeDocumentCount=10761:nodeFrequency=495312:w=0.1(
        #lengths:document:part=lengths()
        #counts:of:part=postings.porter()
      )
    #bm25:collectionLength=20696521:documentCount=10774:maximumCount=37:nodeDocumentCount=716:nodeFrequency=1344:w=0.2(
        #lengths:document:part=lengths()
        #counts:classical:part=postings.porter()
      )
    #bm25:collectionLength=20696521:documentCount=10774:maximumCount=82:nodeDocumentCount=2277:nodeFrequency=10978:w=0.2(
        #lengths:document:part=lengths()
        #counts:music:part=postings.porter()
      )
    #bm25:collectionLength=20696521:documentCount=10774:maximumCount=43:nodeDocumentCount=9861:nodeFrequency=59260:w=0.1(
        #lengths:document:part=lengths()
        #counts:how:part=postings.porter()
      )
    #bm25:collectionLength=20696521:documentCount=10774:maximumCount=14:nodeDocumentCount=5616:nodeFrequency=11819:w=0.1(
        #lengths:document:part=lengths()
        #counts:does:part=postings.porter()
      )
    #bm25:collectionLength=20696521:documentCount=10774:maximumCount=15:nodeDocumentCount=1843:nodeFrequency=3052:w=0.1(
        #lengths:document:part=lengths()
        #counts:affect:part=postings.porter()
      )
    #bm25:collectionLength=20696521:documentCount=10774:maximumCount=46:nodeDocumentCount=9146:nodeFrequency=48017:w=0.1(
        #lengths:document:part=lengths()
        #counts:us:part=postings.porter()
      )
  )

Dec 22, 2017 11:10:39 PM org.lemurproject.galago.core.tools.apps.BatchSearch run
INFO: RUNNING: 15 : #combine(#bm25(importance) #bm25(of) #bm25(body) #bm25(language) #bm25(how) #bm25(does) #bm25(body) #bm25(language) #bm25(affects) #bm25(how) #bm25(others) #bm25(see) #bm25(us) #bm25(and) #bm25(how) #bm25(can) #bm25(it) #bm25(also) #bm25(change) #bm25(how) #bm25(we) #bm25(see) #bm25(ourselves))
Dec 22, 2017 11:10:39 PM org.lemurproject.galago.core.tools.apps.BatchSearch run
INFO: Transformed Query:
#combine:0=1.0:1=1.0:10=1.0:11=1.0:12=1.0:13=1.0:14=1.0:15=1.0:16=1.0:2=2.0:3=2.0:4=4.0:5=1.0:6=1.0:7=1.0:8=2.0:9=1.0:w=1.0(
    #bm25:collectionLength=20696521:documentCount=10774:maximumCount=24:nodeDocumentCount=6307:nodeFrequency=16130:w=0.043478260869565216(
        #lengths:document:part=lengths()
        #counts:importance:part=postings.porter()
      )
    #bm25:collectionLength=20696521:documentCount=10774:maximumCount=306:nodeDocumentCount=10761:nodeFrequency=495312:w=0.043478260869565216(
        #lengths:document:part=lengths()
        #counts:of:part=postings.porter()
      )
    #bm25:collectionLength=20696521:documentCount=10774:maximumCount=53:nodeDocumentCount=3136:nodeFrequency=9342:w=0.08695652173913043(
        #lengths:document:part=lengths()
        #counts:body:part=postings.porter()
      )
    #bm25:collectionLength=20696521:documentCount=10774:maximumCount=101:nodeDocumentCount=3953:nodeFrequency=11251:w=0.08695652173913043(
        #lengths:document:part=lengths()
        #counts:language:part=postings.porter()
      )
    #bm25:collectionLength=20696521:documentCount=10774:maximumCount=43:nodeDocumentCount=9861:nodeFrequency=59260:w=0.17391304347826086(
        #lengths:document:part=lengths()
        #counts:how:part=postings.porter()
      )
    #bm25:collectionLength=20696521:documentCount=10774:maximumCount=14:nodeDocumentCount=5616:nodeFrequency=11819:w=0.043478260869565216(
        #lengths:document:part=lengths()
        #counts:does:part=postings.porter()
      )
    #bm25:collectionLength=20696521:documentCount=10774:maximumCount=15:nodeDocumentCount=1843:nodeFrequency=3052:w=0.043478260869565216(
        #lengths:document:part=lengths()
        #counts:affects:part=postings.porter()
      )
    #bm25:collectionLength=20696521:documentCount=10774:maximumCount=61:nodeDocumentCount=9283:nodeFrequency=39978:w=0.043478260869565216(
        #lengths:document:part=lengths()
        #counts:others:part=postings.porter()
      )
    #bm25:collectionLength=20696521:documentCount=10774:maximumCount=62:nodeDocumentCount=8893:nodeFrequency=43490:w=0.08695652173913043(
        #lengths:document:part=lengths()
        #counts:see:part=postings.porter()
      )
    #bm25:collectionLength=20696521:documentCount=10774:maximumCount=46:nodeDocumentCount=9146:nodeFrequency=48017:w=0.043478260869565216(
        #lengths:document:part=lengths()
        #counts:us:part=postings.porter()
      )
    #bm25:collectionLength=20696521:documentCount=10774:maximumCount=345:nodeDocumentCount=10762:nodeFrequency=650104:w=0.043478260869565216(
        #lengths:document:part=lengths()
        #counts:and:part=postings.porter()
      )
    #bm25:collectionLength=20696521:documentCount=10774:maximumCount=79:nodeDocumentCount=10181:nodeFrequency=91648:w=0.043478260869565216(
        #lengths:document:part=lengths()
        #counts:can:part=postings.porter()
      )
    #bm25:collectionLength=20696521:documentCount=10774:maximumCount=203:nodeDocumentCount=10662:nodeFrequency=313392:w=0.043478260869565216(
        #lengths:document:part=lengths()
        #counts:it:part=postings.porter()
      )
    #bm25:collectionLength=20696521:documentCount=10774:maximumCount=29:nodeDocumentCount=8501:nodeFrequency=29544:w=0.043478260869565216(
        #lengths:document:part=lengths()
        #counts:also:part=postings.porter()
      )
    #bm25:collectionLength=20696521:documentCount=10774:maximumCount=57:nodeDocumentCount=7609:nodeFrequency=28366:w=0.043478260869565216(
        #lengths:document:part=lengths()
        #counts:change:part=postings.porter()
      )
    #bm25:collectionLength=20696521:documentCount=10774:maximumCount=224:nodeDocumentCount=10325:nodeFrequency=250349:w=0.043478260869565216(
        #lengths:document:part=lengths()
        #counts:we:part=postings.porter()
      )
    #bm25:collectionLength=20696521:documentCount=10774:maximumCount=32:nodeDocumentCount=2998:nodeFrequency=5438:w=0.043478260869565216(
        #lengths:document:part=lengths()
        #counts:ourselves:part=postings.porter()
      )
  )

Dec 22, 2017 11:10:39 PM org.lemurproject.galago.core.tools.apps.BatchSearch run
INFO: RUNNING: 16 : #combine(#bm25(importance) #bm25(of) #bm25(creativity) #bm25(in) #bm25(schools) #bm25(why) #bm25(creating) #bm25(an) #bm25(education) #bm25(system) #bm25(that) #bm25(nurtures) #bm25(rather) #bm25(than) #bm25(undermines) #bm25(creativity) #bm25(is) #bm25(important))
Dec 22, 2017 11:10:39 PM org.lemurproject.galago.core.tools.apps.BatchSearch run
INFO: Transformed Query:
#combine:0=1.0:1=1.0:10=1.0:11=1.0:12=1.0:13=1.0:14=1.0:15=1.0:16=1.0:2=2.0:3=1.0:4=1.0:5=1.0:6=1.0:7=1.0:8=1.0:9=1.0:w=1.0(
    #bm25:collectionLength=20696521:documentCount=10774:maximumCount=24:nodeDocumentCount=6307:nodeFrequency=16130:w=0.05555555555555555(
        #lengths:document:part=lengths()
        #counts:importance:part=postings.porter()
      )
    #bm25:collectionLength=20696521:documentCount=10774:maximumCount=306:nodeDocumentCount=10761:nodeFrequency=495312:w=0.05555555555555555(
        #lengths:document:part=lengths()
        #counts:of:part=postings.porter()
      )
    #bm25:collectionLength=20696521:documentCount=10774:maximumCount=44:nodeDocumentCount=2158:nodeFrequency=5403:w=0.1111111111111111(
        #lengths:document:part=lengths()
        #counts:creativity:part=postings.porter()
      )
    #bm25:collectionLength=20696521:documentCount=10774:maximumCount=186:nodeDocumentCount=10745:nodeFrequency=362410:w=0.05555555555555555(
        #lengths:document:part=lengths()
        #counts:in:part=postings.porter()
      )
    #bm25:collectionLength=20696521:documentCount=10774:maximumCount=65:nodeDocumentCount=4816:nodeFrequency=17576:w=0.05555555555555555(
        #lengths:document:part=lengths()
        #counts:schools:part=postings.porter()
      )
    #bm25:collectionLength=20696521:documentCount=10774:maximumCount=29:nodeDocumentCount=7565:nodeFrequency=23414:w=0.05555555555555555(
        #lengths:document:part=lengths()
        #counts:why:part=postings.porter()
      )
    #bm25:collectionLength=20696521:documentCount=10774:maximumCount=34:nodeDocumentCount=5939:nodeFrequency=17748:w=0.05555555555555555(
        #lengths:document:part=lengths()
        #counts:creating:part=postings.porter()
      )
    #bm25:collectionLength=20696521:documentCount=10774:maximumCount=32:nodeDocumentCount=10241:nodeFrequency=65086:w=0.05555555555555555(
        #lengths:document:part=lengths()
        #counts:an:part=postings.porter()
      )
    #bm25:collectionLength=20696521:documentCount=10774:maximumCount=62:nodeDocumentCount=5028:nodeFrequency=13741:w=0.05555555555555555(
        #lengths:document:part=lengths()
        #counts:education:part=postings.porter()
      )
    #bm25:collectionLength=20696521:documentCount=10774:maximumCount=62:nodeDocumentCount=3995:nodeFrequency=13186:w=0.05555555555555555(
        #lengths:document:part=lengths()
        #counts:system:part=postings.porter()
      )
    #bm25:collectionLength=20696521:documentCount=10774:maximumCount=254:nodeDocumentCount=10711:nodeFrequency=395805:w=0.05555555555555555(
        #lengths:document:part=lengths()
        #counts:that:part=postings.porter()
      )
    #bm25:collectionLength=20696521:documentCount=10774:maximumCount=11:nodeDocumentCount=278:nodeFrequency=392:w=0.05555555555555555(
        #lengths:document:part=lengths()
        #counts:nurtures:part=postings.porter()
      )
    #bm25:collectionLength=20696521:documentCount=10774:maximumCount=14:nodeDocumentCount=2646:nodeFrequency=4020:w=0.05555555555555555(
        #lengths:document:part=lengths()
        #counts:rather:part=postings.porter()
      )
    #bm25:collectionLength=20696521:documentCount=10774:maximumCount=31:nodeDocumentCount=8163:nodeFrequency=24815:w=0.05555555555555555(
        #lengths:document:part=lengths()
        #counts:than:part=postings.porter()
      )
    #bm25:collectionLength=20696521:documentCount=10774:maximumCount=3:nodeDocumentCount=138:nodeFrequency=165:w=0.05555555555555555(
        #lengths:document:part=lengths()
        #counts:undermines:part=postings.porter()
      )
    #bm25:collectionLength=20696521:documentCount=10774:maximumCount=236:nodeDocumentCount=10730:nodeFrequency=288801:w=0.05555555555555555(
        #lengths:document:part=lengths()
        #counts:is:part=postings.porter()
      )
    #bm25:collectionLength=20696521:documentCount=10774:maximumCount=24:nodeDocumentCount=6307:nodeFrequency=16130:w=0.05555555555555555(
        #lengths:document:part=lengths()
        #counts:important:part=postings.porter()
      )
  )

Dec 22, 2017 11:10:39 PM org.lemurproject.galago.core.tools.apps.BatchSearch run
INFO: RUNNING: 17 : #combine(#bm25(how) #bm25(to) #bm25(stay) #bm25(calm) #bm25(how) #bm25(to) #bm25(avoid) #bm25(making) #bm25(critical) #bm25(mistakes) #bm25(in) #bm25(stressful) #bm25(situations) #bm25(when) #bm25(your) #bm25(thinking) #bm25(becomes) #bm25(clouded))
Dec 22, 2017 11:10:39 PM org.lemurproject.galago.core.tools.apps.BatchSearch run
INFO: Transformed Query:
#combine:0=2.0:1=2.0:10=1.0:11=1.0:12=1.0:13=1.0:14=1.0:15=1.0:2=1.0:3=1.0:4=1.0:5=1.0:6=1.0:7=1.0:8=1.0:9=1.0:w=1.0(
    #bm25:collectionLength=20696521:documentCount=10774:maximumCount=43:nodeDocumentCount=9861:nodeFrequency=59260:w=0.1111111111111111(
        #lengths:document:part=lengths()
        #counts:how:part=postings.porter()
      )
    #bm25:collectionLength=20696521:documentCount=10774:maximumCount=338:nodeDocumentCount=10757:nodeFrequency=600893:w=0.1111111111111111(
        #lengths:document:part=lengths()
        #counts:to:part=postings.porter()
      )
    #bm25:collectionLength=20696521:documentCount=10774:maximumCount=12:nodeDocumentCount=2673:nodeFrequency=4127:w=0.05555555555555555(
        #lengths:document:part=lengths()
        #counts:stay:part=postings.porter()
      )
    #bm25:collectionLength=20696521:documentCount=10774:maximumCount=9:nodeDocumentCount=480:nodeFrequency=690:w=0.05555555555555555(
        #lengths:document:part=lengths()
        #counts:calm:part=postings.porter()
      )
    #bm25:collectionLength=20696521:documentCount=10774:maximumCount=8:nodeDocumentCount=1147:nodeFrequency=1549:w=0.05555555555555555(
        #lengths:document:part=lengths()
        #counts:avoid:part=postings.porter()
      )
    #bm25:collectionLength=20696521:documentCount=10774:maximumCount=46:nodeDocumentCount=9417:nodeFrequency=45631:w=0.05555555555555555(
        #lengths:document:part=lengths()
        #counts:making:part=postings.porter()
      )
    #bm25:collectionLength=20696521:documentCount=10774:maximumCount=25:nodeDocumentCount=1498:nodeFrequency=2397:w=0.05555555555555555(
        #lengths:document:part=lengths()
        #counts:critical:part=postings.porter()
      )
    #bm25:collectionLength=20696521:documentCount=10774:maximumCount=30:nodeDocumentCount=968:nodeFrequency=1784:w=0.05555555555555555(
        #lengths:document:part=lengths()
        #counts:mistakes:part=postings.porter()
      )
    #bm25:collectionLength=20696521:documentCount=10774:maximumCount=186:nodeDocumentCount=10745:nodeFrequency=362410:w=0.05555555555555555(
        #lengths:document:part=lengths()
        #counts:in:part=postings.porter()
      )
    #bm25:collectionLength=20696521:documentCount=10774:maximumCount=87:nodeDocumentCount=993:nodeFrequency=2693:w=0.05555555555555555(
        #lengths:document:part=lengths()
        #counts:stressful:part=postings.porter()
      )
    #bm25:collectionLength=20696521:documentCount=10774:maximumCount=17:nodeDocumentCount=2454:nodeFrequency=4315:w=0.05555555555555555(
        #lengths:document:part=lengths()
        #counts:situations:part=postings.porter()
      )
    #bm25:collectionLength=20696521:documentCount=10774:maximumCount=49:nodeDocumentCount=9973:nodeFrequency=65561:w=0.05555555555555555(
        #lengths:document:part=lengths()
        #counts:when:part=postings.porter()
      )
    #bm25:collectionLength=20696521:documentCount=10774:maximumCount=136:nodeDocumentCount=9129:nodeFrequency=77615:w=0.05555555555555555(
        #lengths:document:part=lengths()
        #counts:your:part=postings.porter()
      )
    #bm25:collectionLength=20696521:documentCount=10774:maximumCount=98:nodeDocumentCount=8907:nodeFrequency=50682:w=0.05555555555555555(
        #lengths:document:part=lengths()
        #counts:thinking:part=postings.porter()
      )
    #bm25:collectionLength=20696521:documentCount=10774:maximumCount=25:nodeDocumentCount=6058:nodeFrequency=13473:w=0.05555555555555555(
        #lengths:document:part=lengths()
        #counts:becomes:part=postings.porter()
      )
    #bm25:collectionLength=20696521:documentCount=10774:maximumCount=59:nodeDocumentCount=540:nodeFrequency=1204:w=0.05555555555555555(
        #lengths:document:part=lengths()
        #counts:clouded:part=postings.porter()
      )
  )

Dec 22, 2017 11:10:39 PM org.lemurproject.galago.core.tools.apps.BatchSearch run
INFO: RUNNING: 18 : #combine(#bm25(how) #bm25(to) #bm25(stay) #bm25(motivated) #bm25(how) #bm25(to) #bm25(stay) #bm25(motivated) #bm25(when) #bm25(doing) #bm25(different) #bm25(tasks) #bm25(even) #bm25(if) #bm25(you) #bm25(have) #bm25(lost) #bm25(interest))
Dec 22, 2017 11:10:39 PM org.lemurproject.galago.core.tools.apps.BatchSearch run
INFO: Transformed Query:
#combine:0=2.0:1=2.0:10=1.0:11=1.0:12=1.0:13=1.0:2=2.0:3=2.0:4=1.0:5=1.0:6=1.0:7=1.0:8=1.0:9=1.0:w=1.0(
    #bm25:collectionLength=20696521:documentCount=10774:maximumCount=43:nodeDocumentCount=9861:nodeFrequency=59260:w=0.1111111111111111(
        #lengths:document:part=lengths()
        #counts:how:part=postings.porter()
      )
    #bm25:collectionLength=20696521:documentCount=10774:maximumCount=338:nodeDocumentCount=10757:nodeFrequency=600893:w=0.1111111111111111(
        #lengths:document:part=lengths()
        #counts:to:part=postings.porter()
      )
    #bm25:collectionLength=20696521:documentCount=10774:maximumCount=12:nodeDocumentCount=2673:nodeFrequency=4127:w=0.1111111111111111(
        #lengths:document:part=lengths()
        #counts:stay:part=postings.porter()
      )
    #bm25:collectionLength=20696521:documentCount=10774:maximumCount=25:nodeDocumentCount=1370:nodeFrequency=2453:w=0.1111111111111111(
        #lengths:document:part=lengths()
        #counts:motivated:part=postings.porter()
      )
    #bm25:collectionLength=20696521:documentCount=10774:maximumCount=49:nodeDocumentCount=9973:nodeFrequency=65561:w=0.05555555555555555(
        #lengths:document:part=lengths()
        #counts:when:part=postings.porter()
      )
    #bm25:collectionLength=20696521:documentCount=10774:maximumCount=59:nodeDocumentCount=9990:nodeFrequency=94009:w=0.05555555555555555(
        #lengths:document:part=lengths()
        #counts:doing:part=postings.porter()
      )
    #bm25:collectionLength=20696521:documentCount=10774:maximumCount=65:nodeDocumentCount=7659:nodeFrequency=26047:w=0.05555555555555555(
        #lengths:document:part=lengths()
        #counts:different:part=postings.porter()
      )
    #bm25:collectionLength=20696521:documentCount=10774:maximumCount=25:nodeDocumentCount=1090:nodeFrequency=1860:w=0.05555555555555555(
        #lengths:document:part=lengths()
        #counts:tasks:part=postings.porter()
      )
    #bm25:collectionLength=20696521:documentCount=10774:maximumCount=22:nodeDocumentCount=8500:nodeFrequency=27177:w=0.05555555555555555(
        #lengths:document:part=lengths()
        #counts:even:part=postings.porter()
      )
    #bm25:collectionLength=20696521:documentCount=10774:maximumCount=54:nodeDocumentCount=9819:nodeFrequency=68837:w=0.05555555555555555(
        #lengths:document:part=lengths()
        #counts:if:part=postings.porter()
      )
    #bm25:collectionLength=20696521:documentCount=10774:maximumCount=212:nodeDocumentCount=10478:nodeFrequency=269493:w=0.05555555555555555(
        #lengths:document:part=lengths()
        #counts:you:part=postings.porter()
      )
    #bm25:collectionLength=20696521:documentCount=10774:maximumCount=74:nodeDocumentCount=10432:nodeFrequency=129022:w=0.05555555555555555(
        #lengths:document:part=lengths()
        #counts:have:part=postings.porter()
      )
    #bm25:collectionLength=20696521:documentCount=10774:maximumCount=20:nodeDocumentCount=2917:nodeFrequency=4414:w=0.05555555555555555(
        #lengths:document:part=lengths()
        #counts:lost:part=postings.porter()
      )
    #bm25:collectionLength=20696521:documentCount=10774:maximumCount=24:nodeDocumentCount=4857:nodeFrequency=11494:w=0.05555555555555555(
        #lengths:document:part=lengths()
        #counts:interest:part=postings.porter()
      )
  )

Dec 22, 2017 11:10:39 PM org.lemurproject.galago.core.tools.apps.BatchSearch run
INFO: RUNNING: 19 : #combine(#bm25(cute) #bm25(animals) #bm25(what) #bm25(are) #bm25(the) #bm25(cutest) #bm25(animals) #bm25(and) #bm25(what) #bm25(makes) #bm25(them) #bm25(cute))
Dec 22, 2017 11:10:39 PM org.lemurproject.galago.core.tools.apps.BatchSearch run
INFO: Transformed Query:
#combine:0=2.0:1=2.0:2=2.0:3=1.0:4=1.0:5=1.0:6=1.0:7=1.0:8=1.0:w=1.0(
    #bm25:collectionLength=20696521:documentCount=10774:maximumCount=7:nodeDocumentCount=292:nodeFrequency=387:w=0.16666666666666666(
        #lengths:document:part=lengths()
        #counts:cute:part=postings.porter()
      )
    #bm25:collectionLength=20696521:documentCount=10774:maximumCount=60:nodeDocumentCount=2517:nodeFrequency=7779:w=0.16666666666666666(
        #lengths:document:part=lengths()
        #counts:animals:part=postings.porter()
      )
    #bm25:collectionLength=20696521:documentCount=10774:maximumCount=89:nodeDocumentCount=10270:nodeFrequency=116582:w=0.16666666666666666(
        #lengths:document:part=lengths()
        #counts:what:part=postings.porter()
      )
    #bm25:collectionLength=20696521:documentCount=10774:maximumCount=83:nodeDocumentCount=10534:nodeFrequency=140414:w=0.08333333333333333(
        #lengths:document:part=lengths()
        #counts:are:part=postings.porter()
      )
    #bm25:collectionLength=20696521:documentCount=10774:maximumCount=458:nodeDocumentCount=10767:nodeFrequency=912664:w=0.08333333333333333(
        #lengths:document:part=lengths()
        #counts:the:part=postings.porter()
      )
    #bm25:collectionLength=20696521:documentCount=10774:maximumCount=2:nodeDocumentCount=9:nodeFrequency=10:w=0.08333333333333333(
        #lengths:document:part=lengths()
        #counts:cutest:part=postings.porter()
      )
    #bm25:collectionLength=20696521:documentCount=10774:maximumCount=345:nodeDocumentCount=10762:nodeFrequency=650104:w=0.08333333333333333(
        #lengths:document:part=lengths()
        #counts:and:part=postings.porter()
      )
    #bm25:collectionLength=20696521:documentCount=10774:maximumCount=46:nodeDocumentCount=9417:nodeFrequency=45631:w=0.08333333333333333(
        #lengths:document:part=lengths()
        #counts:makes:part=postings.porter()
      )
    #bm25:collectionLength=20696521:documentCount=10774:maximumCount=46:nodeDocumentCount=9318:nodeFrequency=50275:w=0.08333333333333333(
        #lengths:document:part=lengths()
        #counts:them:part=postings.porter()
      )
  )

Dec 22, 2017 11:10:39 PM org.lemurproject.galago.core.tools.apps.BatchSearch run
INFO: RUNNING: 20 : #combine(#bm25(effects) #bm25(of) #bm25(social) #bm25(media) #bm25(what) #bm25(are) #bm25(the) #bm25(psychological) #bm25(or) #bm25(sociological) #bm25(effects) #bm25(of) #bm25(social) #bm25(media) #bm25(on) #bm25(us))
Dec 22, 2017 11:10:39 PM org.lemurproject.galago.core.tools.apps.BatchSearch run
INFO: Transformed Query:
#combine:0=2.0:1=2.0:10=1.0:11=1.0:2=2.0:3=2.0:4=1.0:5=1.0:6=1.0:7=1.0:8=1.0:9=1.0:w=1.0(
    #bm25:collectionLength=20696521:documentCount=10774:maximumCount=26:nodeDocumentCount=2903:nodeFrequency=5808:w=0.125(
        #lengths:document:part=lengths()
        #counts:effects:part=postings.porter()
      )
    #bm25:collectionLength=20696521:documentCount=10774:maximumCount=306:nodeDocumentCount=10761:nodeFrequency=495312:w=0.125(
        #lengths:document:part=lengths()
        #counts:of:part=postings.porter()
      )
    #bm25:collectionLength=20696521:documentCount=10774:maximumCount=58:nodeDocumentCount=4248:nodeFrequency=12335:w=0.125(
        #lengths:document:part=lengths()
        #counts:social:part=postings.porter()
      )
    #bm25:collectionLength=20696521:documentCount=10774:maximumCount=44:nodeDocumentCount=2100:nodeFrequency=5047:w=0.125(
        #lengths:document:part=lengths()
        #counts:media:part=postings.porter()
      )
    #bm25:collectionLength=20696521:documentCount=10774:maximumCount=89:nodeDocumentCount=10270:nodeFrequency=116582:w=0.0625(
        #lengths:document:part=lengths()
        #counts:what:part=postings.porter()
      )
    #bm25:collectionLength=20696521:documentCount=10774:maximumCount=83:nodeDocumentCount=10534:nodeFrequency=140414:w=0.0625(
        #lengths:document:part=lengths()
        #counts:are:part=postings.porter()
      )
    #bm25:collectionLength=20696521:documentCount=10774:maximumCount=458:nodeDocumentCount=10767:nodeFrequency=912664:w=0.0625(
        #lengths:document:part=lengths()
        #counts:the:part=postings.porter()
      )
    #bm25:collectionLength=20696521:documentCount=10774:maximumCount=26:nodeDocumentCount=1306:nodeFrequency=2588:w=0.0625(
        #lengths:document:part=lengths()
        #counts:psychological:part=postings.porter()
      )
    #bm25:collectionLength=20696521:documentCount=10774:maximumCount=62:nodeDocumentCount=10090:nodeFrequency=71069:w=0.0625(
        #lengths:document:part=lengths()
        #counts:or:part=postings.porter()
      )
    #bm25:collectionLength=20696521:documentCount=10774:maximumCount=20:nodeDocumentCount=257:nodeFrequency=346:w=0.0625(
        #lengths:document:part=lengths()
        #counts:sociological:part=postings.porter()
      )
    #bm25:collectionLength=20696521:documentCount=10774:maximumCount=79:nodeDocumentCount=10553:nodeFrequency=124664:w=0.0625(
        #lengths:document:part=lengths()
        #counts:on:part=postings.porter()
      )
    #bm25:collectionLength=20696521:documentCount=10774:maximumCount=46:nodeDocumentCount=9146:nodeFrequency=48017:w=0.0625(
        #lengths:document:part=lengths()
        #counts:us:part=postings.porter()
      )
  )

Dec 22, 2017 11:10:39 PM org.lemurproject.galago.core.tools.apps.BatchSearch run
INFO: RUNNING: 21 : #combine(#bm25(what) #bm25(is) #bm25(art) #bm25(what) #bm25(determines) #bm25(if) #bm25(something) #bm25(is) #bm25(art) #bm25(and) #bm25(if) #bm25(it) #bm25(is) #bm25(good) #bm25(art))
Dec 22, 2017 11:10:39 PM org.lemurproject.galago.core.tools.apps.BatchSearch run
INFO: Transformed Query:
#combine:0=2.0:1=3.0:2=3.0:3=1.0:4=2.0:5=1.0:6=1.0:7=1.0:8=1.0:w=1.0(
    #bm25:collectionLength=20696521:documentCount=10774:maximumCount=89:nodeDocumentCount=10270:nodeFrequency=116582:w=0.13333333333333333(
        #lengths:document:part=lengths()
        #counts:what:part=postings.porter()
      )
    #bm25:collectionLength=20696521:documentCount=10774:maximumCount=236:nodeDocumentCount=10730:nodeFrequency=288801:w=0.2(
        #lengths:document:part=lengths()
        #counts:is:part=postings.porter()
      )
    #bm25:collectionLength=20696521:documentCount=10774:maximumCount=69:nodeDocumentCount=4200:nodeFrequency=9861:w=0.2(
        #lengths:document:part=lengths()
        #counts:art:part=postings.porter()
      )
    #bm25:collectionLength=20696521:documentCount=10774:maximumCount=22:nodeDocumentCount=1313:nodeFrequency=1860:w=0.06666666666666667(
        #lengths:document:part=lengths()
        #counts:determines:part=postings.porter()
      )
    #bm25:collectionLength=20696521:documentCount=10774:maximumCount=54:nodeDocumentCount=9819:nodeFrequency=68837:w=0.13333333333333333(
        #lengths:document:part=lengths()
        #counts:if:part=postings.porter()
      )
    #bm25:collectionLength=20696521:documentCount=10774:maximumCount=30:nodeDocumentCount=7964:nodeFrequency=28841:w=0.06666666666666667(
        #lengths:document:part=lengths()
        #counts:something:part=postings.porter()
      )
    #bm25:collectionLength=20696521:documentCount=10774:maximumCount=345:nodeDocumentCount=10762:nodeFrequency=650104:w=0.06666666666666667(
        #lengths:document:part=lengths()
        #counts:and:part=postings.porter()
      )
    #bm25:collectionLength=20696521:documentCount=10774:maximumCount=203:nodeDocumentCount=10662:nodeFrequency=313392:w=0.06666666666666667(
        #lengths:document:part=lengths()
        #counts:it:part=postings.porter()
      )
    #bm25:collectionLength=20696521:documentCount=10774:maximumCount=42:nodeDocumentCount=7140:nodeFrequency=21747:w=0.06666666666666667(
        #lengths:document:part=lengths()
        #counts:good:part=postings.porter()
      )
  )

Dec 22, 2017 11:10:39 PM org.lemurproject.galago.core.tools.apps.BatchSearch run
INFO: RUNNING: 22 : #combine(#bm25(disability) #bm25(what) #bm25(qualifies) #bm25(as) #bm25(being) #bm25(disabled) #bm25(are) #bm25(we) #bm25(cognizant) #bm25(of) #bm25(the) #bm25(needs) #bm25(of) #bm25(everyone) #bm25(around) #bm25(us))
Dec 22, 2017 11:10:39 PM org.lemurproject.galago.core.tools.apps.BatchSearch run
INFO: Transformed Query:
#combine:0=1.0:1=1.0:10=1.0:11=1.0:12=1.0:13=1.0:14=1.0:2=1.0:3=1.0:4=1.0:5=1.0:6=1.0:7=1.0:8=1.0:9=2.0:w=1.0(
    #bm25:collectionLength=20696521:documentCount=10774:maximumCount=55:nodeDocumentCount=570:nodeFrequency=2223:w=0.0625(
        #lengths:document:part=lengths()
        #counts:disability:part=postings.porter()
      )
    #bm25:collectionLength=20696521:documentCount=10774:maximumCount=89:nodeDocumentCount=10270:nodeFrequency=116582:w=0.0625(
        #lengths:document:part=lengths()
        #counts:what:part=postings.porter()
      )
    #bm25:collectionLength=20696521:documentCount=10774:maximumCount=6:nodeDocumentCount=264:nodeFrequency=332:w=0.0625(
        #lengths:document:part=lengths()
        #counts:qualifies:part=postings.porter()
      )
    #bm25:collectionLength=20696521:documentCount=10774:maximumCount=90:nodeDocumentCount=10400:nodeFrequency=95323:w=0.0625(
        #lengths:document:part=lengths()
        #counts:as:part=postings.porter()
      )
    #bm25:collectionLength=20696521:documentCount=10774:maximumCount=87:nodeDocumentCount=10493:nodeFrequency=118163:w=0.0625(
        #lengths:document:part=lengths()
        #counts:being:part=postings.porter()
      )
    #bm25:collectionLength=20696521:documentCount=10774:maximumCount=55:nodeDocumentCount=570:nodeFrequency=2223:w=0.0625(
        #lengths:document:part=lengths()
        #counts:disabled:part=postings.porter()
      )
    #bm25:collectionLength=20696521:documentCount=10774:maximumCount=83:nodeDocumentCount=10534:nodeFrequency=140414:w=0.0625(
        #lengths:document:part=lengths()
        #counts:are:part=postings.porter()
      )
    #bm25:collectionLength=20696521:documentCount=10774:maximumCount=224:nodeDocumentCount=10325:nodeFrequency=250349:w=0.0625(
        #lengths:document:part=lengths()
        #counts:we:part=postings.porter()
      )
    #bm25:collectionLength=20696521:documentCount=10774:maximumCount=1:nodeDocumentCount=8:nodeFrequency=8:w=0.0625(
        #lengths:document:part=lengths()
        #counts:cognizant:part=postings.porter()
      )
    #bm25:collectionLength=20696521:documentCount=10774:maximumCount=306:nodeDocumentCount=10761:nodeFrequency=495312:w=0.125(
        #lengths:document:part=lengths()
        #counts:of:part=postings.porter()
      )
    #bm25:collectionLength=20696521:documentCount=10774:maximumCount=458:nodeDocumentCount=10767:nodeFrequency=912664:w=0.0625(
        #lengths:document:part=lengths()
        #counts:the:part=postings.porter()
      )
    #bm25:collectionLength=20696521:documentCount=10774:maximumCount=41:nodeDocumentCount=7974:nodeFrequency=31909:w=0.0625(
        #lengths:document:part=lengths()
        #counts:needs:part=postings.porter()
      )
    #bm25:collectionLength=20696521:documentCount=10774:maximumCount=14:nodeDocumentCount=3830:nodeFrequency=7276:w=0.0625(
        #lengths:document:part=lengths()
        #counts:everyone:part=postings.porter()
      )
    #bm25:collectionLength=20696521:documentCount=10774:maximumCount=38:nodeDocumentCount=7133:nodeFrequency=18551:w=0.0625(
        #lengths:document:part=lengths()
        #counts:around:part=postings.porter()
      )
    #bm25:collectionLength=20696521:documentCount=10774:maximumCount=46:nodeDocumentCount=9146:nodeFrequency=48017:w=0.0625(
        #lengths:document:part=lengths()
        #counts:us:part=postings.porter()
      )
  )

Dec 22, 2017 11:10:39 PM org.lemurproject.galago.core.tools.apps.BatchSearch run
INFO: RUNNING: 23 : #combine(#bm25(rise) #bm25(of) #bm25(terrorism) #bm25(which) #bm25(areas) #bm25(are) #bm25(most) #bm25(affected) #bm25(why) #bm25(is) #bm25(extremism) #bm25(rising) #bm25(and) #bm25(how) #bm25(to) #bm25(build) #bm25(a) #bm25(safer) #bm25(society))
Dec 22, 2017 11:10:39 PM org.lemurproject.galago.core.tools.apps.BatchSearch run
INFO: Transformed Query:
#combine:w=1.0(
    #bm25:collectionLength=20696521:documentCount=10774:maximumCount=16:nodeDocumentCount=1236:nodeFrequency=1896:w=0.05263157894736842(
        #lengths:document:part=lengths()
        #counts:rise:part=postings.porter()
      )
    #bm25:collectionLength=20696521:documentCount=10774:maximumCount=306:nodeDocumentCount=10761:nodeFrequency=495312:w=0.05263157894736842(
        #lengths:document:part=lengths()
        #counts:of:part=postings.porter()
      )
    #bm25:collectionLength=20696521:documentCount=10774:maximumCount=23:nodeDocumentCount=372:nodeFrequency=743:w=0.05263157894736842(
        #lengths:document:part=lengths()
        #counts:terrorism:part=postings.porter()
      )
    #bm25:collectionLength=20696521:documentCount=10774:maximumCount=46:nodeDocumentCount=8831:nodeFrequency=40821:w=0.05263157894736842(
        #lengths:document:part=lengths()
        #counts:which:part=postings.porter()
      )
    #bm25:collectionLength=20696521:documentCount=10774:maximumCount=37:nodeDocumentCount=2753:nodeFrequency=6006:w=0.05263157894736842(
        #lengths:document:part=lengths()
        #counts:areas:part=postings.porter()
      )
    #bm25:collectionLength=20696521:documentCount=10774:maximumCount=83:nodeDocumentCount=10534:nodeFrequency=140414:w=0.05263157894736842(
        #lengths:document:part=lengths()
        #counts:are:part=postings.porter()
      )
    #bm25:collectionLength=20696521:documentCount=10774:maximumCount=25:nodeDocumentCount=8209:nodeFrequency=24872:w=0.05263157894736842(
        #lengths:document:part=lengths()
        #counts:most:part=postings.porter()
      )
    #bm25:collectionLength=20696521:documentCount=10774:maximumCount=15:nodeDocumentCount=1843:nodeFrequency=3052:w=0.05263157894736842(
        #lengths:document:part=lengths()
        #counts:affected:part=postings.porter()
      )
    #bm25:collectionLength=20696521:documentCount=10774:maximumCount=29:nodeDocumentCount=7565:nodeFrequency=23414:w=0.05263157894736842(
        #lengths:document:part=lengths()
        #counts:why:part=postings.porter()
      )
    #bm25:collectionLength=20696521:documentCount=10774:maximumCount=236:nodeDocumentCount=10730:nodeFrequency=288801:w=0.05263157894736842(
        #lengths:document:part=lengths()
        #counts:is:part=postings.porter()
      )
    #bm25:collectionLength=20696521:documentCount=10774:maximumCount=28:nodeDocumentCount=1911:nodeFrequency=3128:w=0.05263157894736842(
        #lengths:document:part=lengths()
        #counts:extremism:part=postings.porter()
      )
    #bm25:collectionLength=20696521:documentCount=10774:maximumCount=16:nodeDocumentCount=1236:nodeFrequency=1896:w=0.05263157894736842(
        #lengths:document:part=lengths()
        #counts:rising:part=postings.porter()
      )
    #bm25:collectionLength=20696521:documentCount=10774:maximumCount=345:nodeDocumentCount=10762:nodeFrequency=650104:w=0.05263157894736842(
        #lengths:document:part=lengths()
        #counts:and:part=postings.porter()
      )
    #bm25:collectionLength=20696521:documentCount=10774:maximumCount=43:nodeDocumentCount=9861:nodeFrequency=59260:w=0.05263157894736842(
        #lengths:document:part=lengths()
        #counts:how:part=postings.porter()
      )
    #bm25:collectionLength=20696521:documentCount=10774:maximumCount=338:nodeDocumentCount=10757:nodeFrequency=600893:w=0.05263157894736842(
        #lengths:document:part=lengths()
        #counts:to:part=postings.porter()
      )
    #bm25:collectionLength=20696521:documentCount=10774:maximumCount=83:nodeDocumentCount=4239:nodeFrequency=12750:w=0.05263157894736842(
        #lengths:document:part=lengths()
        #counts:build:part=postings.porter()
      )
    #bm25:collectionLength=20696521:documentCount=10774:maximumCount=220:nodeDocumentCount=10767:nodeFrequency=492030:w=0.05263157894736842(
        #lengths:document:part=lengths()
        #counts:a:part=postings.porter()
      )
    #bm25:collectionLength=20696521:documentCount=10774:maximumCount=4:nodeDocumentCount=243:nodeFrequency=310:w=0.05263157894736842(
        #lengths:document:part=lengths()
        #counts:safer:part=postings.porter()
      )
    #bm25:collectionLength=20696521:documentCount=10774:maximumCount=53:nodeDocumentCount=3284:nodeFrequency=8113:w=0.05263157894736842(
        #lengths:document:part=lengths()
        #counts:society:part=postings.porter()
      )
  )

Dec 22, 2017 11:10:39 PM org.lemurproject.galago.core.tools.apps.BatchSearch run
INFO: RUNNING: 24 : #combine(#bm25(why) #bm25(do) #bm25(we) #bm25(exist) #bm25(how) #bm25(did) #bm25(the) #bm25(universe) #bm25(start) #bm25(are) #bm25(we) #bm25(real) #bm25(and) #bm25(why) #bm25(is) #bm25(the) #bm25(world) #bm25(the) #bm25(way) #bm25(we) #bm25(see) #bm25(it) #bm25(is))
Dec 22, 2017 11:10:39 PM org.lemurproject.galago.core.tools.apps.BatchSearch run
INFO: Transformed Query:
#combine:0=2.0:1=1.0:10=1.0:11=1.0:12=2.0:13=1.0:14=1.0:15=1.0:16=1.0:2=3.0:3=1.0:4=1.0:5=1.0:6=3.0:7=1.0:8=1.0:9=1.0:w=1.0(
    #bm25:collectionLength=20696521:documentCount=10774:maximumCount=29:nodeDocumentCount=7565:nodeFrequency=23414:w=0.08695652173913043(
        #lengths:document:part=lengths()
        #counts:why:part=postings.porter()
      )
    #bm25:collectionLength=20696521:documentCount=10774:maximumCount=59:nodeDocumentCount=9990:nodeFrequency=94009:w=0.043478260869565216(
        #lengths:document:part=lengths()
        #counts:do:part=postings.porter()
      )
    #bm25:collectionLength=20696521:documentCount=10774:maximumCount=224:nodeDocumentCount=10325:nodeFrequency=250349:w=0.13043478260869565(
        #lengths:document:part=lengths()
        #counts:we:part=postings.porter()
      )
    #bm25:collectionLength=20696521:documentCount=10774:maximumCount=38:nodeDocumentCount=3082:nodeFrequency=5388:w=0.043478260869565216(
        #lengths:document:part=lengths()
        #counts:exist:part=postings.porter()
      )
    #bm25:collectionLength=20696521:documentCount=10774:maximumCount=43:nodeDocumentCount=9861:nodeFrequency=59260:w=0.043478260869565216(
        #lengths:document:part=lengths()
        #counts:how:part=postings.porter()
      )
    #bm25:collectionLength=20696521:documentCount=10774:maximumCount=22:nodeDocumentCount=6913:nodeFrequency=19870:w=0.043478260869565216(
        #lengths:document:part=lengths()
        #counts:did:part=postings.porter()
      )
    #bm25:collectionLength=20696521:documentCount=10774:maximumCount=458:nodeDocumentCount=10767:nodeFrequency=912664:w=0.13043478260869565(
        #lengths:document:part=lengths()
        #counts:the:part=postings.porter()
      )
    #bm25:collectionLength=20696521:documentCount=10774:maximumCount=77:nodeDocumentCount=4497:nodeFrequency=12033:w=0.043478260869565216(
        #lengths:document:part=lengths()
        #counts:universe:part=postings.porter()
      )
    #bm25:collectionLength=20696521:documentCount=10774:maximumCount=32:nodeDocumentCount=8194:nodeFrequency=31935:w=0.043478260869565216(
        #lengths:document:part=lengths()
        #counts:start:part=postings.porter()
      )
    #bm25:collectionLength=20696521:documentCount=10774:maximumCount=83:nodeDocumentCount=10534:nodeFrequency=140414:w=0.043478260869565216(
        #lengths:document:part=lengths()
        #counts:are:part=postings.porter()
      )
    #bm25:collectionLength=20696521:documentCount=10774:maximumCount=39:nodeDocumentCount=4189:nodeFrequency=8453:w=0.043478260869565216(
        #lengths:document:part=lengths()
        #counts:real:part=postings.porter()
      )
    #bm25:collectionLength=20696521:documentCount=10774:maximumCount=345:nodeDocumentCount=10762:nodeFrequency=650104:w=0.043478260869565216(
        #lengths:document:part=lengths()
        #counts:and:part=postings.porter()
      )
    #bm25:collectionLength=20696521:documentCount=10774:maximumCount=236:nodeDocumentCount=10730:nodeFrequency=288801:w=0.08695652173913043(
        #lengths:document:part=lengths()
        #counts:is:part=postings.porter()
      )
    #bm25:collectionLength=20696521:documentCount=10774:maximumCount=57:nodeDocumentCount=8757:nodeFrequency=41197:w=0.043478260869565216(
        #lengths:document:part=lengths()
        #counts:world:part=postings.porter()
      )
    #bm25:collectionLength=20696521:documentCount=10774:maximumCount=29:nodeDocumentCount=9109:nodeFrequency=38566:w=0.043478260869565216(
        #lengths:document:part=lengths()
        #counts:way:part=postings.porter()
      )
    #bm25:collectionLength=20696521:documentCount=10774:maximumCount=62:nodeDocumentCount=8893:nodeFrequency=43490:w=0.043478260869565216(
        #lengths:document:part=lengths()
        #counts:see:part=postings.porter()
      )
    #bm25:collectionLength=20696521:documentCount=10774:maximumCount=203:nodeDocumentCount=10662:nodeFrequency=313392:w=0.043478260869565216(
        #lengths:document:part=lengths()
        #counts:it:part=postings.porter()
      )
  )

Dec 22, 2017 11:10:40 PM org.lemurproject.galago.core.tools.apps.BatchSearch run
INFO: RUNNING: 25 : #combine(#bm25(secret) #bm25(to) #bm25(happiness) #bm25(when) #bm25(are) #bm25(we) #bm25(the) #bm25(happiest) #bm25(can) #bm25(we) #bm25(become) #bm25(happier))
Dec 22, 2017 11:10:40 PM org.lemurproject.galago.core.tools.apps.BatchSearch run
INFO: Transformed Query:
#combine:0=1.0:1=1.0:10=1.0:2=1.0:3=1.0:4=1.0:5=2.0:6=1.0:7=1.0:8=1.0:9=1.0:w=1.0(
    #bm25:collectionLength=20696521:documentCount=10774:maximumCount=24:nodeDocumentCount=1258:nodeFrequency=1998:w=0.08333333333333333(
        #lengths:document:part=lengths()
        #counts:secret:part=postings.porter()
      )
    #bm25:collectionLength=20696521:documentCount=10774:maximumCount=338:nodeDocumentCount=10757:nodeFrequency=600893:w=0.08333333333333333(
        #lengths:document:part=lengths()
        #counts:to:part=postings.porter()
      )
    #bm25:collectionLength=20696521:documentCount=10774:maximumCount=63:nodeDocumentCount=2900:nodeFrequency=7606:w=0.08333333333333333(
        #lengths:document:part=lengths()
        #counts:happiness:part=postings.porter()
      )
    #bm25:collectionLength=20696521:documentCount=10774:maximumCount=49:nodeDocumentCount=9973:nodeFrequency=65561:w=0.08333333333333333(
        #lengths:document:part=lengths()
        #counts:when:part=postings.porter()
      )
    #bm25:collectionLength=20696521:documentCount=10774:maximumCount=83:nodeDocumentCount=10534:nodeFrequency=140414:w=0.08333333333333333(
        #lengths:document:part=lengths()
        #counts:are:part=postings.porter()
      )
    #bm25:collectionLength=20696521:documentCount=10774:maximumCount=224:nodeDocumentCount=10325:nodeFrequency=250349:w=0.16666666666666666(
        #lengths:document:part=lengths()
        #counts:we:part=postings.porter()
      )
    #bm25:collectionLength=20696521:documentCount=10774:maximumCount=458:nodeDocumentCount=10767:nodeFrequency=912664:w=0.08333333333333333(
        #lengths:document:part=lengths()
        #counts:the:part=postings.porter()
      )
    #bm25:collectionLength=20696521:documentCount=10774:maximumCount=6:nodeDocumentCount=126:nodeFrequency=163:w=0.08333333333333333(
        #lengths:document:part=lengths()
        #counts:happiest:part=postings.porter()
      )
    #bm25:collectionLength=20696521:documentCount=10774:maximumCount=79:nodeDocumentCount=10181:nodeFrequency=91648:w=0.08333333333333333(
        #lengths:document:part=lengths()
        #counts:can:part=postings.porter()
      )
    #bm25:collectionLength=20696521:documentCount=10774:maximumCount=25:nodeDocumentCount=6058:nodeFrequency=13473:w=0.08333333333333333(
        #lengths:document:part=lengths()
        #counts:become:part=postings.porter()
      )
    #bm25:collectionLength=20696521:documentCount=10774:maximumCount=17:nodeDocumentCount=379:nodeFrequency=612:w=0.08333333333333333(
        #lengths:document:part=lengths()
        #counts:happier:part=postings.porter()
      )
  )

