Dec 19, 2017 10:00:50 PM org.lemurproject.galago.core.tools.apps.BatchSearch run
INFO: RUNNING: 1 : #combine(#bm25(harmful) #bm25(effects) #bm25(of) #bm25(video) #bm25(games))
Dec 19, 2017 10:00:50 PM org.lemurproject.galago.core.tools.apps.BatchSearch run
INFO: Transformed Query:
#combine:w=1.0(
    #bm25:collectionLength=5586611:documentCount=2490:maximumCount=21:nodeDocumentCount=167:nodeFrequency=292:w=0.2(
        #lengths:document:part=lengths()
        #counts:harmful:part=postings.porter()
      )
    #bm25:collectionLength=5586611:documentCount=2490:maximumCount=26:nodeDocumentCount=786:nodeFrequency=1648:w=0.2(
        #lengths:document:part=lengths()
        #counts:effects:part=postings.porter()
      )
    #bm25:collectionLength=5586611:documentCount=2490:maximumCount=249:nodeDocumentCount=2488:nodeFrequency=144165:w=0.2(
        #lengths:document:part=lengths()
        #counts:of:part=postings.porter()
      )
    #bm25:collectionLength=5586611:documentCount=2490:maximumCount=45:nodeDocumentCount=2192:nodeFrequency=4160:w=0.2(
        #lengths:document:part=lengths()
        #counts:video:part=postings.porter()
      )
    #bm25:collectionLength=5586611:documentCount=2490:maximumCount=92:nodeDocumentCount=468:nodeFrequency=1705:w=0.2(
        #lengths:document:part=lengths()
        #counts:games:part=postings.porter()
      )
  )

Dec 19, 2017 10:00:50 PM org.lemurproject.galago.core.tools.apps.BatchSearch run
INFO: RUNNING: 2 : #combine(#bm25(bike) #bm25(lanes) #bm25(and) #bm25(congestion) #bm25(and) #bm25(pollution))
Dec 19, 2017 10:00:50 PM org.lemurproject.galago.core.tools.apps.BatchSearch run
INFO: Transformed Query:
#combine:0=1.0:1=1.0:2=2.0:3=1.0:4=1.0:w=1.0(
    #bm25:collectionLength=5586611:documentCount=2490:maximumCount=21:nodeDocumentCount=82:nodeFrequency=211:w=0.16666666666666666(
        #lengths:document:part=lengths()
        #counts:bike:part=postings.porter()
      )
    #bm25:collectionLength=5586611:documentCount=2490:maximumCount=26:nodeDocumentCount=55:nodeFrequency=134:w=0.16666666666666666(
        #lengths:document:part=lengths()
        #counts:lanes:part=postings.porter()
      )
    #bm25:collectionLength=5586611:documentCount=2490:maximumCount=345:nodeDocumentCount=2490:nodeFrequency=191097:w=0.3333333333333333(
        #lengths:document:part=lengths()
        #counts:and:part=postings.porter()
      )
    #bm25:collectionLength=5586611:documentCount=2490:maximumCount=21:nodeDocumentCount=29:nodeFrequency=74:w=0.16666666666666666(
        #lengths:document:part=lengths()
        #counts:congestion:part=postings.porter()
      )
    #bm25:collectionLength=5586611:documentCount=2490:maximumCount=17:nodeDocumentCount=143:nodeFrequency=304:w=0.16666666666666666(
        #lengths:document:part=lengths()
        #counts:pollution:part=postings.porter()
      )
  )

Dec 19, 2017 10:00:50 PM org.lemurproject.galago.core.tools.apps.BatchSearch run
INFO: RUNNING: 3 : #combine(#bm25(good) #bm25(study) #bm25(habits))
Dec 19, 2017 10:00:50 PM org.lemurproject.galago.core.tools.apps.BatchSearch run
INFO: Transformed Query:
#combine:w=1.0(
    #bm25:collectionLength=5586611:documentCount=2490:maximumCount=42:nodeDocumentCount=1736:nodeFrequency=5536:w=0.3333333333333333(
        #lengths:document:part=lengths()
        #counts:good:part=postings.porter()
      )
    #bm25:collectionLength=5586611:documentCount=2490:maximumCount=27:nodeDocumentCount=912:nodeFrequency=2334:w=0.3333333333333333(
        #lengths:document:part=lengths()
        #counts:study:part=postings.porter()
      )
    #bm25:collectionLength=5586611:documentCount=2490:maximumCount=13:nodeDocumentCount=129:nodeFrequency=217:w=0.3333333333333333(
        #lengths:document:part=lengths()
        #counts:habits:part=postings.porter()
      )
  )

Dec 19, 2017 10:00:50 PM org.lemurproject.galago.core.tools.apps.BatchSearch run
INFO: RUNNING: 4 : #combine(#bm25(how) #bm25(to) #bm25(save) #bm25(energy) #bm25(at) #bm25(home))
Dec 19, 2017 10:00:50 PM org.lemurproject.galago.core.tools.apps.BatchSearch run
INFO: Transformed Query:
#combine:w=1.0(
    #bm25:collectionLength=5586611:documentCount=2490:maximumCount=33:nodeDocumentCount=2329:nodeFrequency=15035:w=0.16666666666666666(
        #lengths:document:part=lengths()
        #counts:how:part=postings.porter()
      )
    #bm25:collectionLength=5586611:documentCount=2490:maximumCount=261:nodeDocumentCount=2488:nodeFrequency=153747:w=0.16666666666666666(
        #lengths:document:part=lengths()
        #counts:to:part=postings.porter()
      )
    #bm25:collectionLength=5586611:documentCount=2490:maximumCount=53:nodeDocumentCount=573:nodeFrequency=1322:w=0.16666666666666666(
        #lengths:document:part=lengths()
        #counts:save:part=postings.porter()
      )
    #bm25:collectionLength=5586611:documentCount=2490:maximumCount=42:nodeDocumentCount=562:nodeFrequency=1951:w=0.16666666666666666(
        #lengths:document:part=lengths()
        #counts:energy:part=postings.porter()
      )
    #bm25:collectionLength=5586611:documentCount=2490:maximumCount=43:nodeDocumentCount=2475:nodeFrequency=25332:w=0.16666666666666666(
        #lengths:document:part=lengths()
        #counts:at:part=postings.porter()
      )
    #bm25:collectionLength=5586611:documentCount=2490:maximumCount=22:nodeDocumentCount=1040:nodeFrequency=2411:w=0.16666666666666666(
        #lengths:document:part=lengths()
        #counts:home:part=postings.porter()
      )
  )

Dec 19, 2017 10:00:50 PM org.lemurproject.galago.core.tools.apps.BatchSearch run
INFO: RUNNING: 5 : #combine(#bm25(human) #bm25(ignorance))
Dec 19, 2017 10:00:50 PM org.lemurproject.galago.core.tools.apps.BatchSearch run
INFO: Transformed Query:
#combine:w=1.0(
    #bm25:collectionLength=5586611:documentCount=2490:maximumCount=42:nodeDocumentCount=1474:nodeFrequency=5915:w=0.5(
        #lengths:document:part=lengths()
        #counts:human:part=postings.porter()
      )
    #bm25:collectionLength=5586611:documentCount=2490:maximumCount=29:nodeDocumentCount=264:nodeFrequency=408:w=0.5(
        #lengths:document:part=lengths()
        #counts:ignorance:part=postings.porter()
      )
  )

Dec 19, 2017 10:00:50 PM org.lemurproject.galago.core.tools.apps.BatchSearch run
INFO: RUNNING: 6 : #combine(#bm25(impact) #bm25(of) #bm25(music))
Dec 19, 2017 10:00:50 PM org.lemurproject.galago.core.tools.apps.BatchSearch run
INFO: Transformed Query:
#combine:w=1.0(
    #bm25:collectionLength=5586611:documentCount=2490:maximumCount=12:nodeDocumentCount=505:nodeFrequency=858:w=0.3333333333333333(
        #lengths:document:part=lengths()
        #counts:impact:part=postings.porter()
      )
    #bm25:collectionLength=5586611:documentCount=2490:maximumCount=249:nodeDocumentCount=2488:nodeFrequency=144165:w=0.3333333333333333(
        #lengths:document:part=lengths()
        #counts:of:part=postings.porter()
      )
    #bm25:collectionLength=5586611:documentCount=2490:maximumCount=66:nodeDocumentCount=537:nodeFrequency=2426:w=0.3333333333333333(
        #lengths:document:part=lengths()
        #counts:music:part=postings.porter()
      )
  )

Dec 19, 2017 10:00:50 PM org.lemurproject.galago.core.tools.apps.BatchSearch run
INFO: RUNNING: 7 : #combine(#bm25(procrastination))
Dec 19, 2017 10:00:50 PM org.lemurproject.galago.core.tools.apps.BatchSearch run
INFO: Transformed Query:
#combine:w=1.0(
    #bm25:collectionLength=5586611:documentCount=2490:maximumCount=33:nodeDocumentCount=12:nodeFrequency=67:w=1.0(
        #lengths:document:part=lengths()
        #counts:procrastination:part=postings.porter()
      )
  )

Dec 19, 2017 10:00:50 PM org.lemurproject.galago.core.tools.apps.BatchSearch run
INFO: RUNNING: 8 : #combine(#bm25(climate) #bm25(change))
Dec 19, 2017 10:00:50 PM org.lemurproject.galago.core.tools.apps.BatchSearch run
INFO: Transformed Query:
#combine:w=1.0(
    #bm25:collectionLength=5586611:documentCount=2490:maximumCount=32:nodeDocumentCount=902:nodeFrequency=1712:w=0.5(
        #lengths:document:part=lengths()
        #counts:climate:part=postings.porter()
      )
    #bm25:collectionLength=5586611:documentCount=2490:maximumCount=30:nodeDocumentCount=1954:nodeFrequency=7174:w=0.5(
        #lengths:document:part=lengths()
        #counts:change:part=postings.porter()
      )
  )

Dec 19, 2017 10:00:51 PM org.lemurproject.galago.core.tools.apps.BatchSearch run
INFO: RUNNING: 9 : #combine(#bm25(basic) #bm25(income))
Dec 19, 2017 10:00:51 PM org.lemurproject.galago.core.tools.apps.BatchSearch run
INFO: Transformed Query:
#combine:w=1.0(
    #bm25:collectionLength=5586611:documentCount=2490:maximumCount=28:nodeDocumentCount=906:nodeFrequency=1990:w=0.5(
        #lengths:document:part=lengths()
        #counts:basic:part=postings.porter()
      )
    #bm25:collectionLength=5586611:documentCount=2490:maximumCount=26:nodeDocumentCount=203:nodeFrequency=519:w=0.5(
        #lengths:document:part=lengths()
        #counts:income:part=postings.porter()
      )
  )

Dec 19, 2017 10:00:51 PM org.lemurproject.galago.core.tools.apps.BatchSearch run
INFO: RUNNING: 10 : #combine(#bm25(artificial) #bm25(intelligence) #bm25(smarter) #bm25(than) #bm25(human))
Dec 19, 2017 10:00:51 PM org.lemurproject.galago.core.tools.apps.BatchSearch run
INFO: Transformed Query:
#combine:w=1.0(
    #bm25:collectionLength=5586611:documentCount=2490:maximumCount=12:nodeDocumentCount=155:nodeFrequency=294:w=0.2(
        #lengths:document:part=lengths()
        #counts:artificial:part=postings.porter()
      )
    #bm25:collectionLength=5586611:documentCount=2490:maximumCount=32:nodeDocumentCount=346:nodeFrequency=851:w=0.2(
        #lengths:document:part=lengths()
        #counts:intelligence:part=postings.porter()
      )
    #bm25:collectionLength=5586611:documentCount=2490:maximumCount=9:nodeDocumentCount=102:nodeFrequency=143:w=0.2(
        #lengths:document:part=lengths()
        #counts:smarter:part=postings.porter()
      )
    #bm25:collectionLength=5586611:documentCount=2490:maximumCount=31:nodeDocumentCount=2043:nodeFrequency=7303:w=0.2(
        #lengths:document:part=lengths()
        #counts:than:part=postings.porter()
      )
    #bm25:collectionLength=5586611:documentCount=2490:maximumCount=42:nodeDocumentCount=1474:nodeFrequency=5915:w=0.2(
        #lengths:document:part=lengths()
        #counts:human:part=postings.porter()
      )
  )

Dec 19, 2017 10:00:51 PM org.lemurproject.galago.core.tools.apps.BatchSearch run
INFO: RUNNING: 11 : #combine(#bm25(doodlers) #bm25(behavior))
Dec 19, 2017 10:00:51 PM org.lemurproject.galago.core.tools.apps.BatchSearch run
INFO: Transformed Query:
#combine:w=1.0(
    #bm25:collectionLength=5586611:documentCount=2490:maximumCount=2:nodeDocumentCount=1:nodeFrequency=2:w=0.5(
        #lengths:document:part=lengths()
        #counts:doodlers:part=postings.porter()
      )
    #bm25:collectionLength=5586611:documentCount=2490:maximumCount=23:nodeDocumentCount=426:nodeFrequency=1086:w=0.5(
        #lengths:document:part=lengths()
        #counts:behavior:part=postings.porter()
      )
  )

Dec 19, 2017 10:00:51 PM org.lemurproject.galago.core.tools.apps.BatchSearch run
INFO: RUNNING: 12 : #combine(#bm25(internet) #bm25(of) #bm25(things) #bm25(evolution))
Dec 19, 2017 10:00:51 PM org.lemurproject.galago.core.tools.apps.BatchSearch run
INFO: Transformed Query:
#combine:w=1.0(
    #bm25:collectionLength=5586611:documentCount=2490:maximumCount=41:nodeDocumentCount=459:nodeFrequency=1328:w=0.25(
        #lengths:document:part=lengths()
        #counts:internet:part=postings.porter()
      )
    #bm25:collectionLength=5586611:documentCount=2490:maximumCount=249:nodeDocumentCount=2488:nodeFrequency=144165:w=0.25(
        #lengths:document:part=lengths()
        #counts:of:part=postings.porter()
      )
    #bm25:collectionLength=5586611:documentCount=2490:maximumCount=48:nodeDocumentCount=2196:nodeFrequency=15031:w=0.25(
        #lengths:document:part=lengths()
        #counts:things:part=postings.porter()
      )
    #bm25:collectionLength=5586611:documentCount=2490:maximumCount=24:nodeDocumentCount=263:nodeFrequency=609:w=0.25(
        #lengths:document:part=lengths()
        #counts:evolution:part=postings.porter()
      )
  )

Dec 19, 2017 10:00:51 PM org.lemurproject.galago.core.tools.apps.BatchSearch run
INFO: RUNNING: 13 : #combine(#bm25(the) #bm25(power) #bm25(of) #bm25(women))
Dec 19, 2017 10:00:51 PM org.lemurproject.galago.core.tools.apps.BatchSearch run
INFO: Transformed Query:
#combine:w=1.0(
    #bm25:collectionLength=5586611:documentCount=2490:maximumCount=458:nodeDocumentCount=2489:nodeFrequency=261366:w=0.25(
        #lengths:document:part=lengths()
        #counts:the:part=postings.porter()
      )
    #bm25:collectionLength=5586611:documentCount=2490:maximumCount=79:nodeDocumentCount=1268:nodeFrequency=3622:w=0.25(
        #lengths:document:part=lengths()
        #counts:power:part=postings.porter()
      )
    #bm25:collectionLength=5586611:documentCount=2490:maximumCount=249:nodeDocumentCount=2488:nodeFrequency=144165:w=0.25(
        #lengths:document:part=lengths()
        #counts:of:part=postings.porter()
      )
    #bm25:collectionLength=5586611:documentCount=2490:maximumCount=63:nodeDocumentCount=592:nodeFrequency=3168:w=0.25(
        #lengths:document:part=lengths()
        #counts:women:part=postings.porter()
      )
  )

Dec 19, 2017 10:00:51 PM org.lemurproject.galago.core.tools.apps.BatchSearch run
INFO: RUNNING: 14 : #combine(#bm25(effect) #bm25(of) #bm25(classical) #bm25(music))
Dec 19, 2017 10:00:51 PM org.lemurproject.galago.core.tools.apps.BatchSearch run
INFO: Transformed Query:
#combine:w=1.0(
    #bm25:collectionLength=5586611:documentCount=2490:maximumCount=26:nodeDocumentCount=786:nodeFrequency=1648:w=0.25(
        #lengths:document:part=lengths()
        #counts:effect:part=postings.porter()
      )
    #bm25:collectionLength=5586611:documentCount=2490:maximumCount=249:nodeDocumentCount=2488:nodeFrequency=144165:w=0.25(
        #lengths:document:part=lengths()
        #counts:of:part=postings.porter()
      )
    #bm25:collectionLength=5586611:documentCount=2490:maximumCount=23:nodeDocumentCount=177:nodeFrequency=259:w=0.25(
        #lengths:document:part=lengths()
        #counts:classical:part=postings.porter()
      )
    #bm25:collectionLength=5586611:documentCount=2490:maximumCount=66:nodeDocumentCount=537:nodeFrequency=2426:w=0.25(
        #lengths:document:part=lengths()
        #counts:music:part=postings.porter()
      )
  )

Dec 19, 2017 10:00:51 PM org.lemurproject.galago.core.tools.apps.BatchSearch run
INFO: RUNNING: 15 : #combine(#bm25(importance) #bm25(of) #bm25(body) #bm25(language))
Dec 19, 2017 10:00:51 PM org.lemurproject.galago.core.tools.apps.BatchSearch run
INFO: Transformed Query:
#combine:w=1.0(
    #bm25:collectionLength=5586611:documentCount=2490:maximumCount=16:nodeDocumentCount=1505:nodeFrequency=3783:w=0.25(
        #lengths:document:part=lengths()
        #counts:importance:part=postings.porter()
      )
    #bm25:collectionLength=5586611:documentCount=2490:maximumCount=249:nodeDocumentCount=2488:nodeFrequency=144165:w=0.25(
        #lengths:document:part=lengths()
        #counts:of:part=postings.porter()
      )
    #bm25:collectionLength=5586611:documentCount=2490:maximumCount=37:nodeDocumentCount=815:nodeFrequency=2439:w=0.25(
        #lengths:document:part=lengths()
        #counts:body:part=postings.porter()
      )
    #bm25:collectionLength=5586611:documentCount=2490:maximumCount=62:nodeDocumentCount=1979:nodeFrequency=3342:w=0.25(
        #lengths:document:part=lengths()
        #counts:language:part=postings.porter()
      )
  )

Dec 19, 2017 10:00:51 PM org.lemurproject.galago.core.tools.apps.BatchSearch run
INFO: RUNNING: 16 : #combine(#bm25(importance) #bm25(of) #bm25(creativity) #bm25(in) #bm25(schools))
Dec 19, 2017 10:00:51 PM org.lemurproject.galago.core.tools.apps.BatchSearch run
INFO: Transformed Query:
#combine:w=1.0(
    #bm25:collectionLength=5586611:documentCount=2490:maximumCount=16:nodeDocumentCount=1505:nodeFrequency=3783:w=0.2(
        #lengths:document:part=lengths()
        #counts:importance:part=postings.porter()
      )
    #bm25:collectionLength=5586611:documentCount=2490:maximumCount=249:nodeDocumentCount=2488:nodeFrequency=144165:w=0.2(
        #lengths:document:part=lengths()
        #counts:of:part=postings.porter()
      )
    #bm25:collectionLength=5586611:documentCount=2490:maximumCount=27:nodeDocumentCount=488:nodeFrequency=1138:w=0.2(
        #lengths:document:part=lengths()
        #counts:creativity:part=postings.porter()
      )
    #bm25:collectionLength=5586611:documentCount=2490:maximumCount=186:nodeDocumentCount=2489:nodeFrequency=98158:w=0.2(
        #lengths:document:part=lengths()
        #counts:in:part=postings.porter()
      )
    #bm25:collectionLength=5586611:documentCount=2490:maximumCount=43:nodeDocumentCount=962:nodeFrequency=3200:w=0.2(
        #lengths:document:part=lengths()
        #counts:schools:part=postings.porter()
      )
  )

Dec 19, 2017 10:00:51 PM org.lemurproject.galago.core.tools.apps.BatchSearch run
INFO: RUNNING: 17 : #combine(#bm25(how) #bm25(to) #bm25(stay) #bm25(calm))
Dec 19, 2017 10:00:51 PM org.lemurproject.galago.core.tools.apps.BatchSearch run
INFO: Transformed Query:
#combine:w=1.0(
    #bm25:collectionLength=5586611:documentCount=2490:maximumCount=33:nodeDocumentCount=2329:nodeFrequency=15035:w=0.25(
        #lengths:document:part=lengths()
        #counts:how:part=postings.porter()
      )
    #bm25:collectionLength=5586611:documentCount=2490:maximumCount=261:nodeDocumentCount=2488:nodeFrequency=153747:w=0.25(
        #lengths:document:part=lengths()
        #counts:to:part=postings.porter()
      )
    #bm25:collectionLength=5586611:documentCount=2490:maximumCount=10:nodeDocumentCount=622:nodeFrequency=946:w=0.25(
        #lengths:document:part=lengths()
        #counts:stay:part=postings.porter()
      )
    #bm25:collectionLength=5586611:documentCount=2490:maximumCount=5:nodeDocumentCount=81:nodeFrequency=101:w=0.25(
        #lengths:document:part=lengths()
        #counts:calm:part=postings.porter()
      )
  )

Dec 19, 2017 10:00:51 PM org.lemurproject.galago.core.tools.apps.BatchSearch run
INFO: RUNNING: 18 : #combine(#bm25(how) #bm25(to) #bm25(stay) #bm25(motivated))
Dec 19, 2017 10:00:51 PM org.lemurproject.galago.core.tools.apps.BatchSearch run
INFO: Transformed Query:
#combine:w=1.0(
    #bm25:collectionLength=5586611:documentCount=2490:maximumCount=33:nodeDocumentCount=2329:nodeFrequency=15035:w=0.25(
        #lengths:document:part=lengths()
        #counts:how:part=postings.porter()
      )
    #bm25:collectionLength=5586611:documentCount=2490:maximumCount=261:nodeDocumentCount=2488:nodeFrequency=153747:w=0.25(
        #lengths:document:part=lengths()
        #counts:to:part=postings.porter()
      )
    #bm25:collectionLength=5586611:documentCount=2490:maximumCount=10:nodeDocumentCount=622:nodeFrequency=946:w=0.25(
        #lengths:document:part=lengths()
        #counts:stay:part=postings.porter()
      )
    #bm25:collectionLength=5586611:documentCount=2490:maximumCount=25:nodeDocumentCount=259:nodeFrequency=450:w=0.25(
        #lengths:document:part=lengths()
        #counts:motivated:part=postings.porter()
      )
  )

Dec 19, 2017 10:00:51 PM org.lemurproject.galago.core.tools.apps.BatchSearch run
INFO: RUNNING: 19 : #combine(#bm25(cute) #bm25(animals))
Dec 19, 2017 10:00:51 PM org.lemurproject.galago.core.tools.apps.BatchSearch run
INFO: Transformed Query:
#combine:w=1.0(
    #bm25:collectionLength=5586611:documentCount=2490:maximumCount=7:nodeDocumentCount=88:nodeFrequency=128:w=0.5(
        #lengths:document:part=lengths()
        #counts:cute:part=postings.porter()
      )
    #bm25:collectionLength=5586611:documentCount=2490:maximumCount=40:nodeDocumentCount=567:nodeFrequency=2176:w=0.5(
        #lengths:document:part=lengths()
        #counts:animals:part=postings.porter()
      )
  )

Dec 19, 2017 10:00:51 PM org.lemurproject.galago.core.tools.apps.BatchSearch run
INFO: RUNNING: 20 : #combine(#bm25(effects) #bm25(of) #bm25(social) #bm25(media))
Dec 19, 2017 10:00:51 PM org.lemurproject.galago.core.tools.apps.BatchSearch run
INFO: Transformed Query:
#combine:w=1.0(
    #bm25:collectionLength=5586611:documentCount=2490:maximumCount=26:nodeDocumentCount=786:nodeFrequency=1648:w=0.25(
        #lengths:document:part=lengths()
        #counts:effects:part=postings.porter()
      )
    #bm25:collectionLength=5586611:documentCount=2490:maximumCount=249:nodeDocumentCount=2488:nodeFrequency=144165:w=0.25(
        #lengths:document:part=lengths()
        #counts:of:part=postings.porter()
      )
    #bm25:collectionLength=5586611:documentCount=2490:maximumCount=31:nodeDocumentCount=813:nodeFrequency=2372:w=0.25(
        #lengths:document:part=lengths()
        #counts:social:part=postings.porter()
      )
    #bm25:collectionLength=5586611:documentCount=2490:maximumCount=38:nodeDocumentCount=443:nodeFrequency=1063:w=0.25(
        #lengths:document:part=lengths()
        #counts:media:part=postings.porter()
      )
  )

Dec 19, 2017 10:00:51 PM org.lemurproject.galago.core.tools.apps.BatchSearch run
INFO: RUNNING: 21 : #combine(#bm25(what) #bm25(is) #bm25(art))
Dec 19, 2017 10:00:51 PM org.lemurproject.galago.core.tools.apps.BatchSearch run
INFO: Transformed Query:
#combine:w=1.0(
    #bm25:collectionLength=5586611:documentCount=2490:maximumCount=76:nodeDocumentCount=2427:nodeFrequency=31671:w=0.3333333333333333(
        #lengths:document:part=lengths()
        #counts:what:part=postings.porter()
      )
    #bm25:collectionLength=5586611:documentCount=2490:maximumCount=187:nodeDocumentCount=2486:nodeFrequency=76264:w=0.3333333333333333(
        #lengths:document:part=lengths()
        #counts:is:part=postings.porter()
      )
    #bm25:collectionLength=5586611:documentCount=2490:maximumCount=30:nodeDocumentCount=2329:nodeFrequency=4060:w=0.3333333333333333(
        #lengths:document:part=lengths()
        #counts:art:part=postings.porter()
      )
  )

Dec 19, 2017 10:00:51 PM org.lemurproject.galago.core.tools.apps.BatchSearch run
INFO: RUNNING: 22 : #combine(#bm25(disability))
Dec 19, 2017 10:00:51 PM org.lemurproject.galago.core.tools.apps.BatchSearch run
INFO: Transformed Query:
#combine:w=1.0(
    #bm25:collectionLength=5586611:documentCount=2490:maximumCount=24:nodeDocumentCount=126:nodeFrequency=355:w=1.0(
        #lengths:document:part=lengths()
        #counts:disability:part=postings.porter()
      )
  )

Dec 19, 2017 10:00:51 PM org.lemurproject.galago.core.tools.apps.BatchSearch run
INFO: RUNNING: 23 : #combine(#bm25(rise) #bm25(of) #bm25(terrorism))
Dec 19, 2017 10:00:51 PM org.lemurproject.galago.core.tools.apps.BatchSearch run
INFO: Transformed Query:
#combine:w=1.0(
    #bm25:collectionLength=5586611:documentCount=2490:maximumCount=14:nodeDocumentCount=386:nodeFrequency=655:w=0.3333333333333333(
        #lengths:document:part=lengths()
        #counts:rise:part=postings.porter()
      )
    #bm25:collectionLength=5586611:documentCount=2490:maximumCount=249:nodeDocumentCount=2488:nodeFrequency=144165:w=0.3333333333333333(
        #lengths:document:part=lengths()
        #counts:of:part=postings.porter()
      )
    #bm25:collectionLength=5586611:documentCount=2490:maximumCount=23:nodeDocumentCount=141:nodeFrequency=324:w=0.3333333333333333(
        #lengths:document:part=lengths()
        #counts:terrorism:part=postings.porter()
      )
  )

Dec 19, 2017 10:00:52 PM org.lemurproject.galago.core.tools.apps.BatchSearch run
INFO: RUNNING: 24 : #combine(#bm25(why) #bm25(do) #bm25(we) #bm25(exist))
Dec 19, 2017 10:00:52 PM org.lemurproject.galago.core.tools.apps.BatchSearch run
INFO: Transformed Query:
#combine:w=1.0(
    #bm25:collectionLength=5586611:documentCount=2490:maximumCount=29:nodeDocumentCount=1807:nodeFrequency=5755:w=0.25(
        #lengths:document:part=lengths()
        #counts:why:part=postings.porter()
      )
    #bm25:collectionLength=5586611:documentCount=2490:maximumCount=59:nodeDocumentCount=2378:nodeFrequency=25423:w=0.25(
        #lengths:document:part=lengths()
        #counts:do:part=postings.porter()
      )
    #bm25:collectionLength=5586611:documentCount=2490:maximumCount=169:nodeDocumentCount=2432:nodeFrequency=67692:w=0.25(
        #lengths:document:part=lengths()
        #counts:we:part=postings.porter()
      )
    #bm25:collectionLength=5586611:documentCount=2490:maximumCount=38:nodeDocumentCount=733:nodeFrequency=1271:w=0.25(
        #lengths:document:part=lengths()
        #counts:exist:part=postings.porter()
      )
  )

Dec 19, 2017 10:00:52 PM org.lemurproject.galago.core.tools.apps.BatchSearch run
INFO: RUNNING: 25 : #combine(#bm25(secret) #bm25(to) #bm25(happiness))
Dec 19, 2017 10:00:52 PM org.lemurproject.galago.core.tools.apps.BatchSearch run
INFO: Transformed Query:
#combine:w=1.0(
    #bm25:collectionLength=5586611:documentCount=2490:maximumCount=24:nodeDocumentCount=363:nodeFrequency=632:w=0.3333333333333333(
        #lengths:document:part=lengths()
        #counts:secret:part=postings.porter()
      )
    #bm25:collectionLength=5586611:documentCount=2490:maximumCount=261:nodeDocumentCount=2488:nodeFrequency=153747:w=0.3333333333333333(
        #lengths:document:part=lengths()
        #counts:to:part=postings.porter()
      )
    #bm25:collectionLength=5586611:documentCount=2490:maximumCount=42:nodeDocumentCount=606:nodeFrequency=1551:w=0.3333333333333333(
        #lengths:document:part=lengths()
        #counts:happiness:part=postings.porter()
      )
  )

