Dec 15, 2017 2:06:40 PM org.lemurproject.galago.core.tools.apps.BatchSearch run
INFO: RUNNING: 1 : harmful effects of video games. is it harmful to play video games? does playing make people violent? does it damage attention spans? does it increase obesity? are people who play video games less fit? should video games be banned?
Dec 15, 2017 2:06:40 PM org.lemurproject.galago.core.tools.apps.BatchSearch run
INFO: Transformed Query:
#bm25fcomb:w=1.0(
    #dirichlet:collectionLength=5586611:maximumCount=21:nodeFrequency=292:w=0.02631578947368421(
        #lengths:document:part=lengths()
        #counts:harmful:part=postings.porter()
      )
    #dirichlet:collectionLength=5586611:maximumCount=26:nodeFrequency=1648:w=0.02631578947368421(
        #lengths:document:part=lengths()
        #counts:effects:part=postings.porter()
      )
    #dirichlet:collectionLength=5586611:maximumCount=249:nodeFrequency=144165:w=0.02631578947368421(
        #lengths:document:part=lengths()
        #counts:of:part=postings.porter()
      )
    #dirichlet:collectionLength=5586611:maximumCount=45:nodeFrequency=4160:w=0.02631578947368421(
        #lengths:document:part=lengths()
        #counts:video:part=postings.porter()
      )
    #dirichlet:collectionLength=5586611:maximumCount=0:nodeFrequency=0:w=0.02631578947368421(
        #lengths:document:part=lengths()
        #inside(
            #extents:games:part=postings.porter()
            #extents:is:part=extents()
          )
      )
    #dirichlet:collectionLength=5586611:maximumCount=203:nodeFrequency=90613:w=0.02631578947368421(
        #lengths:document:part=lengths()
        #counts:it:part=postings.porter()
      )
    #dirichlet:collectionLength=5586611:maximumCount=21:nodeFrequency=292:w=0.02631578947368421(
        #lengths:document:part=lengths()
        #counts:harmful:part=postings.porter()
      )
    #dirichlet:collectionLength=5586611:maximumCount=261:nodeFrequency=153747:w=0.02631578947368421(
        #lengths:document:part=lengths()
        #counts:to:part=postings.porter()
      )
    #dirichlet:collectionLength=5586611:maximumCount=112:nodeFrequency=3047:w=0.02631578947368421(
        #lengths:document:part=lengths()
        #counts:play:part=postings.porter()
      )
    #dirichlet:collectionLength=5586611:maximumCount=45:nodeFrequency=4160:w=0.02631578947368421(
        #lengths:document:part=lengths()
        #counts:video:part=postings.porter()
      )
    #dirichlet:collectionLength=5586611:maximumCount=0:nodeFrequency=0:w=0.02631578947368421(
        #lengths:document:part=lengths()
        #counts:games?:part=postings.porter()
      )
    #dirichlet:collectionLength=5586611:maximumCount=13:nodeFrequency=3026:w=0.02631578947368421(
        #lengths:document:part=lengths()
        #counts:does:part=postings.porter()
      )
    #dirichlet:collectionLength=5586611:maximumCount=112:nodeFrequency=3047:w=0.02631578947368421(
        #lengths:document:part=lengths()
        #counts:playing:part=postings.porter()
      )
    #dirichlet:collectionLength=5586611:maximumCount=44:nodeFrequency=12195:w=0.02631578947368421(
        #lengths:document:part=lengths()
        #counts:make:part=postings.porter()
      )
    #dirichlet:collectionLength=5586611:maximumCount=78:nodeFrequency=20684:w=0.02631578947368421(
        #lengths:document:part=lengths()
        #counts:people:part=postings.porter()
      )
    #dirichlet:collectionLength=5586611:maximumCount=0:nodeFrequency=0:w=0.02631578947368421(
        #lengths:document:part=lengths()
        #counts:violent?:part=postings.porter()
      )
    #dirichlet:collectionLength=5586611:maximumCount=13:nodeFrequency=3026:w=0.02631578947368421(
        #lengths:document:part=lengths()
        #counts:does:part=postings.porter()
      )
    #dirichlet:collectionLength=5586611:maximumCount=203:nodeFrequency=90613:w=0.02631578947368421(
        #lengths:document:part=lengths()
        #counts:it:part=postings.porter()
      )
    #dirichlet:collectionLength=5586611:maximumCount=17:nodeFrequency=377:w=0.02631578947368421(
        #lengths:document:part=lengths()
        #counts:damage:part=postings.porter()
      )
    #dirichlet:collectionLength=5586611:maximumCount=27:nodeFrequency=823:w=0.02631578947368421(
        #lengths:document:part=lengths()
        #counts:attention:part=postings.porter()
      )
    #dirichlet:collectionLength=5586611:maximumCount=0:nodeFrequency=0:w=0.02631578947368421(
        #lengths:document:part=lengths()
        #counts:spans?:part=postings.porter()
      )
    #dirichlet:collectionLength=5586611:maximumCount=13:nodeFrequency=3026:w=0.02631578947368421(
        #lengths:document:part=lengths()
        #counts:does:part=postings.porter()
      )
    #dirichlet:collectionLength=5586611:maximumCount=203:nodeFrequency=90613:w=0.02631578947368421(
        #lengths:document:part=lengths()
        #counts:it:part=postings.porter()
      )
    #dirichlet:collectionLength=5586611:maximumCount=13:nodeFrequency=1242:w=0.02631578947368421(
        #lengths:document:part=lengths()
        #counts:increase:part=postings.porter()
      )
    #dirichlet:collectionLength=5586611:maximumCount=0:nodeFrequency=0:w=0.02631578947368421(
        #lengths:document:part=lengths()
        #counts:obesity?:part=postings.porter()
      )
    #dirichlet:collectionLength=5586611:maximumCount=76:nodeFrequency=34466:w=0.02631578947368421(
        #lengths:document:part=lengths()
        #counts:are:part=postings.porter()
      )
    #dirichlet:collectionLength=5586611:maximumCount=78:nodeFrequency=20684:w=0.02631578947368421(
        #lengths:document:part=lengths()
        #counts:people:part=postings.porter()
      )
    #dirichlet:collectionLength=5586611:maximumCount=39:nodeFrequency=11865:w=0.02631578947368421(
        #lengths:document:part=lengths()
        #counts:who:part=postings.porter()
      )
    #dirichlet:collectionLength=5586611:maximumCount=112:nodeFrequency=3047:w=0.02631578947368421(
        #lengths:document:part=lengths()
        #counts:play:part=postings.porter()
      )
    #dirichlet:collectionLength=5586611:maximumCount=45:nodeFrequency=4160:w=0.02631578947368421(
        #lengths:document:part=lengths()
        #counts:video:part=postings.porter()
      )
    #dirichlet:collectionLength=5586611:maximumCount=92:nodeFrequency=1705:w=0.02631578947368421(
        #lengths:document:part=lengths()
        #counts:games:part=postings.porter()
      )
    #dirichlet:collectionLength=5586611:maximumCount=23:nodeFrequency=3242:w=0.02631578947368421(
        #lengths:document:part=lengths()
        #counts:less:part=postings.porter()
      )
    #dirichlet:collectionLength=5586611:maximumCount=0:nodeFrequency=0:w=0.02631578947368421(
        #lengths:document:part=lengths()
        #counts:fit?:part=postings.porter()
      )
    #dirichlet:collectionLength=5586611:maximumCount=25:nodeFrequency=3401:w=0.02631578947368421(
        #lengths:document:part=lengths()
        #counts:should:part=postings.porter()
      )
    #dirichlet:collectionLength=5586611:maximumCount=45:nodeFrequency=4160:w=0.02631578947368421(
        #lengths:document:part=lengths()
        #counts:video:part=postings.porter()
      )
    #dirichlet:collectionLength=5586611:maximumCount=92:nodeFrequency=1705:w=0.02631578947368421(
        #lengths:document:part=lengths()
        #counts:games:part=postings.porter()
      )
    #dirichlet:collectionLength=5586611:maximumCount=87:nodeFrequency=29784:w=0.02631578947368421(
        #lengths:document:part=lengths()
        #counts:be:part=postings.porter()
      )
    #dirichlet:collectionLength=5586611:maximumCount=0:nodeFrequency=0:w=0.02631578947368421(
        #lengths:document:part=lengths()
        #counts:banned?:part=postings.porter()
      )
  )

Dec 15, 2017 2:06:40 PM org.lemurproject.galago.core.tools.apps.BatchSearch run
INFO: RUNNING: 2 : bike lanes and congestion and pollution. do cycle lanes increase or decrease congestion and pollution?
Dec 15, 2017 2:06:40 PM org.lemurproject.galago.core.tools.apps.BatchSearch run
INFO: Transformed Query:
#bm25fcomb:w=1.0(
    #dirichlet:collectionLength=5586611:maximumCount=21:nodeFrequency=211:w=0.07142857142857142(
        #lengths:document:part=lengths()
        #counts:bike:part=postings.porter()
      )
    #dirichlet:collectionLength=5586611:maximumCount=26:nodeFrequency=134:w=0.07142857142857142(
        #lengths:document:part=lengths()
        #counts:lanes:part=postings.porter()
      )
    #dirichlet:collectionLength=5586611:maximumCount=345:nodeFrequency=191097:w=0.07142857142857142(
        #lengths:document:part=lengths()
        #counts:and:part=postings.porter()
      )
    #dirichlet:collectionLength=5586611:maximumCount=21:nodeFrequency=74:w=0.07142857142857142(
        #lengths:document:part=lengths()
        #counts:congestion:part=postings.porter()
      )
    #dirichlet:collectionLength=5586611:maximumCount=345:nodeFrequency=191097:w=0.07142857142857142(
        #lengths:document:part=lengths()
        #counts:and:part=postings.porter()
      )
    #dirichlet:collectionLength=5586611:maximumCount=0:nodeFrequency=0:w=0.07142857142857142(
        #lengths:document:part=lengths()
        #inside(
            #extents:pollution:part=postings.porter()
            #extents:do:part=extents()
          )
      )
    #dirichlet:collectionLength=5586611:maximumCount=9:nodeFrequency=354:w=0.07142857142857142(
        #lengths:document:part=lengths()
        #counts:cycle:part=postings.porter()
      )
    #dirichlet:collectionLength=5586611:maximumCount=26:nodeFrequency=134:w=0.07142857142857142(
        #lengths:document:part=lengths()
        #counts:lanes:part=postings.porter()
      )
    #dirichlet:collectionLength=5586611:maximumCount=13:nodeFrequency=1242:w=0.07142857142857142(
        #lengths:document:part=lengths()
        #counts:increase:part=postings.porter()
      )
    #dirichlet:collectionLength=5586611:maximumCount=50:nodeFrequency=18594:w=0.07142857142857142(
        #lengths:document:part=lengths()
        #counts:or:part=postings.porter()
      )
    #dirichlet:collectionLength=5586611:maximumCount=10:nodeFrequency=137:w=0.07142857142857142(
        #lengths:document:part=lengths()
        #counts:decrease:part=postings.porter()
      )
    #dirichlet:collectionLength=5586611:maximumCount=21:nodeFrequency=74:w=0.07142857142857142(
        #lengths:document:part=lengths()
        #counts:congestion:part=postings.porter()
      )
    #dirichlet:collectionLength=5586611:maximumCount=345:nodeFrequency=191097:w=0.07142857142857142(
        #lengths:document:part=lengths()
        #counts:and:part=postings.porter()
      )
    #dirichlet:collectionLength=5586611:maximumCount=0:nodeFrequency=0:w=0.07142857142857142(
        #lengths:document:part=lengths()
        #counts:pollution?:part=postings.porter()
      )
  )

Dec 15, 2017 2:06:40 PM org.lemurproject.galago.core.tools.apps.BatchSearch run
INFO: RUNNING: 3 : good study habits. what are good study habits? how common are they? is it better to study a little every day, or focus for a concentrated period of time?
Dec 15, 2017 2:06:40 PM org.lemurproject.galago.core.tools.apps.BatchSearch run
INFO: Transformed Query:
#bm25fcomb:w=1.0(
    #dirichlet:collectionLength=5586611:maximumCount=42:nodeFrequency=5536:w=0.034482758620689655(
        #lengths:document:part=lengths()
        #counts:good:part=postings.porter()
      )
    #dirichlet:collectionLength=5586611:maximumCount=27:nodeFrequency=2334:w=0.034482758620689655(
        #lengths:document:part=lengths()
        #counts:study:part=postings.porter()
      )
    #dirichlet:collectionLength=5586611:maximumCount=0:nodeFrequency=0:w=0.034482758620689655(
        #lengths:document:part=lengths()
        #inside(
            #extents:habits:part=postings.porter()
            #extents:what:part=extents()
          )
      )
    #dirichlet:collectionLength=5586611:maximumCount=76:nodeFrequency=34466:w=0.034482758620689655(
        #lengths:document:part=lengths()
        #counts:are:part=postings.porter()
      )
    #dirichlet:collectionLength=5586611:maximumCount=42:nodeFrequency=5536:w=0.034482758620689655(
        #lengths:document:part=lengths()
        #counts:good:part=postings.porter()
      )
    #dirichlet:collectionLength=5586611:maximumCount=27:nodeFrequency=2334:w=0.034482758620689655(
        #lengths:document:part=lengths()
        #counts:study:part=postings.porter()
      )
    #dirichlet:collectionLength=5586611:maximumCount=0:nodeFrequency=0:w=0.034482758620689655(
        #lengths:document:part=lengths()
        #counts:habits?:part=postings.porter()
      )
    #dirichlet:collectionLength=5586611:maximumCount=33:nodeFrequency=15035:w=0.034482758620689655(
        #lengths:document:part=lengths()
        #counts:how:part=postings.porter()
      )
    #dirichlet:collectionLength=5586611:maximumCount=12:nodeFrequency=1032:w=0.034482758620689655(
        #lengths:document:part=lengths()
        #counts:common:part=postings.porter()
      )
    #dirichlet:collectionLength=5586611:maximumCount=76:nodeFrequency=34466:w=0.034482758620689655(
        #lengths:document:part=lengths()
        #counts:are:part=postings.porter()
      )
    #dirichlet:collectionLength=5586611:maximumCount=0:nodeFrequency=0:w=0.034482758620689655(
        #lengths:document:part=lengths()
        #counts:they?:part=postings.porter()
      )
    #dirichlet:collectionLength=5586611:maximumCount=187:nodeFrequency=76264:w=0.034482758620689655(
        #lengths:document:part=lengths()
        #counts:is:part=postings.porter()
      )
    #dirichlet:collectionLength=5586611:maximumCount=203:nodeFrequency=90613:w=0.034482758620689655(
        #lengths:document:part=lengths()
        #counts:it:part=postings.porter()
      )
    #dirichlet:collectionLength=5586611:maximumCount=25:nodeFrequency=3469:w=0.034482758620689655(
        #lengths:document:part=lengths()
        #counts:better:part=postings.porter()
      )
    #dirichlet:collectionLength=5586611:maximumCount=261:nodeFrequency=153747:w=0.034482758620689655(
        #lengths:document:part=lengths()
        #counts:to:part=postings.porter()
      )
    #dirichlet:collectionLength=5586611:maximumCount=27:nodeFrequency=2334:w=0.034482758620689655(
        #lengths:document:part=lengths()
        #counts:study:part=postings.porter()
      )
    #dirichlet:collectionLength=5586611:maximumCount=220:nodeFrequency=130480:w=0.034482758620689655(
        #lengths:document:part=lengths()
        #counts:a:part=postings.porter()
      )
    #dirichlet:collectionLength=5586611:maximumCount=43:nodeFrequency=6287:w=0.034482758620689655(
        #lengths:document:part=lengths()
        #counts:little:part=postings.porter()
      )
    #dirichlet:collectionLength=5586611:maximumCount=19:nodeFrequency=5447:w=0.034482758620689655(
        #lengths:document:part=lengths()
        #counts:every:part=postings.porter()
      )
    #dirichlet:collectionLength=5586611:maximumCount=30:nodeFrequency=6336:w=0.034482758620689655(
        #lengths:document:part=lengths()
        #counts:day:part=postings.porter()
      )
    #dirichlet:collectionLength=5586611:maximumCount=0:nodeFrequency=0:w=0.034482758620689655(
        #lengths:document:part=lengths()
        #counts:,:part=postings.porter()
      )
    #dirichlet:collectionLength=5586611:maximumCount=50:nodeFrequency=18594:w=0.034482758620689655(
        #lengths:document:part=lengths()
        #counts:or:part=postings.porter()
      )
    #dirichlet:collectionLength=5586611:maximumCount=18:nodeFrequency=1129:w=0.034482758620689655(
        #lengths:document:part=lengths()
        #counts:focus:part=postings.porter()
      )
    #dirichlet:collectionLength=5586611:maximumCount=66:nodeFrequency=39199:w=0.034482758620689655(
        #lengths:document:part=lengths()
        #counts:for:part=postings.porter()
      )
    #dirichlet:collectionLength=5586611:maximumCount=220:nodeFrequency=130480:w=0.034482758620689655(
        #lengths:document:part=lengths()
        #counts:a:part=postings.porter()
      )
    #dirichlet:collectionLength=5586611:maximumCount=10:nodeFrequency=263:w=0.034482758620689655(
        #lengths:document:part=lengths()
        #counts:concentrated:part=postings.porter()
      )
    #dirichlet:collectionLength=5586611:maximumCount=35:nodeFrequency=628:w=0.034482758620689655(
        #lengths:document:part=lengths()
        #counts:period:part=postings.porter()
      )
    #dirichlet:collectionLength=5586611:maximumCount=249:nodeFrequency=144165:w=0.034482758620689655(
        #lengths:document:part=lengths()
        #counts:of:part=postings.porter()
      )
    #dirichlet:collectionLength=5586611:maximumCount=0:nodeFrequency=0:w=0.034482758620689655(
        #lengths:document:part=lengths()
        #counts:time?:part=postings.porter()
      )
  )

Dec 15, 2017 2:06:40 PM org.lemurproject.galago.core.tools.apps.BatchSearch run
INFO: RUNNING: 4 : how to save energy at home. how can we save energy in our daily lives?
Dec 15, 2017 2:06:41 PM org.lemurproject.galago.core.tools.apps.BatchSearch run
INFO: Transformed Query:
#bm25fcomb:w=1.0(
    #dirichlet:collectionLength=5586611:maximumCount=33:nodeFrequency=15035:w=0.07142857142857142(
        #lengths:document:part=lengths()
        #counts:how:part=postings.porter()
      )
    #dirichlet:collectionLength=5586611:maximumCount=261:nodeFrequency=153747:w=0.07142857142857142(
        #lengths:document:part=lengths()
        #counts:to:part=postings.porter()
      )
    #dirichlet:collectionLength=5586611:maximumCount=53:nodeFrequency=1322:w=0.07142857142857142(
        #lengths:document:part=lengths()
        #counts:save:part=postings.porter()
      )
    #dirichlet:collectionLength=5586611:maximumCount=42:nodeFrequency=1951:w=0.07142857142857142(
        #lengths:document:part=lengths()
        #counts:energy:part=postings.porter()
      )
    #dirichlet:collectionLength=5586611:maximumCount=43:nodeFrequency=25332:w=0.07142857142857142(
        #lengths:document:part=lengths()
        #counts:at:part=postings.porter()
      )
    #dirichlet:collectionLength=5586611:maximumCount=0:nodeFrequency=0:w=0.07142857142857142(
        #lengths:document:part=lengths()
        #inside(
            #extents:home:part=postings.porter()
            #extents:how:part=extents()
          )
      )
    #dirichlet:collectionLength=5586611:maximumCount=56:nodeFrequency=25102:w=0.07142857142857142(
        #lengths:document:part=lengths()
        #counts:can:part=postings.porter()
      )
    #dirichlet:collectionLength=5586611:maximumCount=169:nodeFrequency=67692:w=0.07142857142857142(
        #lengths:document:part=lengths()
        #counts:we:part=postings.porter()
      )
    #dirichlet:collectionLength=5586611:maximumCount=53:nodeFrequency=1322:w=0.07142857142857142(
        #lengths:document:part=lengths()
        #counts:save:part=postings.porter()
      )
    #dirichlet:collectionLength=5586611:maximumCount=42:nodeFrequency=1951:w=0.07142857142857142(
        #lengths:document:part=lengths()
        #counts:energy:part=postings.porter()
      )
    #dirichlet:collectionLength=5586611:maximumCount=186:nodeFrequency=98158:w=0.07142857142857142(
        #lengths:document:part=lengths()
        #counts:in:part=postings.porter()
      )
    #dirichlet:collectionLength=5586611:maximumCount=83:nodeFrequency=19939:w=0.07142857142857142(
        #lengths:document:part=lengths()
        #counts:our:part=postings.porter()
      )
    #dirichlet:collectionLength=5586611:maximumCount=6:nodeFrequency=2340:w=0.07142857142857142(
        #lengths:document:part=lengths()
        #counts:daily:part=postings.porter()
      )
    #dirichlet:collectionLength=5586611:maximumCount=0:nodeFrequency=0:w=0.07142857142857142(
        #lengths:document:part=lengths()
        #counts:lives?:part=postings.porter()
      )
  )

Dec 15, 2017 2:06:41 PM org.lemurproject.galago.core.tools.apps.BatchSearch run
INFO: RUNNING: 5 : human ignorance. why are we so ignorant about the world?
Dec 15, 2017 2:06:41 PM org.lemurproject.galago.core.tools.apps.BatchSearch run
INFO: Transformed Query:
#bm25fcomb:w=1.0(
    #dirichlet:collectionLength=5586611:maximumCount=42:nodeFrequency=5915:w=0.1111111111111111(
        #lengths:document:part=lengths()
        #counts:human:part=postings.porter()
      )
    #dirichlet:collectionLength=5586611:maximumCount=0:nodeFrequency=0:w=0.1111111111111111(
        #lengths:document:part=lengths()
        #inside(
            #extents:ignorance:part=postings.porter()
            #extents:why:part=extents()
          )
      )
    #dirichlet:collectionLength=5586611:maximumCount=76:nodeFrequency=34466:w=0.1111111111111111(
        #lengths:document:part=lengths()
        #counts:are:part=postings.porter()
      )
    #dirichlet:collectionLength=5586611:maximumCount=169:nodeFrequency=67692:w=0.1111111111111111(
        #lengths:document:part=lengths()
        #counts:we:part=postings.porter()
      )
    #dirichlet:collectionLength=5586611:maximumCount=96:nodeFrequency=42756:w=0.1111111111111111(
        #lengths:document:part=lengths()
        #counts:so:part=postings.porter()
      )
    #dirichlet:collectionLength=5586611:maximumCount=29:nodeFrequency=408:w=0.1111111111111111(
        #lengths:document:part=lengths()
        #counts:ignorant:part=postings.porter()
      )
    #dirichlet:collectionLength=5586611:maximumCount=63:nodeFrequency=25627:w=0.1111111111111111(
        #lengths:document:part=lengths()
        #counts:about:part=postings.porter()
      )
    #dirichlet:collectionLength=5586611:maximumCount=458:nodeFrequency=261366:w=0.1111111111111111(
        #lengths:document:part=lengths()
        #counts:the:part=postings.porter()
      )
    #dirichlet:collectionLength=5586611:maximumCount=0:nodeFrequency=0:w=0.1111111111111111(
        #lengths:document:part=lengths()
        #counts:world?:part=postings.porter()
      )
  )

Dec 15, 2017 2:06:41 PM org.lemurproject.galago.core.tools.apps.BatchSearch run
INFO: RUNNING: 6 : impact of music. how can music affect our body/mind? does music changes our emotions or attitude?
Dec 15, 2017 2:06:41 PM org.lemurproject.galago.core.tools.apps.BatchSearch run
INFO: Transformed Query:
#bm25fcomb:w=1.0(
    #dirichlet:collectionLength=5586611:maximumCount=12:nodeFrequency=858:w=0.06666666666666667(
        #lengths:document:part=lengths()
        #counts:impact:part=postings.porter()
      )
    #dirichlet:collectionLength=5586611:maximumCount=249:nodeFrequency=144165:w=0.06666666666666667(
        #lengths:document:part=lengths()
        #counts:of:part=postings.porter()
      )
    #dirichlet:collectionLength=5586611:maximumCount=0:nodeFrequency=0:w=0.06666666666666667(
        #lengths:document:part=lengths()
        #inside(
            #extents:music:part=postings.porter()
            #extents:how:part=extents()
          )
      )
    #dirichlet:collectionLength=5586611:maximumCount=56:nodeFrequency=25102:w=0.06666666666666667(
        #lengths:document:part=lengths()
        #counts:can:part=postings.porter()
      )
    #dirichlet:collectionLength=5586611:maximumCount=66:nodeFrequency=2426:w=0.06666666666666667(
        #lengths:document:part=lengths()
        #counts:music:part=postings.porter()
      )
    #dirichlet:collectionLength=5586611:maximumCount=12:nodeFrequency=677:w=0.06666666666666667(
        #lengths:document:part=lengths()
        #counts:affect:part=postings.porter()
      )
    #dirichlet:collectionLength=5586611:maximumCount=83:nodeFrequency=19939:w=0.06666666666666667(
        #lengths:document:part=lengths()
        #counts:our:part=postings.porter()
      )
    #dirichlet:collectionLength=5586611:maximumCount=0:nodeFrequency=0:w=0.06666666666666667(
        #lengths:document:part=lengths()
        #counts:body/mind?:part=postings.porter()
      )
    #dirichlet:collectionLength=5586611:maximumCount=13:nodeFrequency=3026:w=0.06666666666666667(
        #lengths:document:part=lengths()
        #counts:does:part=postings.porter()
      )
    #dirichlet:collectionLength=5586611:maximumCount=66:nodeFrequency=2426:w=0.06666666666666667(
        #lengths:document:part=lengths()
        #counts:music:part=postings.porter()
      )
    #dirichlet:collectionLength=5586611:maximumCount=30:nodeFrequency=7174:w=0.06666666666666667(
        #lengths:document:part=lengths()
        #counts:changes:part=postings.porter()
      )
    #dirichlet:collectionLength=5586611:maximumCount=83:nodeFrequency=19939:w=0.06666666666666667(
        #lengths:document:part=lengths()
        #counts:our:part=postings.porter()
      )
    #dirichlet:collectionLength=5586611:maximumCount=34:nodeFrequency=1000:w=0.06666666666666667(
        #lengths:document:part=lengths()
        #counts:emotions:part=postings.porter()
      )
    #dirichlet:collectionLength=5586611:maximumCount=50:nodeFrequency=18594:w=0.06666666666666667(
        #lengths:document:part=lengths()
        #counts:or:part=postings.porter()
      )
    #dirichlet:collectionLength=5586611:maximumCount=0:nodeFrequency=0:w=0.06666666666666667(
        #lengths:document:part=lengths()
        #counts:attitude?:part=postings.porter()
      )
  )

Dec 15, 2017 2:06:41 PM org.lemurproject.galago.core.tools.apps.BatchSearch run
INFO: RUNNING: 7 : procrastination. why do we procrastinate? how can we avoid procrastinating on important task
Dec 15, 2017 2:06:41 PM org.lemurproject.galago.core.tools.apps.BatchSearch run
INFO: Transformed Query:
#bm25fcomb:w=1.0(
    #dirichlet:collectionLength=5586611:maximumCount=0:nodeFrequency=0:w=0.08333333333333333(
        #lengths:document:part=lengths()
        #inside(
            #extents:procrastination:part=postings.porter()
            #extents:why:part=extents()
          )
      )
    #dirichlet:collectionLength=5586611:maximumCount=59:nodeFrequency=25423:w=0.08333333333333333(
        #lengths:document:part=lengths()
        #counts:do:part=postings.porter()
      )
    #dirichlet:collectionLength=5586611:maximumCount=169:nodeFrequency=67692:w=0.08333333333333333(
        #lengths:document:part=lengths()
        #counts:we:part=postings.porter()
      )
    #dirichlet:collectionLength=5586611:maximumCount=0:nodeFrequency=0:w=0.08333333333333333(
        #lengths:document:part=lengths()
        #counts:procrastinate?:part=postings.porter()
      )
    #dirichlet:collectionLength=5586611:maximumCount=33:nodeFrequency=15035:w=0.08333333333333333(
        #lengths:document:part=lengths()
        #counts:how:part=postings.porter()
      )
    #dirichlet:collectionLength=5586611:maximumCount=56:nodeFrequency=25102:w=0.08333333333333333(
        #lengths:document:part=lengths()
        #counts:can:part=postings.porter()
      )
    #dirichlet:collectionLength=5586611:maximumCount=169:nodeFrequency=67692:w=0.08333333333333333(
        #lengths:document:part=lengths()
        #counts:we:part=postings.porter()
      )
    #dirichlet:collectionLength=5586611:maximumCount=8:nodeFrequency=355:w=0.08333333333333333(
        #lengths:document:part=lengths()
        #counts:avoid:part=postings.porter()
      )
    #dirichlet:collectionLength=5586611:maximumCount=33:nodeFrequency=67:w=0.08333333333333333(
        #lengths:document:part=lengths()
        #counts:procrastinating:part=postings.porter()
      )
    #dirichlet:collectionLength=5586611:maximumCount=79:nodeFrequency=41835:w=0.08333333333333333(
        #lengths:document:part=lengths()
        #counts:on:part=postings.porter()
      )
    #dirichlet:collectionLength=5586611:maximumCount=16:nodeFrequency=3783:w=0.08333333333333333(
        #lengths:document:part=lengths()
        #counts:important:part=postings.porter()
      )
    #dirichlet:collectionLength=5586611:maximumCount=25:nodeFrequency=487:w=0.08333333333333333(
        #lengths:document:part=lengths()
        #counts:task:part=postings.porter()
      )
  )

Dec 15, 2017 2:06:41 PM org.lemurproject.galago.core.tools.apps.BatchSearch run
INFO: RUNNING: 8 : climate change. what are the evidence that points to climate change? is it a hoax? what can we do to slow it down?
Dec 15, 2017 2:06:41 PM org.lemurproject.galago.core.tools.apps.BatchSearch run
INFO: Transformed Query:
#bm25fcomb:w=1.0(
    #dirichlet:collectionLength=5586611:maximumCount=32:nodeFrequency=1712:w=0.045454545454545456(
        #lengths:document:part=lengths()
        #counts:climate:part=postings.porter()
      )
    #dirichlet:collectionLength=5586611:maximumCount=0:nodeFrequency=0:w=0.045454545454545456(
        #lengths:document:part=lengths()
        #inside(
            #extents:change:part=postings.porter()
            #extents:what:part=extents()
          )
      )
    #dirichlet:collectionLength=5586611:maximumCount=76:nodeFrequency=34466:w=0.045454545454545456(
        #lengths:document:part=lengths()
        #counts:are:part=postings.porter()
      )
    #dirichlet:collectionLength=5586611:maximumCount=458:nodeFrequency=261366:w=0.045454545454545456(
        #lengths:document:part=lengths()
        #counts:the:part=postings.porter()
      )
    #dirichlet:collectionLength=5586611:maximumCount=16:nodeFrequency=661:w=0.045454545454545456(
        #lengths:document:part=lengths()
        #counts:evidence:part=postings.porter()
      )
    #dirichlet:collectionLength=5586611:maximumCount=254:nodeFrequency=112496:w=0.045454545454545456(
        #lengths:document:part=lengths()
        #counts:that:part=postings.porter()
      )
    #dirichlet:collectionLength=5586611:maximumCount=15:nodeFrequency=3151:w=0.045454545454545456(
        #lengths:document:part=lengths()
        #counts:points:part=postings.porter()
      )
    #dirichlet:collectionLength=5586611:maximumCount=261:nodeFrequency=153747:w=0.045454545454545456(
        #lengths:document:part=lengths()
        #counts:to:part=postings.porter()
      )
    #dirichlet:collectionLength=5586611:maximumCount=32:nodeFrequency=1712:w=0.045454545454545456(
        #lengths:document:part=lengths()
        #counts:climate:part=postings.porter()
      )
    #dirichlet:collectionLength=5586611:maximumCount=0:nodeFrequency=0:w=0.045454545454545456(
        #lengths:document:part=lengths()
        #counts:change?:part=postings.porter()
      )
    #dirichlet:collectionLength=5586611:maximumCount=187:nodeFrequency=76264:w=0.045454545454545456(
        #lengths:document:part=lengths()
        #counts:is:part=postings.porter()
      )
    #dirichlet:collectionLength=5586611:maximumCount=203:nodeFrequency=90613:w=0.045454545454545456(
        #lengths:document:part=lengths()
        #counts:it:part=postings.porter()
      )
    #dirichlet:collectionLength=5586611:maximumCount=220:nodeFrequency=130480:w=0.045454545454545456(
        #lengths:document:part=lengths()
        #counts:a:part=postings.porter()
      )
    #dirichlet:collectionLength=5586611:maximumCount=0:nodeFrequency=0:w=0.045454545454545456(
        #lengths:document:part=lengths()
        #counts:hoax?:part=postings.porter()
      )
    #dirichlet:collectionLength=5586611:maximumCount=76:nodeFrequency=31671:w=0.045454545454545456(
        #lengths:document:part=lengths()
        #counts:what:part=postings.porter()
      )
    #dirichlet:collectionLength=5586611:maximumCount=56:nodeFrequency=25102:w=0.045454545454545456(
        #lengths:document:part=lengths()
        #counts:can:part=postings.porter()
      )
    #dirichlet:collectionLength=5586611:maximumCount=169:nodeFrequency=67692:w=0.045454545454545456(
        #lengths:document:part=lengths()
        #counts:we:part=postings.porter()
      )
    #dirichlet:collectionLength=5586611:maximumCount=59:nodeFrequency=25423:w=0.045454545454545456(
        #lengths:document:part=lengths()
        #counts:do:part=postings.porter()
      )
    #dirichlet:collectionLength=5586611:maximumCount=261:nodeFrequency=153747:w=0.045454545454545456(
        #lengths:document:part=lengths()
        #counts:to:part=postings.porter()
      )
    #dirichlet:collectionLength=5586611:maximumCount=52:nodeFrequency=525:w=0.045454545454545456(
        #lengths:document:part=lengths()
        #counts:slow:part=postings.porter()
      )
    #dirichlet:collectionLength=5586611:maximumCount=203:nodeFrequency=90613:w=0.045454545454545456(
        #lengths:document:part=lengths()
        #counts:it:part=postings.porter()
      )
    #dirichlet:collectionLength=5586611:maximumCount=0:nodeFrequency=0:w=0.045454545454545456(
        #lengths:document:part=lengths()
        #counts:down?:part=postings.porter()
      )
  )

Dec 15, 2017 2:06:41 PM org.lemurproject.galago.core.tools.apps.BatchSearch run
INFO: RUNNING: 9 : basic income. what are the pros and cons of implementing basic income scheme in a country? what are some of the preliminary results for countries/states that have implemented such scheme
Dec 15, 2017 2:06:41 PM org.lemurproject.galago.core.tools.apps.BatchSearch run
INFO: Transformed Query:
#bm25fcomb:w=1.0(
    #dirichlet:collectionLength=5586611:maximumCount=28:nodeFrequency=1990:w=0.034482758620689655(
        #lengths:document:part=lengths()
        #counts:basic:part=postings.porter()
      )
    #dirichlet:collectionLength=5586611:maximumCount=0:nodeFrequency=0:w=0.034482758620689655(
        #lengths:document:part=lengths()
        #inside(
            #extents:income:part=postings.porter()
            #extents:what:part=extents()
          )
      )
    #dirichlet:collectionLength=5586611:maximumCount=76:nodeFrequency=34466:w=0.034482758620689655(
        #lengths:document:part=lengths()
        #counts:are:part=postings.porter()
      )
    #dirichlet:collectionLength=5586611:maximumCount=458:nodeFrequency=261366:w=0.034482758620689655(
        #lengths:document:part=lengths()
        #counts:the:part=postings.porter()
      )
    #dirichlet:collectionLength=5586611:maximumCount=1:nodeFrequency=5:w=0.034482758620689655(
        #lengths:document:part=lengths()
        #counts:pros:part=postings.porter()
      )
    #dirichlet:collectionLength=5586611:maximumCount=345:nodeFrequency=191097:w=0.034482758620689655(
        #lengths:document:part=lengths()
        #counts:and:part=postings.porter()
      )
    #dirichlet:collectionLength=5586611:maximumCount=10:nodeFrequency=33:w=0.034482758620689655(
        #lengths:document:part=lengths()
        #counts:cons:part=postings.porter()
      )
    #dirichlet:collectionLength=5586611:maximumCount=249:nodeFrequency=144165:w=0.034482758620689655(
        #lengths:document:part=lengths()
        #counts:of:part=postings.porter()
      )
    #dirichlet:collectionLength=5586611:maximumCount=7:nodeFrequency=174:w=0.034482758620689655(
        #lengths:document:part=lengths()
        #counts:implementing:part=postings.porter()
      )
    #dirichlet:collectionLength=5586611:maximumCount=28:nodeFrequency=1990:w=0.034482758620689655(
        #lengths:document:part=lengths()
        #counts:basic:part=postings.porter()
      )
    #dirichlet:collectionLength=5586611:maximumCount=26:nodeFrequency=519:w=0.034482758620689655(
        #lengths:document:part=lengths()
        #counts:income:part=postings.porter()
      )
    #dirichlet:collectionLength=5586611:maximumCount=4:nodeFrequency=70:w=0.034482758620689655(
        #lengths:document:part=lengths()
        #counts:scheme:part=postings.porter()
      )
    #dirichlet:collectionLength=5586611:maximumCount=186:nodeFrequency=98158:w=0.034482758620689655(
        #lengths:document:part=lengths()
        #counts:in:part=postings.porter()
      )
    #dirichlet:collectionLength=5586611:maximumCount=220:nodeFrequency=130480:w=0.034482758620689655(
        #lengths:document:part=lengths()
        #counts:a:part=postings.porter()
      )
    #dirichlet:collectionLength=5586611:maximumCount=0:nodeFrequency=0:w=0.034482758620689655(
        #lengths:document:part=lengths()
        #counts:country?:part=postings.porter()
      )
    #dirichlet:collectionLength=5586611:maximumCount=76:nodeFrequency=31671:w=0.034482758620689655(
        #lengths:document:part=lengths()
        #counts:what:part=postings.porter()
      )
    #dirichlet:collectionLength=5586611:maximumCount=76:nodeFrequency=34466:w=0.034482758620689655(
        #lengths:document:part=lengths()
        #counts:are:part=postings.porter()
      )
    #dirichlet:collectionLength=5586611:maximumCount=37:nodeFrequency=10324:w=0.034482758620689655(
        #lengths:document:part=lengths()
        #counts:some:part=postings.porter()
      )
    #dirichlet:collectionLength=5586611:maximumCount=249:nodeFrequency=144165:w=0.034482758620689655(
        #lengths:document:part=lengths()
        #counts:of:part=postings.porter()
      )
    #dirichlet:collectionLength=5586611:maximumCount=458:nodeFrequency=261366:w=0.034482758620689655(
        #lengths:document:part=lengths()
        #counts:the:part=postings.porter()
      )
    #dirichlet:collectionLength=5586611:maximumCount=3:nodeFrequency=19:w=0.034482758620689655(
        #lengths:document:part=lengths()
        #counts:preliminary:part=postings.porter()
      )
    #dirichlet:collectionLength=5586611:maximumCount=17:nodeFrequency=1273:w=0.034482758620689655(
        #lengths:document:part=lengths()
        #counts:results:part=postings.porter()
      )
    #dirichlet:collectionLength=5586611:maximumCount=66:nodeFrequency=39199:w=0.034482758620689655(
        #lengths:document:part=lengths()
        #counts:for:part=postings.porter()
      )
    #dirichlet:collectionLength=5586611:maximumCount=0:nodeFrequency=0:w=0.034482758620689655(
        #lengths:document:part=lengths()
        #counts:countries/states:part=postings.porter()
      )
    #dirichlet:collectionLength=5586611:maximumCount=254:nodeFrequency=112496:w=0.034482758620689655(
        #lengths:document:part=lengths()
        #counts:that:part=postings.porter()
      )
    #dirichlet:collectionLength=5586611:maximumCount=74:nodeFrequency=34881:w=0.034482758620689655(
        #lengths:document:part=lengths()
        #counts:have:part=postings.porter()
      )
    #dirichlet:collectionLength=5586611:maximumCount=7:nodeFrequency=174:w=0.034482758620689655(
        #lengths:document:part=lengths()
        #counts:implemented:part=postings.porter()
      )
    #dirichlet:collectionLength=5586611:maximumCount=14:nodeFrequency=1920:w=0.034482758620689655(
        #lengths:document:part=lengths()
        #counts:such:part=postings.porter()
      )
    #dirichlet:collectionLength=5586611:maximumCount=4:nodeFrequency=70:w=0.034482758620689655(
        #lengths:document:part=lengths()
        #counts:scheme:part=postings.porter()
      )
  )

Dec 15, 2017 2:06:41 PM org.lemurproject.galago.core.tools.apps.BatchSearch run
INFO: RUNNING: 10 : artificial intelligence smarter than human. does artificial intelligence smarter than human? can ai replace the brain of human being? to what extent the field of ai can affect the people?
Dec 15, 2017 2:06:41 PM org.lemurproject.galago.core.tools.apps.BatchSearch run
INFO: Transformed Query:
#bm25fcomb:w=1.0(
    #dirichlet:collectionLength=5586611:maximumCount=12:nodeFrequency=294:w=0.034482758620689655(
        #lengths:document:part=lengths()
        #counts:artificial:part=postings.porter()
      )
    #dirichlet:collectionLength=5586611:maximumCount=32:nodeFrequency=851:w=0.034482758620689655(
        #lengths:document:part=lengths()
        #counts:intelligence:part=postings.porter()
      )
    #dirichlet:collectionLength=5586611:maximumCount=9:nodeFrequency=143:w=0.034482758620689655(
        #lengths:document:part=lengths()
        #counts:smarter:part=postings.porter()
      )
    #dirichlet:collectionLength=5586611:maximumCount=31:nodeFrequency=7303:w=0.034482758620689655(
        #lengths:document:part=lengths()
        #counts:than:part=postings.porter()
      )
    #dirichlet:collectionLength=5586611:maximumCount=0:nodeFrequency=0:w=0.034482758620689655(
        #lengths:document:part=lengths()
        #inside(
            #extents:human:part=postings.porter()
            #extents:does:part=extents()
          )
      )
    #dirichlet:collectionLength=5586611:maximumCount=12:nodeFrequency=294:w=0.034482758620689655(
        #lengths:document:part=lengths()
        #counts:artificial:part=postings.porter()
      )
    #dirichlet:collectionLength=5586611:maximumCount=32:nodeFrequency=851:w=0.034482758620689655(
        #lengths:document:part=lengths()
        #counts:intelligence:part=postings.porter()
      )
    #dirichlet:collectionLength=5586611:maximumCount=9:nodeFrequency=143:w=0.034482758620689655(
        #lengths:document:part=lengths()
        #counts:smarter:part=postings.porter()
      )
    #dirichlet:collectionLength=5586611:maximumCount=31:nodeFrequency=7303:w=0.034482758620689655(
        #lengths:document:part=lengths()
        #counts:than:part=postings.porter()
      )
    #dirichlet:collectionLength=5586611:maximumCount=0:nodeFrequency=0:w=0.034482758620689655(
        #lengths:document:part=lengths()
        #counts:human?:part=postings.porter()
      )
    #dirichlet:collectionLength=5586611:maximumCount=56:nodeFrequency=25102:w=0.034482758620689655(
        #lengths:document:part=lengths()
        #counts:can:part=postings.porter()
      )
    #dirichlet:collectionLength=5586611:maximumCount=27:nodeFrequency=216:w=0.034482758620689655(
        #lengths:document:part=lengths()
        #counts:ai:part=postings.porter()
      )
    #dirichlet:collectionLength=5586611:maximumCount=11:nodeFrequency=407:w=0.034482758620689655(
        #lengths:document:part=lengths()
        #counts:replace:part=postings.porter()
      )
    #dirichlet:collectionLength=5586611:maximumCount=458:nodeFrequency=261366:w=0.034482758620689655(
        #lengths:document:part=lengths()
        #counts:the:part=postings.porter()
      )
    #dirichlet:collectionLength=5586611:maximumCount=88:nodeFrequency=3595:w=0.034482758620689655(
        #lengths:document:part=lengths()
        #counts:brain:part=postings.porter()
      )
    #dirichlet:collectionLength=5586611:maximumCount=249:nodeFrequency=144165:w=0.034482758620689655(
        #lengths:document:part=lengths()
        #counts:of:part=postings.porter()
      )
    #dirichlet:collectionLength=5586611:maximumCount=42:nodeFrequency=5915:w=0.034482758620689655(
        #lengths:document:part=lengths()
        #counts:human:part=postings.porter()
      )
    #dirichlet:collectionLength=5586611:maximumCount=0:nodeFrequency=0:w=0.034482758620689655(
        #lengths:document:part=lengths()
        #counts:being?:part=postings.porter()
      )
    #dirichlet:collectionLength=5586611:maximumCount=261:nodeFrequency=153747:w=0.034482758620689655(
        #lengths:document:part=lengths()
        #counts:to:part=postings.porter()
      )
    #dirichlet:collectionLength=5586611:maximumCount=76:nodeFrequency=31671:w=0.034482758620689655(
        #lengths:document:part=lengths()
        #counts:what:part=postings.porter()
      )
    #dirichlet:collectionLength=5586611:maximumCount=4:nodeFrequency=148:w=0.034482758620689655(
        #lengths:document:part=lengths()
        #counts:extent:part=postings.porter()
      )
    #dirichlet:collectionLength=5586611:maximumCount=458:nodeFrequency=261366:w=0.034482758620689655(
        #lengths:document:part=lengths()
        #counts:the:part=postings.porter()
      )
    #dirichlet:collectionLength=5586611:maximumCount=35:nodeFrequency=1057:w=0.034482758620689655(
        #lengths:document:part=lengths()
        #counts:field:part=postings.porter()
      )
    #dirichlet:collectionLength=5586611:maximumCount=249:nodeFrequency=144165:w=0.034482758620689655(
        #lengths:document:part=lengths()
        #counts:of:part=postings.porter()
      )
    #dirichlet:collectionLength=5586611:maximumCount=27:nodeFrequency=216:w=0.034482758620689655(
        #lengths:document:part=lengths()
        #counts:ai:part=postings.porter()
      )
    #dirichlet:collectionLength=5586611:maximumCount=56:nodeFrequency=25102:w=0.034482758620689655(
        #lengths:document:part=lengths()
        #counts:can:part=postings.porter()
      )
    #dirichlet:collectionLength=5586611:maximumCount=12:nodeFrequency=677:w=0.034482758620689655(
        #lengths:document:part=lengths()
        #counts:affect:part=postings.porter()
      )
    #dirichlet:collectionLength=5586611:maximumCount=458:nodeFrequency=261366:w=0.034482758620689655(
        #lengths:document:part=lengths()
        #counts:the:part=postings.porter()
      )
    #dirichlet:collectionLength=5586611:maximumCount=0:nodeFrequency=0:w=0.034482758620689655(
        #lengths:document:part=lengths()
        #counts:people?:part=postings.porter()
      )
  )

Dec 15, 2017 2:06:41 PM org.lemurproject.galago.core.tools.apps.BatchSearch run
INFO: RUNNING: 11 : doodlers behavior. the meaning of doodles and how psychologists can use it?
Dec 15, 2017 2:06:41 PM org.lemurproject.galago.core.tools.apps.BatchSearch run
INFO: Transformed Query:
#bm25fcomb:w=1.0(
    #dirichlet:collectionLength=5586611:maximumCount=2:nodeFrequency=2:w=0.09090909090909091(
        #lengths:document:part=lengths()
        #counts:doodlers:part=postings.porter()
      )
    #dirichlet:collectionLength=5586611:maximumCount=0:nodeFrequency=0:w=0.09090909090909091(
        #lengths:document:part=lengths()
        #inside(
            #extents:behavior:part=postings.porter()
            #extents:the:part=extents()
          )
      )
    #dirichlet:collectionLength=5586611:maximumCount=37:nodeFrequency=5425:w=0.09090909090909091(
        #lengths:document:part=lengths()
        #counts:meaning:part=postings.porter()
      )
    #dirichlet:collectionLength=5586611:maximumCount=249:nodeFrequency=144165:w=0.09090909090909091(
        #lengths:document:part=lengths()
        #counts:of:part=postings.porter()
      )
    #dirichlet:collectionLength=5586611:maximumCount=37:nodeFrequency=48:w=0.09090909090909091(
        #lengths:document:part=lengths()
        #counts:doodles:part=postings.porter()
      )
    #dirichlet:collectionLength=5586611:maximumCount=345:nodeFrequency=191097:w=0.09090909090909091(
        #lengths:document:part=lengths()
        #counts:and:part=postings.porter()
      )
    #dirichlet:collectionLength=5586611:maximumCount=33:nodeFrequency=15035:w=0.09090909090909091(
        #lengths:document:part=lengths()
        #counts:how:part=postings.porter()
      )
    #dirichlet:collectionLength=5586611:maximumCount=6:nodeFrequency=196:w=0.09090909090909091(
        #lengths:document:part=lengths()
        #counts:psychologists:part=postings.porter()
      )
    #dirichlet:collectionLength=5586611:maximumCount=56:nodeFrequency=25102:w=0.09090909090909091(
        #lengths:document:part=lengths()
        #counts:can:part=postings.porter()
      )
    #dirichlet:collectionLength=5586611:maximumCount=48:nodeFrequency=10398:w=0.09090909090909091(
        #lengths:document:part=lengths()
        #counts:use:part=postings.porter()
      )
    #dirichlet:collectionLength=5586611:maximumCount=0:nodeFrequency=0:w=0.09090909090909091(
        #lengths:document:part=lengths()
        #counts:it?:part=postings.porter()
      )
  )

Dec 15, 2017 2:06:41 PM org.lemurproject.galago.core.tools.apps.BatchSearch run
INFO: RUNNING: 12 : internet of things evolution. what is iot and the current concerns about iot
Dec 15, 2017 2:06:41 PM org.lemurproject.galago.core.tools.apps.BatchSearch run
INFO: Transformed Query:
#bm25fcomb:w=1.0(
    #dirichlet:collectionLength=5586611:maximumCount=41:nodeFrequency=1328:w=0.08333333333333333(
        #lengths:document:part=lengths()
        #counts:internet:part=postings.porter()
      )
    #dirichlet:collectionLength=5586611:maximumCount=249:nodeFrequency=144165:w=0.08333333333333333(
        #lengths:document:part=lengths()
        #counts:of:part=postings.porter()
      )
    #dirichlet:collectionLength=5586611:maximumCount=48:nodeFrequency=15031:w=0.08333333333333333(
        #lengths:document:part=lengths()
        #counts:things:part=postings.porter()
      )
    #dirichlet:collectionLength=5586611:maximumCount=0:nodeFrequency=0:w=0.08333333333333333(
        #lengths:document:part=lengths()
        #inside(
            #extents:evolution:part=postings.porter()
            #extents:what:part=extents()
          )
      )
    #dirichlet:collectionLength=5586611:maximumCount=187:nodeFrequency=76264:w=0.08333333333333333(
        #lengths:document:part=lengths()
        #counts:is:part=postings.porter()
      )
    #dirichlet:collectionLength=5586611:maximumCount=0:nodeFrequency=0:w=0.08333333333333333(
        #lengths:document:part=lengths()
        #counts:iot:part=postings.porter()
      )
    #dirichlet:collectionLength=5586611:maximumCount=345:nodeFrequency=191097:w=0.08333333333333333(
        #lengths:document:part=lengths()
        #counts:and:part=postings.porter()
      )
    #dirichlet:collectionLength=5586611:maximumCount=458:nodeFrequency=261366:w=0.08333333333333333(
        #lengths:document:part=lengths()
        #counts:the:part=postings.porter()
      )
    #dirichlet:collectionLength=5586611:maximumCount=11:nodeFrequency=698:w=0.08333333333333333(
        #lengths:document:part=lengths()
        #counts:current:part=postings.porter()
      )
    #dirichlet:collectionLength=5586611:maximumCount=9:nodeFrequency=488:w=0.08333333333333333(
        #lengths:document:part=lengths()
        #counts:concerns:part=postings.porter()
      )
    #dirichlet:collectionLength=5586611:maximumCount=63:nodeFrequency=25627:w=0.08333333333333333(
        #lengths:document:part=lengths()
        #counts:about:part=postings.porter()
      )
    #dirichlet:collectionLength=5586611:maximumCount=0:nodeFrequency=0:w=0.08333333333333333(
        #lengths:document:part=lengths()
        #counts:iot:part=postings.porter()
      )
  )

Dec 15, 2017 2:06:41 PM org.lemurproject.galago.core.tools.apps.BatchSearch run
INFO: RUNNING: 13 : the power of women. can women be leader? do women can do things the men couldnt? what makes women strong?
Dec 15, 2017 2:06:41 PM org.lemurproject.galago.core.tools.apps.BatchSearch run
INFO: Transformed Query:
#bm25fcomb:w=1.0(
    #dirichlet:collectionLength=5586611:maximumCount=458:nodeFrequency=261366:w=0.05263157894736842(
        #lengths:document:part=lengths()
        #counts:the:part=postings.porter()
      )
    #dirichlet:collectionLength=5586611:maximumCount=79:nodeFrequency=3622:w=0.05263157894736842(
        #lengths:document:part=lengths()
        #counts:power:part=postings.porter()
      )
    #dirichlet:collectionLength=5586611:maximumCount=249:nodeFrequency=144165:w=0.05263157894736842(
        #lengths:document:part=lengths()
        #counts:of:part=postings.porter()
      )
    #dirichlet:collectionLength=5586611:maximumCount=0:nodeFrequency=0:w=0.05263157894736842(
        #lengths:document:part=lengths()
        #inside(
            #extents:women:part=postings.porter()
            #extents:can:part=extents()
          )
      )
    #dirichlet:collectionLength=5586611:maximumCount=63:nodeFrequency=3168:w=0.05263157894736842(
        #lengths:document:part=lengths()
        #counts:women:part=postings.porter()
      )
    #dirichlet:collectionLength=5586611:maximumCount=87:nodeFrequency=29784:w=0.05263157894736842(
        #lengths:document:part=lengths()
        #counts:be:part=postings.porter()
      )
    #dirichlet:collectionLength=5586611:maximumCount=0:nodeFrequency=0:w=0.05263157894736842(
        #lengths:document:part=lengths()
        #counts:leader?:part=postings.porter()
      )
    #dirichlet:collectionLength=5586611:maximumCount=59:nodeFrequency=25423:w=0.05263157894736842(
        #lengths:document:part=lengths()
        #counts:do:part=postings.porter()
      )
    #dirichlet:collectionLength=5586611:maximumCount=63:nodeFrequency=3168:w=0.05263157894736842(
        #lengths:document:part=lengths()
        #counts:women:part=postings.porter()
      )
    #dirichlet:collectionLength=5586611:maximumCount=56:nodeFrequency=25102:w=0.05263157894736842(
        #lengths:document:part=lengths()
        #counts:can:part=postings.porter()
      )
    #dirichlet:collectionLength=5586611:maximumCount=59:nodeFrequency=25423:w=0.05263157894736842(
        #lengths:document:part=lengths()
        #counts:do:part=postings.porter()
      )
    #dirichlet:collectionLength=5586611:maximumCount=48:nodeFrequency=15031:w=0.05263157894736842(
        #lengths:document:part=lengths()
        #counts:things:part=postings.porter()
      )
    #dirichlet:collectionLength=5586611:maximumCount=458:nodeFrequency=261366:w=0.05263157894736842(
        #lengths:document:part=lengths()
        #counts:the:part=postings.porter()
      )
    #dirichlet:collectionLength=5586611:maximumCount=74:nodeFrequency=1703:w=0.05263157894736842(
        #lengths:document:part=lengths()
        #counts:men:part=postings.porter()
      )
    #dirichlet:collectionLength=5586611:maximumCount=0:nodeFrequency=0:w=0.05263157894736842(
        #lengths:document:part=lengths()
        #counts:couldnt?:part=postings.porter()
      )
    #dirichlet:collectionLength=5586611:maximumCount=76:nodeFrequency=31671:w=0.05263157894736842(
        #lengths:document:part=lengths()
        #counts:what:part=postings.porter()
      )
    #dirichlet:collectionLength=5586611:maximumCount=44:nodeFrequency=12195:w=0.05263157894736842(
        #lengths:document:part=lengths()
        #counts:makes:part=postings.porter()
      )
    #dirichlet:collectionLength=5586611:maximumCount=63:nodeFrequency=3168:w=0.05263157894736842(
        #lengths:document:part=lengths()
        #counts:women:part=postings.porter()
      )
    #dirichlet:collectionLength=5586611:maximumCount=0:nodeFrequency=0:w=0.05263157894736842(
        #lengths:document:part=lengths()
        #counts:strong?:part=postings.porter()
      )
  )

Dec 15, 2017 2:06:41 PM org.lemurproject.galago.core.tools.apps.BatchSearch run
INFO: RUNNING: 14 : effect of classical music. how does classical music affect us?
Dec 15, 2017 2:06:41 PM org.lemurproject.galago.core.tools.apps.BatchSearch run
INFO: Transformed Query:
#bm25fcomb:w=1.0(
    #dirichlet:collectionLength=5586611:maximumCount=26:nodeFrequency=1648:w=0.1111111111111111(
        #lengths:document:part=lengths()
        #counts:effect:part=postings.porter()
      )
    #dirichlet:collectionLength=5586611:maximumCount=249:nodeFrequency=144165:w=0.1111111111111111(
        #lengths:document:part=lengths()
        #counts:of:part=postings.porter()
      )
    #dirichlet:collectionLength=5586611:maximumCount=23:nodeFrequency=259:w=0.1111111111111111(
        #lengths:document:part=lengths()
        #counts:classical:part=postings.porter()
      )
    #dirichlet:collectionLength=5586611:maximumCount=0:nodeFrequency=0:w=0.1111111111111111(
        #lengths:document:part=lengths()
        #inside(
            #extents:music:part=postings.porter()
            #extents:how:part=extents()
          )
      )
    #dirichlet:collectionLength=5586611:maximumCount=13:nodeFrequency=3026:w=0.1111111111111111(
        #lengths:document:part=lengths()
        #counts:does:part=postings.porter()
      )
    #dirichlet:collectionLength=5586611:maximumCount=23:nodeFrequency=259:w=0.1111111111111111(
        #lengths:document:part=lengths()
        #counts:classical:part=postings.porter()
      )
    #dirichlet:collectionLength=5586611:maximumCount=66:nodeFrequency=2426:w=0.1111111111111111(
        #lengths:document:part=lengths()
        #counts:music:part=postings.porter()
      )
    #dirichlet:collectionLength=5586611:maximumCount=12:nodeFrequency=677:w=0.1111111111111111(
        #lengths:document:part=lengths()
        #counts:affect:part=postings.porter()
      )
    #dirichlet:collectionLength=5586611:maximumCount=0:nodeFrequency=0:w=0.1111111111111111(
        #lengths:document:part=lengths()
        #counts:us?:part=postings.porter()
      )
  )

Dec 15, 2017 2:06:41 PM org.lemurproject.galago.core.tools.apps.BatchSearch run
INFO: RUNNING: 15 : importance of body language. how does body language affects how others see us and how can it also change how we see ourselves
Dec 15, 2017 2:06:41 PM org.lemurproject.galago.core.tools.apps.BatchSearch run
INFO: Transformed Query:
#bm25fcomb:w=1.0(
    #dirichlet:collectionLength=5586611:maximumCount=16:nodeFrequency=3783:w=0.045454545454545456(
        #lengths:document:part=lengths()
        #counts:importance:part=postings.porter()
      )
    #dirichlet:collectionLength=5586611:maximumCount=249:nodeFrequency=144165:w=0.045454545454545456(
        #lengths:document:part=lengths()
        #counts:of:part=postings.porter()
      )
    #dirichlet:collectionLength=5586611:maximumCount=37:nodeFrequency=2439:w=0.045454545454545456(
        #lengths:document:part=lengths()
        #counts:body:part=postings.porter()
      )
    #dirichlet:collectionLength=5586611:maximumCount=0:nodeFrequency=0:w=0.045454545454545456(
        #lengths:document:part=lengths()
        #inside(
            #extents:language:part=postings.porter()
            #extents:how:part=extents()
          )
      )
    #dirichlet:collectionLength=5586611:maximumCount=13:nodeFrequency=3026:w=0.045454545454545456(
        #lengths:document:part=lengths()
        #counts:does:part=postings.porter()
      )
    #dirichlet:collectionLength=5586611:maximumCount=37:nodeFrequency=2439:w=0.045454545454545456(
        #lengths:document:part=lengths()
        #counts:body:part=postings.porter()
      )
    #dirichlet:collectionLength=5586611:maximumCount=62:nodeFrequency=3342:w=0.045454545454545456(
        #lengths:document:part=lengths()
        #counts:language:part=postings.porter()
      )
    #dirichlet:collectionLength=5586611:maximumCount=12:nodeFrequency=677:w=0.045454545454545456(
        #lengths:document:part=lengths()
        #counts:affects:part=postings.porter()
      )
    #dirichlet:collectionLength=5586611:maximumCount=33:nodeFrequency=15035:w=0.045454545454545456(
        #lengths:document:part=lengths()
        #counts:how:part=postings.porter()
      )
    #dirichlet:collectionLength=5586611:maximumCount=33:nodeFrequency=10072:w=0.045454545454545456(
        #lengths:document:part=lengths()
        #counts:others:part=postings.porter()
      )
    #dirichlet:collectionLength=5586611:maximumCount=62:nodeFrequency=12993:w=0.045454545454545456(
        #lengths:document:part=lengths()
        #counts:see:part=postings.porter()
      )
    #dirichlet:collectionLength=5586611:maximumCount=32:nodeFrequency=12617:w=0.045454545454545456(
        #lengths:document:part=lengths()
        #counts:us:part=postings.porter()
      )
    #dirichlet:collectionLength=5586611:maximumCount=345:nodeFrequency=191097:w=0.045454545454545456(
        #lengths:document:part=lengths()
        #counts:and:part=postings.porter()
      )
    #dirichlet:collectionLength=5586611:maximumCount=33:nodeFrequency=15035:w=0.045454545454545456(
        #lengths:document:part=lengths()
        #counts:how:part=postings.porter()
      )
    #dirichlet:collectionLength=5586611:maximumCount=56:nodeFrequency=25102:w=0.045454545454545456(
        #lengths:document:part=lengths()
        #counts:can:part=postings.porter()
      )
    #dirichlet:collectionLength=5586611:maximumCount=203:nodeFrequency=90613:w=0.045454545454545456(
        #lengths:document:part=lengths()
        #counts:it:part=postings.porter()
      )
    #dirichlet:collectionLength=5586611:maximumCount=22:nodeFrequency=6798:w=0.045454545454545456(
        #lengths:document:part=lengths()
        #counts:also:part=postings.porter()
      )
    #dirichlet:collectionLength=5586611:maximumCount=30:nodeFrequency=7174:w=0.045454545454545456(
        #lengths:document:part=lengths()
        #counts:change:part=postings.porter()
      )
    #dirichlet:collectionLength=5586611:maximumCount=33:nodeFrequency=15035:w=0.045454545454545456(
        #lengths:document:part=lengths()
        #counts:how:part=postings.porter()
      )
    #dirichlet:collectionLength=5586611:maximumCount=169:nodeFrequency=67692:w=0.045454545454545456(
        #lengths:document:part=lengths()
        #counts:we:part=postings.porter()
      )
    #dirichlet:collectionLength=5586611:maximumCount=62:nodeFrequency=12993:w=0.045454545454545456(
        #lengths:document:part=lengths()
        #counts:see:part=postings.porter()
      )
    #dirichlet:collectionLength=5586611:maximumCount=15:nodeFrequency=1208:w=0.045454545454545456(
        #lengths:document:part=lengths()
        #counts:ourselves:part=postings.porter()
      )
  )

Dec 15, 2017 2:06:41 PM org.lemurproject.galago.core.tools.apps.BatchSearch run
INFO: RUNNING: 16 : importance of creativity in schools. why creating an education system that nurtures (rather than undermines) creativity is important
Dec 15, 2017 2:06:41 PM org.lemurproject.galago.core.tools.apps.BatchSearch run
INFO: Transformed Query:
#bm25fcomb:w=1.0(
    #dirichlet:collectionLength=5586611:maximumCount=16:nodeFrequency=3783:w=0.06666666666666667(
        #lengths:document:part=lengths()
        #counts:importance:part=postings.porter()
      )
    #dirichlet:collectionLength=5586611:maximumCount=249:nodeFrequency=144165:w=0.06666666666666667(
        #lengths:document:part=lengths()
        #counts:of:part=postings.porter()
      )
    #dirichlet:collectionLength=5586611:maximumCount=27:nodeFrequency=1138:w=0.06666666666666667(
        #lengths:document:part=lengths()
        #counts:creativity:part=postings.porter()
      )
    #dirichlet:collectionLength=5586611:maximumCount=186:nodeFrequency=98158:w=0.06666666666666667(
        #lengths:document:part=lengths()
        #counts:in:part=postings.porter()
      )
    #dirichlet:collectionLength=5586611:maximumCount=0:nodeFrequency=0:w=0.06666666666666667(
        #lengths:document:part=lengths()
        #inside(
            #extents:schools:part=postings.porter()
            #extents:why:part=extents()
          )
      )
    #dirichlet:collectionLength=5586611:maximumCount=34:nodeFrequency=4293:w=0.06666666666666667(
        #lengths:document:part=lengths()
        #counts:creating:part=postings.porter()
      )
    #dirichlet:collectionLength=5586611:maximumCount=31:nodeFrequency=17013:w=0.06666666666666667(
        #lengths:document:part=lengths()
        #counts:an:part=postings.porter()
      )
    #dirichlet:collectionLength=5586611:maximumCount=38:nodeFrequency=2037:w=0.06666666666666667(
        #lengths:document:part=lengths()
        #counts:education:part=postings.porter()
      )
    #dirichlet:collectionLength=5586611:maximumCount=40:nodeFrequency=4090:w=0.06666666666666667(
        #lengths:document:part=lengths()
        #counts:system:part=postings.porter()
      )
    #dirichlet:collectionLength=5586611:maximumCount=254:nodeFrequency=112496:w=0.06666666666666667(
        #lengths:document:part=lengths()
        #counts:that:part=postings.porter()
      )
    #dirichlet:collectionLength=5586611:maximumCount=5:nodeFrequency=86:w=0.06666666666666667(
        #lengths:document:part=lengths()
        #counts:nurtures:part=postings.porter()
      )
    #dirichlet:collectionLength=5586611:maximumCount=0:nodeFrequency=0:w=0.06666666666666667(
        #lengths:document:part=lengths()
        #counts:@/(/:part=postings.porter()
      )
    #dirichlet:collectionLength=5586611:maximumCount=14:nodeFrequency=1125:w=0.06666666666666667(
        #lengths:document:part=lengths()
        #counts:rather:part=postings.porter()
      )
    #dirichlet:collectionLength=5586611:maximumCount=31:nodeFrequency=7303:w=0.06666666666666667(
        #lengths:document:part=lengths()
        #counts:than:part=postings.porter()
      )
    #dirichlet:collectionLength=5586611:maximumCount=3:nodeFrequency=58:w=0.06666666666666667(
        #lengths:document:part=lengths()
        #counts:undermines:part=postings.porter()
      )
  )

Dec 15, 2017 2:06:41 PM org.lemurproject.galago.core.tools.apps.BatchSearch run
INFO: RUNNING: 17 : how to stay calm. how to avoid making critical mistakes in stressful situations, when your thinking becomes clouded
Dec 15, 2017 2:06:41 PM org.lemurproject.galago.core.tools.apps.BatchSearch run
INFO: Transformed Query:
#bm25fcomb:w=1.0(
    #dirichlet:collectionLength=5586611:maximumCount=33:nodeFrequency=15035:w=0.05555555555555555(
        #lengths:document:part=lengths()
        #counts:how:part=postings.porter()
      )
    #dirichlet:collectionLength=5586611:maximumCount=261:nodeFrequency=153747:w=0.05555555555555555(
        #lengths:document:part=lengths()
        #counts:to:part=postings.porter()
      )
    #dirichlet:collectionLength=5586611:maximumCount=10:nodeFrequency=946:w=0.05555555555555555(
        #lengths:document:part=lengths()
        #counts:stay:part=postings.porter()
      )
    #dirichlet:collectionLength=5586611:maximumCount=0:nodeFrequency=0:w=0.05555555555555555(
        #lengths:document:part=lengths()
        #inside(
            #extents:calm:part=postings.porter()
            #extents:how:part=extents()
          )
      )
    #dirichlet:collectionLength=5586611:maximumCount=261:nodeFrequency=153747:w=0.05555555555555555(
        #lengths:document:part=lengths()
        #counts:to:part=postings.porter()
      )
    #dirichlet:collectionLength=5586611:maximumCount=8:nodeFrequency=355:w=0.05555555555555555(
        #lengths:document:part=lengths()
        #counts:avoid:part=postings.porter()
      )
    #dirichlet:collectionLength=5586611:maximumCount=44:nodeFrequency=12195:w=0.05555555555555555(
        #lengths:document:part=lengths()
        #counts:making:part=postings.porter()
      )
    #dirichlet:collectionLength=5586611:maximumCount=13:nodeFrequency=666:w=0.05555555555555555(
        #lengths:document:part=lengths()
        #counts:critical:part=postings.porter()
      )
    #dirichlet:collectionLength=5586611:maximumCount=30:nodeFrequency=386:w=0.05555555555555555(
        #lengths:document:part=lengths()
        #counts:mistakes:part=postings.porter()
      )
    #dirichlet:collectionLength=5586611:maximumCount=186:nodeFrequency=98158:w=0.05555555555555555(
        #lengths:document:part=lengths()
        #counts:in:part=postings.porter()
      )
    #dirichlet:collectionLength=5586611:maximumCount=87:nodeFrequency=461:w=0.05555555555555555(
        #lengths:document:part=lengths()
        #counts:stressful:part=postings.porter()
      )
    #dirichlet:collectionLength=5586611:maximumCount=17:nodeFrequency=808:w=0.05555555555555555(
        #lengths:document:part=lengths()
        #counts:situations:part=postings.porter()
      )
    #dirichlet:collectionLength=5586611:maximumCount=0:nodeFrequency=0:w=0.05555555555555555(
        #lengths:document:part=lengths()
        #counts:,:part=postings.porter()
      )
    #dirichlet:collectionLength=5586611:maximumCount=44:nodeFrequency=16285:w=0.05555555555555555(
        #lengths:document:part=lengths()
        #counts:when:part=postings.porter()
      )
    #dirichlet:collectionLength=5586611:maximumCount=64:nodeFrequency=18688:w=0.05555555555555555(
        #lengths:document:part=lengths()
        #counts:your:part=postings.porter()
      )
    #dirichlet:collectionLength=5586611:maximumCount=71:nodeFrequency=14754:w=0.05555555555555555(
        #lengths:document:part=lengths()
        #counts:thinking:part=postings.porter()
      )
    #dirichlet:collectionLength=5586611:maximumCount=12:nodeFrequency=3107:w=0.05555555555555555(
        #lengths:document:part=lengths()
        #counts:becomes:part=postings.porter()
      )
    #dirichlet:collectionLength=5586611:maximumCount=59:nodeFrequency=446:w=0.05555555555555555(
        #lengths:document:part=lengths()
        #counts:clouded:part=postings.porter()
      )
  )

Dec 15, 2017 2:06:42 PM org.lemurproject.galago.core.tools.apps.BatchSearch run
INFO: RUNNING: 18 : how to stay motivated. how to stay motivated when doing different tasks even if you have lost interest
Dec 15, 2017 2:06:42 PM org.lemurproject.galago.core.tools.apps.BatchSearch run
INFO: Transformed Query:
#bm25fcomb:w=1.0(
    #dirichlet:collectionLength=5586611:maximumCount=33:nodeFrequency=15035:w=0.058823529411764705(
        #lengths:document:part=lengths()
        #counts:how:part=postings.porter()
      )
    #dirichlet:collectionLength=5586611:maximumCount=261:nodeFrequency=153747:w=0.058823529411764705(
        #lengths:document:part=lengths()
        #counts:to:part=postings.porter()
      )
    #dirichlet:collectionLength=5586611:maximumCount=10:nodeFrequency=946:w=0.058823529411764705(
        #lengths:document:part=lengths()
        #counts:stay:part=postings.porter()
      )
    #dirichlet:collectionLength=5586611:maximumCount=0:nodeFrequency=0:w=0.058823529411764705(
        #lengths:document:part=lengths()
        #inside(
            #extents:motivated:part=postings.porter()
            #extents:how:part=extents()
          )
      )
    #dirichlet:collectionLength=5586611:maximumCount=261:nodeFrequency=153747:w=0.058823529411764705(
        #lengths:document:part=lengths()
        #counts:to:part=postings.porter()
      )
    #dirichlet:collectionLength=5586611:maximumCount=10:nodeFrequency=946:w=0.058823529411764705(
        #lengths:document:part=lengths()
        #counts:stay:part=postings.porter()
      )
    #dirichlet:collectionLength=5586611:maximumCount=25:nodeFrequency=450:w=0.058823529411764705(
        #lengths:document:part=lengths()
        #counts:motivated:part=postings.porter()
      )
    #dirichlet:collectionLength=5586611:maximumCount=44:nodeFrequency=16285:w=0.058823529411764705(
        #lengths:document:part=lengths()
        #counts:when:part=postings.porter()
      )
    #dirichlet:collectionLength=5586611:maximumCount=59:nodeFrequency=25423:w=0.058823529411764705(
        #lengths:document:part=lengths()
        #counts:doing:part=postings.porter()
      )
    #dirichlet:collectionLength=5586611:maximumCount=29:nodeFrequency=6734:w=0.058823529411764705(
        #lengths:document:part=lengths()
        #counts:different:part=postings.porter()
      )
    #dirichlet:collectionLength=5586611:maximumCount=25:nodeFrequency=487:w=0.058823529411764705(
        #lengths:document:part=lengths()
        #counts:tasks:part=postings.porter()
      )
    #dirichlet:collectionLength=5586611:maximumCount=18:nodeFrequency=6820:w=0.058823529411764705(
        #lengths:document:part=lengths()
        #counts:even:part=postings.porter()
      )
    #dirichlet:collectionLength=5586611:maximumCount=54:nodeFrequency=18902:w=0.058823529411764705(
        #lengths:document:part=lengths()
        #counts:if:part=postings.porter()
      )
    #dirichlet:collectionLength=5586611:maximumCount=187:nodeFrequency=72452:w=0.058823529411764705(
        #lengths:document:part=lengths()
        #counts:you:part=postings.porter()
      )
    #dirichlet:collectionLength=5586611:maximumCount=74:nodeFrequency=34881:w=0.058823529411764705(
        #lengths:document:part=lengths()
        #counts:have:part=postings.porter()
      )
    #dirichlet:collectionLength=5586611:maximumCount=9:nodeFrequency=1632:w=0.058823529411764705(
        #lengths:document:part=lengths()
        #counts:lost:part=postings.porter()
      )
    #dirichlet:collectionLength=5586611:maximumCount=20:nodeFrequency=3302:w=0.058823529411764705(
        #lengths:document:part=lengths()
        #counts:interest:part=postings.porter()
      )
  )

Dec 15, 2017 2:06:42 PM org.lemurproject.galago.core.tools.apps.BatchSearch run
INFO: RUNNING: 19 : cute animals. what are the cutest animals and what makes them cute
Dec 15, 2017 2:06:42 PM org.lemurproject.galago.core.tools.apps.BatchSearch run
INFO: Transformed Query:
#bm25fcomb:w=1.0(
    #dirichlet:collectionLength=5586611:maximumCount=7:nodeFrequency=128:w=0.09090909090909091(
        #lengths:document:part=lengths()
        #counts:cute:part=postings.porter()
      )
    #dirichlet:collectionLength=5586611:maximumCount=0:nodeFrequency=0:w=0.09090909090909091(
        #lengths:document:part=lengths()
        #inside(
            #extents:animals:part=postings.porter()
            #extents:what:part=extents()
          )
      )
    #dirichlet:collectionLength=5586611:maximumCount=76:nodeFrequency=34466:w=0.09090909090909091(
        #lengths:document:part=lengths()
        #counts:are:part=postings.porter()
      )
    #dirichlet:collectionLength=5586611:maximumCount=458:nodeFrequency=261366:w=0.09090909090909091(
        #lengths:document:part=lengths()
        #counts:the:part=postings.porter()
      )
    #dirichlet:collectionLength=5586611:maximumCount=1:nodeFrequency=4:w=0.09090909090909091(
        #lengths:document:part=lengths()
        #counts:cutest:part=postings.porter()
      )
    #dirichlet:collectionLength=5586611:maximumCount=40:nodeFrequency=2176:w=0.09090909090909091(
        #lengths:document:part=lengths()
        #counts:animals:part=postings.porter()
      )
    #dirichlet:collectionLength=5586611:maximumCount=345:nodeFrequency=191097:w=0.09090909090909091(
        #lengths:document:part=lengths()
        #counts:and:part=postings.porter()
      )
    #dirichlet:collectionLength=5586611:maximumCount=76:nodeFrequency=31671:w=0.09090909090909091(
        #lengths:document:part=lengths()
        #counts:what:part=postings.porter()
      )
    #dirichlet:collectionLength=5586611:maximumCount=44:nodeFrequency=12195:w=0.09090909090909091(
        #lengths:document:part=lengths()
        #counts:makes:part=postings.porter()
      )
    #dirichlet:collectionLength=5586611:maximumCount=46:nodeFrequency=13816:w=0.09090909090909091(
        #lengths:document:part=lengths()
        #counts:them:part=postings.porter()
      )
    #dirichlet:collectionLength=5586611:maximumCount=7:nodeFrequency=128:w=0.09090909090909091(
        #lengths:document:part=lengths()
        #counts:cute:part=postings.porter()
      )
  )

Dec 15, 2017 2:06:42 PM org.lemurproject.galago.core.tools.apps.BatchSearch run
INFO: RUNNING: 20 : effects of social media. what are the psychological or sociological effects of social media on us
Dec 15, 2017 2:06:42 PM org.lemurproject.galago.core.tools.apps.BatchSearch run
INFO: Transformed Query:
#bm25fcomb:w=1.0(
    #dirichlet:collectionLength=5586611:maximumCount=26:nodeFrequency=1648:w=0.06666666666666667(
        #lengths:document:part=lengths()
        #counts:effects:part=postings.porter()
      )
    #dirichlet:collectionLength=5586611:maximumCount=249:nodeFrequency=144165:w=0.06666666666666667(
        #lengths:document:part=lengths()
        #counts:of:part=postings.porter()
      )
    #dirichlet:collectionLength=5586611:maximumCount=31:nodeFrequency=2372:w=0.06666666666666667(
        #lengths:document:part=lengths()
        #counts:social:part=postings.porter()
      )
    #dirichlet:collectionLength=5586611:maximumCount=0:nodeFrequency=0:w=0.06666666666666667(
        #lengths:document:part=lengths()
        #inside(
            #extents:media:part=postings.porter()
            #extents:what:part=extents()
          )
      )
    #dirichlet:collectionLength=5586611:maximumCount=76:nodeFrequency=34466:w=0.06666666666666667(
        #lengths:document:part=lengths()
        #counts:are:part=postings.porter()
      )
    #dirichlet:collectionLength=5586611:maximumCount=458:nodeFrequency=261366:w=0.06666666666666667(
        #lengths:document:part=lengths()
        #counts:the:part=postings.porter()
      )
    #dirichlet:collectionLength=5586611:maximumCount=26:nodeFrequency=458:w=0.06666666666666667(
        #lengths:document:part=lengths()
        #counts:psychological:part=postings.porter()
      )
    #dirichlet:collectionLength=5586611:maximumCount=50:nodeFrequency=18594:w=0.06666666666666667(
        #lengths:document:part=lengths()
        #counts:or:part=postings.porter()
      )
    #dirichlet:collectionLength=5586611:maximumCount=3:nodeFrequency=27:w=0.06666666666666667(
        #lengths:document:part=lengths()
        #counts:sociological:part=postings.porter()
      )
    #dirichlet:collectionLength=5586611:maximumCount=26:nodeFrequency=1648:w=0.06666666666666667(
        #lengths:document:part=lengths()
        #counts:effects:part=postings.porter()
      )
    #dirichlet:collectionLength=5586611:maximumCount=249:nodeFrequency=144165:w=0.06666666666666667(
        #lengths:document:part=lengths()
        #counts:of:part=postings.porter()
      )
    #dirichlet:collectionLength=5586611:maximumCount=31:nodeFrequency=2372:w=0.06666666666666667(
        #lengths:document:part=lengths()
        #counts:social:part=postings.porter()
      )
    #dirichlet:collectionLength=5586611:maximumCount=38:nodeFrequency=1063:w=0.06666666666666667(
        #lengths:document:part=lengths()
        #counts:media:part=postings.porter()
      )
    #dirichlet:collectionLength=5586611:maximumCount=79:nodeFrequency=41835:w=0.06666666666666667(
        #lengths:document:part=lengths()
        #counts:on:part=postings.porter()
      )
    #dirichlet:collectionLength=5586611:maximumCount=32:nodeFrequency=12617:w=0.06666666666666667(
        #lengths:document:part=lengths()
        #counts:us:part=postings.porter()
      )
  )

Dec 15, 2017 2:06:42 PM org.lemurproject.galago.core.tools.apps.BatchSearch run
INFO: RUNNING: 21 : what is art. what determines if something is art, and if it is good art
Dec 15, 2017 2:06:42 PM org.lemurproject.galago.core.tools.apps.BatchSearch run
INFO: Transformed Query:
#bm25fcomb:w=1.0(
    #dirichlet:collectionLength=5586611:maximumCount=76:nodeFrequency=31671:w=0.06666666666666667(
        #lengths:document:part=lengths()
        #counts:what:part=postings.porter()
      )
    #dirichlet:collectionLength=5586611:maximumCount=187:nodeFrequency=76264:w=0.06666666666666667(
        #lengths:document:part=lengths()
        #counts:is:part=postings.porter()
      )
    #dirichlet:collectionLength=5586611:maximumCount=0:nodeFrequency=0:w=0.06666666666666667(
        #lengths:document:part=lengths()
        #inside(
            #extents:art:part=postings.porter()
            #extents:what:part=extents()
          )
      )
    #dirichlet:collectionLength=5586611:maximumCount=7:nodeFrequency=430:w=0.06666666666666667(
        #lengths:document:part=lengths()
        #counts:determines:part=postings.porter()
      )
    #dirichlet:collectionLength=5586611:maximumCount=54:nodeFrequency=18902:w=0.06666666666666667(
        #lengths:document:part=lengths()
        #counts:if:part=postings.porter()
      )
    #dirichlet:collectionLength=5586611:maximumCount=30:nodeFrequency=7353:w=0.06666666666666667(
        #lengths:document:part=lengths()
        #counts:something:part=postings.porter()
      )
    #dirichlet:collectionLength=5586611:maximumCount=187:nodeFrequency=76264:w=0.06666666666666667(
        #lengths:document:part=lengths()
        #counts:is:part=postings.porter()
      )
    #dirichlet:collectionLength=5586611:maximumCount=30:nodeFrequency=4060:w=0.06666666666666667(
        #lengths:document:part=lengths()
        #counts:art:part=postings.porter()
      )
    #dirichlet:collectionLength=5586611:maximumCount=0:nodeFrequency=0:w=0.06666666666666667(
        #lengths:document:part=lengths()
        #counts:,:part=postings.porter()
      )
    #dirichlet:collectionLength=5586611:maximumCount=345:nodeFrequency=191097:w=0.06666666666666667(
        #lengths:document:part=lengths()
        #counts:and:part=postings.porter()
      )
    #dirichlet:collectionLength=5586611:maximumCount=54:nodeFrequency=18902:w=0.06666666666666667(
        #lengths:document:part=lengths()
        #counts:if:part=postings.porter()
      )
    #dirichlet:collectionLength=5586611:maximumCount=203:nodeFrequency=90613:w=0.06666666666666667(
        #lengths:document:part=lengths()
        #counts:it:part=postings.porter()
      )
    #dirichlet:collectionLength=5586611:maximumCount=187:nodeFrequency=76264:w=0.06666666666666667(
        #lengths:document:part=lengths()
        #counts:is:part=postings.porter()
      )
    #dirichlet:collectionLength=5586611:maximumCount=42:nodeFrequency=5536:w=0.06666666666666667(
        #lengths:document:part=lengths()
        #counts:good:part=postings.porter()
      )
    #dirichlet:collectionLength=5586611:maximumCount=30:nodeFrequency=4060:w=0.06666666666666667(
        #lengths:document:part=lengths()
        #counts:art:part=postings.porter()
      )
  )

Dec 15, 2017 2:06:42 PM org.lemurproject.galago.core.tools.apps.BatchSearch run
INFO: RUNNING: 22 : disability. what qualifies as being disabled? are we cognizant of the needs of everyone around us?
Dec 15, 2017 2:06:42 PM org.lemurproject.galago.core.tools.apps.BatchSearch run
INFO: Transformed Query:
#bm25fcomb:w=1.0(
    #dirichlet:collectionLength=5586611:maximumCount=0:nodeFrequency=0:w=0.06666666666666667(
        #lengths:document:part=lengths()
        #inside(
            #extents:disability:part=postings.porter()
            #extents:what:part=extents()
          )
      )
    #dirichlet:collectionLength=5586611:maximumCount=4:nodeFrequency=77:w=0.06666666666666667(
        #lengths:document:part=lengths()
        #counts:qualifies:part=postings.porter()
      )
    #dirichlet:collectionLength=5586611:maximumCount=46:nodeFrequency=25925:w=0.06666666666666667(
        #lengths:document:part=lengths()
        #counts:as:part=postings.porter()
      )
    #dirichlet:collectionLength=5586611:maximumCount=87:nodeFrequency=29784:w=0.06666666666666667(
        #lengths:document:part=lengths()
        #counts:being:part=postings.porter()
      )
    #dirichlet:collectionLength=5586611:maximumCount=0:nodeFrequency=0:w=0.06666666666666667(
        #lengths:document:part=lengths()
        #counts:disabled?:part=postings.porter()
      )
    #dirichlet:collectionLength=5586611:maximumCount=76:nodeFrequency=34466:w=0.06666666666666667(
        #lengths:document:part=lengths()
        #counts:are:part=postings.porter()
      )
    #dirichlet:collectionLength=5586611:maximumCount=169:nodeFrequency=67692:w=0.06666666666666667(
        #lengths:document:part=lengths()
        #counts:we:part=postings.porter()
      )
    #dirichlet:collectionLength=5586611:maximumCount=1:nodeFrequency=3:w=0.06666666666666667(
        #lengths:document:part=lengths()
        #counts:cognizant:part=postings.porter()
      )
    #dirichlet:collectionLength=5586611:maximumCount=249:nodeFrequency=144165:w=0.06666666666666667(
        #lengths:document:part=lengths()
        #counts:of:part=postings.porter()
      )
    #dirichlet:collectionLength=5586611:maximumCount=458:nodeFrequency=261366:w=0.06666666666666667(
        #lengths:document:part=lengths()
        #counts:the:part=postings.porter()
      )
    #dirichlet:collectionLength=5586611:maximumCount=32:nodeFrequency=7965:w=0.06666666666666667(
        #lengths:document:part=lengths()
        #counts:needs:part=postings.porter()
      )
    #dirichlet:collectionLength=5586611:maximumCount=249:nodeFrequency=144165:w=0.06666666666666667(
        #lengths:document:part=lengths()
        #counts:of:part=postings.porter()
      )
    #dirichlet:collectionLength=5586611:maximumCount=14:nodeFrequency=1298:w=0.06666666666666667(
        #lengths:document:part=lengths()
        #counts:everyone:part=postings.porter()
      )
    #dirichlet:collectionLength=5586611:maximumCount=38:nodeFrequency=5330:w=0.06666666666666667(
        #lengths:document:part=lengths()
        #counts:around:part=postings.porter()
      )
    #dirichlet:collectionLength=5586611:maximumCount=0:nodeFrequency=0:w=0.06666666666666667(
        #lengths:document:part=lengths()
        #counts:us?:part=postings.porter()
      )
  )

Dec 15, 2017 2:06:42 PM org.lemurproject.galago.core.tools.apps.BatchSearch run
INFO: RUNNING: 23 : rise of terrorism. which areas are most affected? why is extremism rising and how to build a safer society?
Dec 15, 2017 2:06:42 PM org.lemurproject.galago.core.tools.apps.BatchSearch run
INFO: Transformed Query:
#bm25fcomb:w=1.0(
    #dirichlet:collectionLength=5586611:maximumCount=14:nodeFrequency=655:w=0.05555555555555555(
        #lengths:document:part=lengths()
        #counts:rise:part=postings.porter()
      )
    #dirichlet:collectionLength=5586611:maximumCount=249:nodeFrequency=144165:w=0.05555555555555555(
        #lengths:document:part=lengths()
        #counts:of:part=postings.porter()
      )
    #dirichlet:collectionLength=5586611:maximumCount=0:nodeFrequency=0:w=0.05555555555555555(
        #lengths:document:part=lengths()
        #inside(
            #extents:terrorism:part=postings.porter()
            #extents:which:part=extents()
          )
      )
    #dirichlet:collectionLength=5586611:maximumCount=37:nodeFrequency=1622:w=0.05555555555555555(
        #lengths:document:part=lengths()
        #counts:areas:part=postings.porter()
      )
    #dirichlet:collectionLength=5586611:maximumCount=76:nodeFrequency=34466:w=0.05555555555555555(
        #lengths:document:part=lengths()
        #counts:are:part=postings.porter()
      )
    #dirichlet:collectionLength=5586611:maximumCount=25:nodeFrequency=6924:w=0.05555555555555555(
        #lengths:document:part=lengths()
        #counts:most:part=postings.porter()
      )
    #dirichlet:collectionLength=5586611:maximumCount=0:nodeFrequency=0:w=0.05555555555555555(
        #lengths:document:part=lengths()
        #counts:affected?:part=postings.porter()
      )
    #dirichlet:collectionLength=5586611:maximumCount=29:nodeFrequency=5755:w=0.05555555555555555(
        #lengths:document:part=lengths()
        #counts:why:part=postings.porter()
      )
    #dirichlet:collectionLength=5586611:maximumCount=187:nodeFrequency=76264:w=0.05555555555555555(
        #lengths:document:part=lengths()
        #counts:is:part=postings.porter()
      )
    #dirichlet:collectionLength=5586611:maximumCount=10:nodeFrequency=914:w=0.05555555555555555(
        #lengths:document:part=lengths()
        #counts:extremism:part=postings.porter()
      )
    #dirichlet:collectionLength=5586611:maximumCount=14:nodeFrequency=655:w=0.05555555555555555(
        #lengths:document:part=lengths()
        #counts:rising:part=postings.porter()
      )
    #dirichlet:collectionLength=5586611:maximumCount=345:nodeFrequency=191097:w=0.05555555555555555(
        #lengths:document:part=lengths()
        #counts:and:part=postings.porter()
      )
    #dirichlet:collectionLength=5586611:maximumCount=33:nodeFrequency=15035:w=0.05555555555555555(
        #lengths:document:part=lengths()
        #counts:how:part=postings.porter()
      )
    #dirichlet:collectionLength=5586611:maximumCount=261:nodeFrequency=153747:w=0.05555555555555555(
        #lengths:document:part=lengths()
        #counts:to:part=postings.porter()
      )
    #dirichlet:collectionLength=5586611:maximumCount=59:nodeFrequency=4250:w=0.05555555555555555(
        #lengths:document:part=lengths()
        #counts:build:part=postings.porter()
      )
    #dirichlet:collectionLength=5586611:maximumCount=220:nodeFrequency=130480:w=0.05555555555555555(
        #lengths:document:part=lengths()
        #counts:a:part=postings.porter()
      )
    #dirichlet:collectionLength=5586611:maximumCount=4:nodeFrequency=110:w=0.05555555555555555(
        #lengths:document:part=lengths()
        #counts:safer:part=postings.porter()
      )
    #dirichlet:collectionLength=5586611:maximumCount=0:nodeFrequency=0:w=0.05555555555555555(
        #lengths:document:part=lengths()
        #counts:society?:part=postings.porter()
      )
  )

Dec 15, 2017 2:06:42 PM org.lemurproject.galago.core.tools.apps.BatchSearch run
INFO: RUNNING: 24 : why do we exist. how did the universe start? are we real and why is the world the way we see it is?
Dec 15, 2017 2:06:42 PM org.lemurproject.galago.core.tools.apps.BatchSearch run
INFO: Transformed Query:
#bm25fcomb:w=1.0(
    #dirichlet:collectionLength=5586611:maximumCount=29:nodeFrequency=5755:w=0.045454545454545456(
        #lengths:document:part=lengths()
        #counts:why:part=postings.porter()
      )
    #dirichlet:collectionLength=5586611:maximumCount=59:nodeFrequency=25423:w=0.045454545454545456(
        #lengths:document:part=lengths()
        #counts:do:part=postings.porter()
      )
    #dirichlet:collectionLength=5586611:maximumCount=169:nodeFrequency=67692:w=0.045454545454545456(
        #lengths:document:part=lengths()
        #counts:we:part=postings.porter()
      )
    #dirichlet:collectionLength=5586611:maximumCount=0:nodeFrequency=0:w=0.045454545454545456(
        #lengths:document:part=lengths()
        #inside(
            #extents:exist:part=postings.porter()
            #extents:how:part=extents()
          )
      )
    #dirichlet:collectionLength=5586611:maximumCount=22:nodeFrequency=5577:w=0.045454545454545456(
        #lengths:document:part=lengths()
        #counts:did:part=postings.porter()
      )
    #dirichlet:collectionLength=5586611:maximumCount=458:nodeFrequency=261366:w=0.045454545454545456(
        #lengths:document:part=lengths()
        #counts:the:part=postings.porter()
      )
    #dirichlet:collectionLength=5586611:maximumCount=65:nodeFrequency=2242:w=0.045454545454545456(
        #lengths:document:part=lengths()
        #counts:universe:part=postings.porter()
      )
    #dirichlet:collectionLength=5586611:maximumCount=0:nodeFrequency=0:w=0.045454545454545456(
        #lengths:document:part=lengths()
        #counts:start?:part=postings.porter()
      )
    #dirichlet:collectionLength=5586611:maximumCount=76:nodeFrequency=34466:w=0.045454545454545456(
        #lengths:document:part=lengths()
        #counts:are:part=postings.porter()
      )
    #dirichlet:collectionLength=5586611:maximumCount=169:nodeFrequency=67692:w=0.045454545454545456(
        #lengths:document:part=lengths()
        #counts:we:part=postings.porter()
      )
    #dirichlet:collectionLength=5586611:maximumCount=27:nodeFrequency=2561:w=0.045454545454545456(
        #lengths:document:part=lengths()
        #counts:real:part=postings.porter()
      )
    #dirichlet:collectionLength=5586611:maximumCount=345:nodeFrequency=191097:w=0.045454545454545456(
        #lengths:document:part=lengths()
        #counts:and:part=postings.porter()
      )
    #dirichlet:collectionLength=5586611:maximumCount=29:nodeFrequency=5755:w=0.045454545454545456(
        #lengths:document:part=lengths()
        #counts:why:part=postings.porter()
      )
    #dirichlet:collectionLength=5586611:maximumCount=187:nodeFrequency=76264:w=0.045454545454545456(
        #lengths:document:part=lengths()
        #counts:is:part=postings.porter()
      )
    #dirichlet:collectionLength=5586611:maximumCount=458:nodeFrequency=261366:w=0.045454545454545456(
        #lengths:document:part=lengths()
        #counts:the:part=postings.porter()
      )
    #dirichlet:collectionLength=5586611:maximumCount=57:nodeFrequency=13637:w=0.045454545454545456(
        #lengths:document:part=lengths()
        #counts:world:part=postings.porter()
      )
    #dirichlet:collectionLength=5586611:maximumCount=458:nodeFrequency=261366:w=0.045454545454545456(
        #lengths:document:part=lengths()
        #counts:the:part=postings.porter()
      )
    #dirichlet:collectionLength=5586611:maximumCount=27:nodeFrequency=11061:w=0.045454545454545456(
        #lengths:document:part=lengths()
        #counts:way:part=postings.porter()
      )
    #dirichlet:collectionLength=5586611:maximumCount=169:nodeFrequency=67692:w=0.045454545454545456(
        #lengths:document:part=lengths()
        #counts:we:part=postings.porter()
      )
    #dirichlet:collectionLength=5586611:maximumCount=62:nodeFrequency=12993:w=0.045454545454545456(
        #lengths:document:part=lengths()
        #counts:see:part=postings.porter()
      )
    #dirichlet:collectionLength=5586611:maximumCount=203:nodeFrequency=90613:w=0.045454545454545456(
        #lengths:document:part=lengths()
        #counts:it:part=postings.porter()
      )
    #dirichlet:collectionLength=5586611:maximumCount=0:nodeFrequency=0:w=0.045454545454545456(
        #lengths:document:part=lengths()
        #counts:is?:part=postings.porter()
      )
  )

Dec 15, 2017 2:06:42 PM org.lemurproject.galago.core.tools.apps.BatchSearch run
INFO: RUNNING: 25 : secret to happiness. when are we the happiest? can we become happier?
Dec 15, 2017 2:06:42 PM org.lemurproject.galago.core.tools.apps.BatchSearch run
INFO: Transformed Query:
#bm25fcomb:w=1.0(
    #dirichlet:collectionLength=5586611:maximumCount=24:nodeFrequency=632:w=0.09090909090909091(
        #lengths:document:part=lengths()
        #counts:secret:part=postings.porter()
      )
    #dirichlet:collectionLength=5586611:maximumCount=261:nodeFrequency=153747:w=0.09090909090909091(
        #lengths:document:part=lengths()
        #counts:to:part=postings.porter()
      )
    #dirichlet:collectionLength=5586611:maximumCount=0:nodeFrequency=0:w=0.09090909090909091(
        #lengths:document:part=lengths()
        #inside(
            #extents:happiness:part=postings.porter()
            #extents:when:part=extents()
          )
      )
    #dirichlet:collectionLength=5586611:maximumCount=76:nodeFrequency=34466:w=0.09090909090909091(
        #lengths:document:part=lengths()
        #counts:are:part=postings.porter()
      )
    #dirichlet:collectionLength=5586611:maximumCount=169:nodeFrequency=67692:w=0.09090909090909091(
        #lengths:document:part=lengths()
        #counts:we:part=postings.porter()
      )
    #dirichlet:collectionLength=5586611:maximumCount=458:nodeFrequency=261366:w=0.09090909090909091(
        #lengths:document:part=lengths()
        #counts:the:part=postings.porter()
      )
    #dirichlet:collectionLength=5586611:maximumCount=0:nodeFrequency=0:w=0.09090909090909091(
        #lengths:document:part=lengths()
        #counts:happiest?:part=postings.porter()
      )
    #dirichlet:collectionLength=5586611:maximumCount=56:nodeFrequency=25102:w=0.09090909090909091(
        #lengths:document:part=lengths()
        #counts:can:part=postings.porter()
      )
    #dirichlet:collectionLength=5586611:maximumCount=169:nodeFrequency=67692:w=0.09090909090909091(
        #lengths:document:part=lengths()
        #counts:we:part=postings.porter()
      )
    #dirichlet:collectionLength=5586611:maximumCount=12:nodeFrequency=3107:w=0.09090909090909091(
        #lengths:document:part=lengths()
        #counts:become:part=postings.porter()
      )
    #dirichlet:collectionLength=5586611:maximumCount=0:nodeFrequency=0:w=0.09090909090909091(
        #lengths:document:part=lengths()
        #counts:happier?:part=postings.porter()
      )
  )

